#
# There is insufficient memory for the Java Runtime Environment to continue.
# Native memory allocation (malloc) failed to allocate 284976 bytes for Chunk::new
# Possible reasons:
#   The system is out of physical RAM or swap space
#   In 32 bit mode, the process size limit was hit
# Possible solutions:
#   Reduce memory load on the system
#   Increase physical memory or swap space
#   Check if swap backing store is full
#   Use 64 bit Java on a 64 bit OS
#   Decrease Java heap size (-Xmx/-Xms)
#   Decrease number of Java threads
#   Decrease Java thread stack sizes (-Xss)
#   Set larger code cache with -XX:ReservedCodeCacheSize=
# This output file may be truncated or incomplete.
#
#  Out of Memory Error (allocation.cpp:388), pid=9152, tid=7512
#
# JRE version: Java(TM) SE Runtime Environment (8.0-b132) (build 1.8.0-b132)
# Java VM: Java HotSpot(TM) 64-Bit Server VM (25.0-b70 mixed mode windows-amd64 compressed oops)
# Failed to write core dump. Minidumps are not enabled by default on client versions of Windows
#

---------------  T H R E A D  ---------------

Current thread (0x000000001783d800):  JavaThread "C2 CompilerThread2" daemon [_thread_in_native, id=7512, stack(0x0000000017fc0000,0x00000000180c0000)]

Stack: [0x0000000017fc0000,0x00000000180c0000]
Native frames: (J=compiled Java code, j=interpreted, Vv=VM code, C=native code)
V  [jvm.dll+0x308e0a]


Current CompileTask:
C2:   2033 2087       4       com.android.dx.dex.code.LocalList::make (102 bytes)


---------------  P R O C E S S  ---------------

Java Threads: ( => current thread )
  0x0000000017b23800 JavaThread "pool-1-thread-1" [_thread_in_vm, id=8616, stack(0x000000001b1f0000,0x000000001b2f0000)]
  0x000000001785a000 JavaThread "Service Thread" daemon [_thread_blocked, id=6792, stack(0x00000000181c0000,0x00000000182c0000)]
  0x000000001783e000 JavaThread "C1 CompilerThread3" daemon [_thread_in_native, id=6668, stack(0x00000000180c0000,0x00000000181c0000)]
=>0x000000001783d800 JavaThread "C2 CompilerThread2" daemon [_thread_in_native, id=7512, stack(0x0000000017fc0000,0x00000000180c0000)]
  0x000000001782f800 JavaThread "C2 CompilerThread1" daemon [_thread_in_native, id=11512, stack(0x0000000017ec0000,0x0000000017fc0000)]
  0x00000000177e6000 JavaThread "C2 CompilerThread0" daemon [_thread_in_native, id=2688, stack(0x0000000017dc0000,0x0000000017ec0000)]
  0x00000000177e5000 JavaThread "Attach Listener" daemon [_thread_blocked, id=10568, stack(0x0000000017cc0000,0x0000000017dc0000)]
  0x00000000177e4000 JavaThread "Signal Dispatcher" daemon [_thread_blocked, id=8652, stack(0x0000000017bc0000,0x0000000017cc0000)]
  0x0000000002cb7800 JavaThread "Finalizer" daemon [_thread_blocked, id=7476, stack(0x00000000176c0000,0x00000000177c0000)]
  0x00000000157db800 JavaThread "Reference Handler" daemon [_thread_blocked, id=3180, stack(0x00000000175c0000,0x00000000176c0000)]
  0x0000000002abd800 JavaThread "main" [_thread_blocked, id=5716, stack(0x0000000002ac0000,0x0000000002bc0000)]

Other Threads:
  0x00000000157d7800 VMThread [stack: 0x00000000174c0000,0x00000000175c0000] [id=6840]
  0x000000001785c000 WatcherThread [stack: 0x00000000182c0000,0x00000000183c0000] [id=7900]

VM state:not at safepoint (normal execution)

VM Mutex/Monitor currently owned by a thread: None

Heap:
 PSYoungGen      total 33280K, used 15662K [0x00000000eab00000, 0x00000000ee500000, 0x0000000100000000)
  eden space 29184K, 39% used [0x00000000eab00000,0x00000000eb653ad8,0x00000000ec780000)
  from space 4096K, 99% used [0x00000000ec780000,0x00000000ecb78010,0x00000000ecb80000)
  to   space 6144K, 0% used [0x00000000edf00000,0x00000000edf00000,0x00000000ee500000)
 ParOldGen       total 129536K, used 13932K [0x00000000c0000000, 0x00000000c7e80000, 0x00000000eab00000)
  object space 129536K, 10% used [0x00000000c0000000,0x00000000c0d9b2e8,0x00000000c7e80000)
 Metaspace       used 6215K, capacity 7152K, committed 7296K, reserved 1056768K
  class space    used 610K, capacity 616K, committed 640K, reserved 1048576K

Card table byte_map: [0x0000000012080000,0x0000000012290000] byte_map_base: 0x0000000011a80000

Marking Bits: (ParMarkBitMap*) 0x0000000059b113b0
 Begin Bits: [0x0000000012bf0000, 0x0000000013bf0000)
 End Bits:   [0x0000000013bf0000, 0x0000000014bf0000)

Polling page: 0x0000000001220000

CodeCache: size=245760Kb used=7412Kb max_used=7423Kb free=238347Kb
 bounds [0x0000000002cc0000, 0x0000000003410000, 0x0000000011cc0000]
 total_blobs=2339 nmethods=2074 adapters=178
 compilation: enabled

Compilation events (10 events):
Event: 2.026 Thread 0x000000001783e000 2101       3       com.android.dx.dex.code.StdCatchBuilder::rangeIsValid (62 bytes)
Event: 2.027 Thread 0x000000001783e000 nmethod 2101 0x00000000033ec410 code [0x00000000033ec600, 0x00000000033ecff8]
Event: 2.027 Thread 0x000000001783e000 2102       3       com.android.dx.util.ByteArrayAnnotatedOutput::writeByte (51 bytes)
Event: 2.027 Thread 0x000000001783e000 nmethod 2102 0x00000000033ee850 code [0x00000000033ee9e0, 0x00000000033eed58]
Event: 2.027 Thread 0x000000001783e000 2104       3       com.android.dx.dex.code.form.Form31c::isCompatible (133 bytes)
Event: 2.028 Thread 0x000000001783e000 nmethod 2104 0x00000000033ea990 code [0x00000000033eabc0, 0x00000000033ebfc8]
Event: 2.028 Thread 0x000000001783e000 2105       3       com.android.dx.dex.code.InsnFormat::signedFitsInByte (12 bytes)
Event: 2.028 Thread 0x000000001783e000 nmethod 2105 0x00000000033ea610 code [0x00000000033ea760, 0x00000000033ea8f0]
Event: 2.029 Thread 0x000000001783e000 2106       3       com.android.dx.dex.code.LocalList$MakeState::checkForEmptyRange (198 bytes)
Event: 2.030 Thread 0x000000001782f800 nmethod 2095 0x00000000034003d0 code [0x0000000003400560, 0x0000000003400d48]

GC Heap History (10 events):
Event: 1.147 GC heap before
{Heap before GC invocations=11 (full 0):
 PSYoungGen      total 14336K, used 14304K [0x00000000eab00000, 0x00000000ebd00000, 0x0000000100000000)
  eden space 11776K, 100% used [0x00000000eab00000,0x00000000eb680000,0x00000000eb680000)
  from space 2560K, 98% used [0x00000000eb980000,0x00000000ebbf8010,0x00000000ebc00000)
  to   space 3072K, 0% used [0x00000000eb680000,0x00000000eb680000,0x00000000eb980000)
 ParOldGen       total 129536K, used 2344K [0x00000000c0000000, 0x00000000c7e80000, 0x00000000eab00000)
  object space 129536K, 1% used [0x00000000c0000000,0x00000000c024a350,0x00000000c7e80000)
 Metaspace       used 5719K, capacity 6768K, committed 7040K, reserved 1056768K
  class space    used 590K, capacity 616K, committed 640K, reserved 1048576K
Event: 1.154 GC heap after
Heap after GC invocations=11 (full 0):
 PSYoungGen      total 14848K, used 2112K [0x00000000eab00000, 0x00000000ec380000, 0x0000000100000000)
  eden space 11776K, 0% used [0x00000000eab00000,0x00000000eab00000,0x00000000eb680000)
  from space 3072K, 68% used [0x00000000eb680000,0x00000000eb890000,0x00000000eb980000)
  to   space 3072K, 0% used [0x00000000ec080000,0x00000000ec080000,0x00000000ec380000)
 ParOldGen       total 129536K, used 4488K [0x00000000c0000000, 0x00000000c7e80000, 0x00000000eab00000)
  object space 129536K, 3% used [0x00000000c0000000,0x00000000c0462110,0x00000000c7e80000)
 Metaspace       used 5719K, capacity 6768K, committed 7040K, reserved 1056768K
  class space    used 590K, capacity 616K, committed 640K, reserved 1048576K
}
Event: 1.223 GC heap before
{Heap before GC invocations=12 (full 0):
 PSYoungGen      total 14848K, used 13888K [0x00000000eab00000, 0x00000000ec380000, 0x0000000100000000)
  eden space 11776K, 100% used [0x00000000eab00000,0x00000000eb680000,0x00000000eb680000)
  from space 3072K, 68% used [0x00000000eb680000,0x00000000eb890000,0x00000000eb980000)
  to   space 3072K, 0% used [0x00000000ec080000,0x00000000ec080000,0x00000000ec380000)
 ParOldGen       total 129536K, used 4488K [0x00000000c0000000, 0x00000000c7e80000, 0x00000000eab00000)
  object space 129536K, 3% used [0x00000000c0000000,0x00000000c0462110,0x00000000c7e80000)
 Metaspace       used 5769K, capacity 6832K, committed 7040K, reserved 1056768K
  class space    used 591K, capacity 616K, committed 640K, reserved 1048576K
Event: 1.228 GC heap after
Heap after GC invocations=12 (full 0):
 PSYoungGen      total 21504K, used 1856K [0x00000000eab00000, 0x00000000ec480000, 0x0000000100000000)
  eden space 18432K, 0% used [0x00000000eab00000,0x00000000eab00000,0x00000000ebd00000)
  from space 3072K, 60% used [0x00000000ec080000,0x00000000ec250010,0x00000000ec380000)
  to   space 3584K, 0% used [0x00000000ebd00000,0x00000000ebd00000,0x00000000ec080000)
 ParOldGen       total 129536K, used 6130K [0x00000000c0000000, 0x00000000c7e80000, 0x00000000eab00000)
  object space 129536K, 4% used [0x00000000c0000000,0x00000000c05fca58,0x00000000c7e80000)
 Metaspace       used 5769K, capacity 6832K, committed 7040K, reserved 1056768K
  class space    used 591K, capacity 616K, committed 640K, reserved 1048576K
}
Event: 1.408 GC heap before
{Heap before GC invocations=13 (full 0):
 PSYoungGen      total 21504K, used 20288K [0x00000000eab00000, 0x00000000ec480000, 0x0000000100000000)
  eden space 18432K, 100% used [0x00000000eab00000,0x00000000ebd00000,0x00000000ebd00000)
  from space 3072K, 60% used [0x00000000ec080000,0x00000000ec250010,0x00000000ec380000)
  to   space 3584K, 0% used [0x00000000ebd00000,0x00000000ebd00000,0x00000000ec080000)
 ParOldGen       total 129536K, used 6130K [0x00000000c0000000, 0x00000000c7e80000, 0x00000000eab00000)
  object space 129536K, 4% used [0x00000000c0000000,0x00000000c05fca58,0x00000000c7e80000)
 Metaspace       used 5869K, capacity 6896K, committed 7040K, reserved 1056768K
  class space    used 591K, capacity 616K, committed 640K, reserved 1048576K
Event: 1.415 GC heap after
Heap after GC invocations=13 (full 0):
 PSYoungGen      total 22016K, used 3168K [0x00000000eab00000, 0x00000000ecf00000, 0x0000000100000000)
  eden space 18432K, 0% used [0x00000000eab00000,0x00000000eab00000,0x00000000ebd00000)
  from space 3584K, 88% used [0x00000000ebd00000,0x00000000ec018000,0x00000000ec080000)
  to   space 3584K, 0% used [0x00000000ecb80000,0x00000000ecb80000,0x00000000ecf00000)
 ParOldGen       total 129536K, used 7778K [0x00000000c0000000, 0x00000000c7e80000, 0x00000000eab00000)
  object space 129536K, 6% used [0x00000000c0000000,0x00000000c0798b38,0x00000000c7e80000)
 Metaspace       used 5869K, capacity 6896K, committed 7040K, reserved 1056768K
  class space    used 591K, capacity 616K, committed 640K, reserved 1048576K
}
Event: 1.477 GC heap before
{Heap before GC invocations=14 (full 0):
 PSYoungGen      total 22016K, used 21600K [0x00000000eab00000, 0x00000000ecf00000, 0x0000000100000000)
  eden space 18432K, 100% used [0x00000000eab00000,0x00000000ebd00000,0x00000000ebd00000)
  from space 3584K, 88% used [0x00000000ebd00000,0x00000000ec018000,0x00000000ec080000)
  to   space 3584K, 0% used [0x00000000ecb80000,0x00000000ecb80000,0x00000000ecf00000)
 ParOldGen       total 129536K, used 7778K [0x00000000c0000000, 0x00000000c7e80000, 0x00000000eab00000)
  object space 129536K, 6% used [0x00000000c0000000,0x00000000c0798b38,0x00000000c7e80000)
 Metaspace       used 5911K, capacity 6960K, committed 7040K, reserved 1056768K
  class space    used 592K, capacity 616K, committed 640K, reserved 1048576K
Event: 1.496 GC heap after
Heap after GC invocations=14 (full 0):
 PSYoungGen      total 32768K, used 3136K [0x00000000eab00000, 0x00000000ed000000, 0x0000000100000000)
  eden space 29184K, 0% used [0x00000000eab00000,0x00000000eab00000,0x00000000ec780000)
  from space 3584K, 87% used [0x00000000ecb80000,0x00000000ece90000,0x00000000ecf00000)
  to   space 4096K, 0% used [0x00000000ec780000,0x00000000ec780000,0x00000000ecb80000)
 ParOldGen       total 129536K, used 10649K [0x00000000c0000000, 0x00000000c7e80000, 0x00000000eab00000)
  object space 129536K, 8% used [0x00000000c0000000,0x00000000c0a66558,0x00000000c7e80000)
 Metaspace       used 5911K, capacity 6960K, committed 7040K, reserved 1056768K
  class space    used 592K, capacity 616K, committed 640K, reserved 1048576K
}
Event: 1.576 GC heap before
{Heap before GC invocations=15 (full 0):
 PSYoungGen      total 32768K, used 32320K [0x00000000eab00000, 0x00000000ed000000, 0x0000000100000000)
  eden space 29184K, 100% used [0x00000000eab00000,0x00000000ec780000,0x00000000ec780000)
  from space 3584K, 87% used [0x00000000ecb80000,0x00000000ece90000,0x00000000ecf00000)
  to   space 4096K, 0% used [0x00000000ec780000,0x00000000ec780000,0x00000000ecb80000)
 ParOldGen       total 129536K, used 10649K [0x00000000c0000000, 0x00000000c7e80000, 0x00000000eab00000)
  object space 129536K, 8% used [0x00000000c0000000,0x00000000c0a66558,0x00000000c7e80000)
 Metaspace       used 5948K, capacity 6960K, committed 7040K, reserved 1056768K
  class space    used 592K, capacity 616K, committed 640K, reserved 1048576K
Event: 1.589 GC heap after
Heap after GC invocations=15 (full 0):
 PSYoungGen      total 33280K, used 4064K [0x00000000eab00000, 0x00000000ee500000, 0x0000000100000000)
  eden space 29184K, 0% used [0x00000000eab00000,0x00000000eab00000,0x00000000ec780000)
  from space 4096K, 99% used [0x00000000ec780000,0x00000000ecb78010,0x00000000ecb80000)
  to   space 6144K, 0% used [0x00000000edf00000,0x00000000edf00000,0x00000000ee500000)
 ParOldGen       total 129536K, used 13932K [0x00000000c0000000, 0x00000000c7e80000, 0x00000000eab00000)
  object space 129536K, 10% used [0x00000000c0000000,0x00000000c0d9b2e8,0x00000000c7e80000)
 Metaspace       used 5948K, capacity 6960K, committed 7040K, reserved 1056768K
  class space    used 592K, capacity 616K, committed 640K, reserved 1048576K
}

Deoptimization events (10 events):
Event: 1.673 Thread 0x0000000017b23800 Uncommon trap: reason=bimorphic action=maybe_recompile pc=0x0000000002ef82a4 method=java.util.HashMap.getNode(ILjava/lang/Object;)Ljava/util/HashMap$Node; @ 126
Event: 1.673 Thread 0x0000000017b23800 Uncommon trap: reason=bimorphic action=maybe_recompile pc=0x0000000002ef82a4 method=java.util.HashMap.getNode(ILjava/lang/Object;)Ljava/util/HashMap$Node; @ 126
Event: 1.673 Thread 0x0000000017b23800 Uncommon trap: reason=bimorphic action=maybe_recompile pc=0x0000000002ee4808 method=java.util.HashMap.getNode(ILjava/lang/Object;)Ljava/util/HashMap$Node; @ 126
Event: 1.673 Thread 0x0000000017b23800 Uncommon trap: reason=class_check action=maybe_recompile pc=0x0000000002ffbefc method=java.util.HashMap.putVal(ILjava/lang/Object;Ljava/lang/Object;ZZ)Ljava/lang/Object; @ 203
Event: 1.674 Thread 0x0000000017b23800 Uncommon trap: reason=class_check action=maybe_recompile pc=0x0000000002ffbefc method=java.util.HashMap.putVal(ILjava/lang/Object;Ljava/lang/Object;ZZ)Ljava/lang/Object; @ 203
Event: 1.674 Thread 0x0000000017b23800 Uncommon trap: reason=class_check action=maybe_recompile pc=0x0000000002ffbefc method=java.util.HashMap.putVal(ILjava/lang/Object;Ljava/lang/Object;ZZ)Ljava/lang/Object; @ 203
Event: 1.674 Thread 0x0000000017b23800 Uncommon trap: reason=class_check action=maybe_recompile pc=0x0000000002ffbefc method=java.util.HashMap.putVal(ILjava/lang/Object;Ljava/lang/Object;ZZ)Ljava/lang/Object; @ 203
Event: 1.674 Thread 0x0000000017b23800 Uncommon trap: reason=class_check action=maybe_recompile pc=0x0000000002ffa23c method=java.util.HashMap.putVal(ILjava/lang/Object;Ljava/lang/Object;ZZ)Ljava/lang/Object; @ 203
Event: 1.859 Thread 0x0000000017b23800 Uncommon trap: reason=unreached action=reinterpret pc=0x000000000337f078 method=com.android.dx.dex.code.OutputFinisher.findOpcodeForInsn(Lcom/android/dx/dex/code/DalvInsn;Lcom/android/dx/dex/code/Dop;)Lcom/android/dx/dex/code/Dop; @ 1
Event: 1.952 Thread 0x0000000017b23800 Uncommon trap: reason=unreached action=reinterpret pc=0x00000000033e9da8 method=com.android.dx.dex.code.LocalList$MakeState.aboutToProcess(II)V @ 86

Internal exceptions (10 events):
Event: 1.833 Thread 0x0000000017b23800 Exception <a 'java/security/PrivilegedActionException'> (0x00000000eb368048) thrown at [D:\re\workspace\8-2-build-windows-amd64-cygwin\jdk8\2238\hotspot\src\share\vm\prims\jvm.cpp, line 1248]
Event: 1.834 Thread 0x0000000017b23800 Exception <a 'java/security/PrivilegedActionException'> (0x00000000eb36d2e8) thrown at [D:\re\workspace\8-2-build-windows-amd64-cygwin\jdk8\2238\hotspot\src\share\vm\prims\jvm.cpp, line 1248]
Event: 1.834 Thread 0x0000000017b23800 Exception <a 'java/security/PrivilegedActionException'> (0x00000000eb373920) thrown at [D:\re\workspace\8-2-build-windows-amd64-cygwin\jdk8\2238\hotspot\src\share\vm\prims\jvm.cpp, line 1248]
Event: 1.835 Thread 0x0000000017b23800 Exception <a 'java/security/PrivilegedActionException'> (0x00000000eb376940) thrown at [D:\re\workspace\8-2-build-windows-amd64-cygwin\jdk8\2238\hotspot\src\share\vm\prims\jvm.cpp, line 1248]
Event: 1.835 Thread 0x0000000017b23800 Exception <a 'java/security/PrivilegedActionException'> (0x00000000eb37b848) thrown at [D:\re\workspace\8-2-build-windows-amd64-cygwin\jdk8\2238\hotspot\src\share\vm\prims\jvm.cpp, line 1248]
Event: 1.836 Thread 0x0000000017b23800 Exception <a 'java/security/PrivilegedActionException'> (0x00000000eb37ffa8) thrown at [D:\re\workspace\8-2-build-windows-amd64-cygwin\jdk8\2238\hotspot\src\share\vm\prims\jvm.cpp, line 1248]
Event: 1.843 Thread 0x0000000017b23800 Exception <a 'java/security/PrivilegedActionException'> (0x00000000eb3935d8) thrown at [D:\re\workspace\8-2-build-windows-amd64-cygwin\jdk8\2238\hotspot\src\share\vm\prims\jvm.cpp, line 1248]
Event: 1.844 Thread 0x0000000017b23800 Exception <a 'java/security/PrivilegedActionException'> (0x00000000eb396b28) thrown at [D:\re\workspace\8-2-build-windows-amd64-cygwin\jdk8\2238\hotspot\src\share\vm\prims\jvm.cpp, line 1248]
Event: 1.844 Thread 0x0000000017b23800 Exception <a 'java/security/PrivilegedActionException'> (0x00000000eb399d68) thrown at [D:\re\workspace\8-2-build-windows-amd64-cygwin\jdk8\2238\hotspot\src\share\vm\prims\jvm.cpp, line 1248]
Event: 1.860 Thread 0x0000000017b23800 Exception <a 'java/security/PrivilegedActionException'> (0x00000000eb3c80f8) thrown at [D:\re\workspace\8-2-build-windows-amd64-cygwin\jdk8\2238\hotspot\src\share\vm\prims\jvm.cpp, line 1248]

Events (10 events):
Event: 1.844 loading class com/android/dx/util/ByteArrayAnnotatedOutput
Event: 1.844 loading class com/android/dx/util/ByteArrayAnnotatedOutput done
Event: 1.859 Thread 0x0000000017b23800 Uncommon trap: trap_request=0xffffffad fr.pc=0x000000000337f078
Event: 1.859 Thread 0x0000000017b23800 DEOPT PACKING pc=0x000000000337f078 sp=0x000000001b2eef10
Event: 1.859 Thread 0x0000000017b23800 DEOPT UNPACKING pc=0x0000000002d055af sp=0x000000001b2eeec8 mode 2
Event: 1.860 loading class com/android/dx/rop/code/RegisterSpecList$Expander
Event: 1.860 loading class com/android/dx/rop/code/RegisterSpecList$Expander done
Event: 1.952 Thread 0x0000000017b23800 Uncommon trap: trap_request=0xffffffad fr.pc=0x00000000033e9da8
Event: 1.952 Thread 0x0000000017b23800 DEOPT PACKING pc=0x00000000033e9da8 sp=0x000000001b2eef10
Event: 1.952 Thread 0x0000000017b23800 DEOPT UNPACKING pc=0x0000000002d055af sp=0x000000001b2eeec0 mode 2


Dynamic libraries:
0x00007ff627de0000 - 0x00007ff627e14000 	C:\Program Files\Java\jdk1.8.0\bin\java.exe
0x00007ffb0c200000 - 0x00007ffb0c3c1000 	C:\WINDOWS\SYSTEM32\ntdll.dll
0x00007ffb0b830000 - 0x00007ffb0b8dd000 	C:\WINDOWS\system32\KERNEL32.DLL
0x00007ffb08b00000 - 0x00007ffb08ce8000 	C:\WINDOWS\system32\KERNELBASE.dll
0x00007ffb0b770000 - 0x00007ffb0b817000 	C:\WINDOWS\system32\ADVAPI32.dll
0x00007ffb0bf10000 - 0x00007ffb0bfad000 	C:\WINDOWS\system32\msvcrt.dll
0x00007ffb0b8e0000 - 0x00007ffb0b93b000 	C:\WINDOWS\system32\sechost.dll
0x00007ffb097b0000 - 0x00007ffb098cc000 	C:\WINDOWS\system32\RPCRT4.dll
0x00007ffb0b060000 - 0x00007ffb0b1b6000 	C:\WINDOWS\system32\USER32.dll
0x00007ffb0bd80000 - 0x00007ffb0bf06000 	C:\WINDOWS\system32\GDI32.dll
0x00007ffb05130000 - 0x00007ffb053a4000 	C:\WINDOWS\WinSxS\amd64_microsoft.windows.common-controls_6595b64144ccf1df_6.0.10586.494_none_a2d8b04ea53e3145\COMCTL32.dll
0x00007ffb0baf0000 - 0x00007ffb0bd6d000 	C:\WINDOWS\system32\combase.dll
0x00007ffb089d0000 - 0x00007ffb08a3a000 	C:\WINDOWS\system32\bcryptPrimitives.dll
0x00007ffb0b020000 - 0x00007ffb0b05b000 	C:\WINDOWS\system32\IMM32.DLL
0x000000005a830000 - 0x000000005a902000 	C:\Program Files\Java\jdk1.8.0\jre\bin\msvcr100.dll
0x0000000059360000 - 0x0000000059b8a000 	C:\Program Files\Java\jdk1.8.0\jre\bin\server\jvm.dll
0x00007ffb0bd70000 - 0x00007ffb0bd78000 	C:\WINDOWS\system32\PSAPI.DLL
0x00007ffafde90000 - 0x00007ffafde99000 	C:\WINDOWS\SYSTEM32\WSOCK32.dll
0x00007ffb06e60000 - 0x00007ffb06e83000 	C:\WINDOWS\SYSTEM32\WINMM.dll
0x00007ffb098d0000 - 0x00007ffb0993b000 	C:\WINDOWS\system32\WS2_32.dll
0x00007ffb06e00000 - 0x00007ffb06e2c000 	C:\WINDOWS\SYSTEM32\WINMMBASE.dll
0x00007ffb08f20000 - 0x00007ffb08f63000 	C:\WINDOWS\system32\cfgmgr32.dll
0x000000005bae0000 - 0x000000005baef000 	C:\Program Files\Java\jdk1.8.0\jre\bin\verify.dll
0x000000005b990000 - 0x000000005b9b8000 	C:\Program Files\Java\jdk1.8.0\jre\bin\java.dll
0x000000005ad90000 - 0x000000005ada6000 	C:\Program Files\Java\jdk1.8.0\jre\bin\zip.dll
0x00007ffb09ac0000 - 0x00007ffb0b01c000 	C:\WINDOWS\system32\SHELL32.dll
0x00007ffb08f90000 - 0x00007ffb095d5000 	C:\WINDOWS\system32\windows.storage.dll
0x00007ffb0bfb0000 - 0x00007ffb0c002000 	C:\WINDOWS\system32\shlwapi.dll
0x00007ffb08880000 - 0x00007ffb0888f000 	C:\WINDOWS\system32\kernel.appcore.dll
0x00007ffb08a40000 - 0x00007ffb08af5000 	C:\WINDOWS\system32\shcore.dll
0x00007ffb08810000 - 0x00007ffb0885b000 	C:\WINDOWS\system32\powrprof.dll
0x00007ffb08860000 - 0x00007ffb08874000 	C:\WINDOWS\system32\profapi.dll

VM Arguments:
jvm_args: -Djava.awt.headless=true -Xmx1024M -Dfile.encoding=windows-1250 -Duser.country=PL -Duser.language=pl -Duser.variant 
java_command: com.android.dx.command.Main --dex --force-jumbo --num-threads=4 --multi-dex --output D:\Projects\AndroidStudioProjects\Nyndro\app\build\intermediates\transforms\dex\debug\folders\1000\10\internal_impl-24.0.0_53d3ba26e5bec830541048c12c4d3700c6077a38 D:\Projects\AndroidStudioProjects\Nyndro\app\build\intermediates\exploded-aar\com.android.support\support-v4\24.0.0\jars\libs\internal_impl-24.0.0.jar
java_class_path (initial): C:\Users\Marek\AppData\Local\Android\sdk\build-tools\23.0.3\lib\dx.jar
Launcher Type: SUN_STANDARD

Environment Variables:
JAVA_HOME=C:\Program Files\Java\jdk1.8.0
PATH=D:\oracledb\app\oracle\product\11.2.0\server\bin;;C:\ProgramData\Oracle\Java\javapath;C:\Program Files (x86)\Intel\iCLS Client\;C:\Program Files\Intel\iCLS Client\;C:\Windows\system32;C:\Windows;C:\Windows\System32\Wbem;C:\Windows\System32\WindowsPowerShell\v1.0\;C:\Program Files\Intel\WiFi\bin\;C:\Program Files\Common Files\Intel\WirelessCommon\;C:\Program Files\Intel\Intel(R) Management Engine Components\DAL;C:\Program Files\Intel\Intel(R) Management Engine Components\IPT;C:\Program Files (x86)\Intel\Intel(R) Management Engine Components\DAL;C:\Program Files (x86)\Intel\Intel(R) Management Engine Components\IPT;c:\Program Files (x86)\Microsoft SQL Server\100\Tools\Binn\;c:\Program Files\Microsoft SQL Server\100\Tools\Binn\;c:\Program Files\Microsoft SQL Server\100\DTS\Binn\;C:\Program Files (x86)\NVIDIA Corporation\PhysX\Common;C:\Program Files (x86)\IVI Foundation\VISA\WinNT\Bin;C:\WINDOWS\system32;C:\WINDOWS;C:\WINDOWS\System32\Wbem;C:\WINDOWS\System32\WindowsPowerShell\v1.0\;C:\Program Files (x86)\Skype\Phone\;C:\Program Files (x86)\Common Files\Seagate\SnapAPI\;C:\Program Files\Intel\WiFi\bin\;C:\Program Files\Common Files\Intel\WirelessCommon\;C:\Program Files (x86)\Common Files\Acronis\TibMounter64
USERNAME=Marek
OS=Windows_NT
PROCESSOR_IDENTIFIER=Intel64 Family 6 Model 60 Stepping 3, GenuineIntel



---------------  S Y S T E M  ---------------

OS: Windows 8.1 , 64 bit Build 9600 

CPU:total 8 (4 cores per cpu, 2 threads per core) family 6 model 60 stepping 3, cmov, cx8, fxsr, mmx, sse, sse2, sse3, ssse3, sse4.1, sse4.2, popcnt, avx, avx2, aes, clmul, erms, ht, tsc, tscinvbit

Memory: 4k page, physical 8337772k(964844k free), swap 10434924k(2908k free)

vm_info: Java HotSpot(TM) 64-Bit Server VM (25.0-b70) for windows-amd64 JRE (1.8.0-b132), built on Mar  4 2014 03:46:18 by "java_re" with MS VC++ 10.0 (VS2010)

time: Thu Jul 21 17:08:05 2016
elapsed time: 2 seconds

