#
# There is insufficient memory for the Java Runtime Environment to continue.
# Native memory allocation (malloc) failed to allocate 771456 bytes for Chunk::new
# Possible reasons:
#   The system is out of physical RAM or swap space
#   In 32 bit mode, the process size limit was hit
# Possible solutions:
#   Reduce memory load on the system
#   Increase physical memory or swap space
#   Check if swap backing store is full
#   Use 64 bit Java on a 64 bit OS
#   Decrease Java heap size (-Xmx/-Xms)
#   Decrease number of Java threads
#   Decrease Java thread stack sizes (-Xss)
#   Set larger code cache with -XX:ReservedCodeCacheSize=
# This output file may be truncated or incomplete.
#
#  Out of Memory Error (allocation.cpp:388), pid=9292, tid=5644
#
# JRE version: Java(TM) SE Runtime Environment (8.0-b132) (build 1.8.0-b132)
# Java VM: Java HotSpot(TM) 64-Bit Server VM (25.0-b70 mixed mode windows-amd64 compressed oops)
# Failed to write core dump. Minidumps are not enabled by default on client versions of Windows
#

---------------  T H R E A D  ---------------

Current thread (0x0000000017957800):  JavaThread "C2 CompilerThread2" daemon [_thread_in_native, id=5644, stack(0x0000000018120000,0x0000000018220000)]

Stack: [0x0000000018120000,0x0000000018220000]
Native frames: (J=compiled Java code, j=interpreted, Vv=VM code, C=native code)
V  [jvm.dll+0x308e0a]


Current CompileTask:
C2:   1157 1409       4       com.android.dx.ssa.LocalVariableExtractor::processBlock (383 bytes)


---------------  P R O C E S S  ---------------

Java Threads: ( => current thread )
  0x0000000017ced800 JavaThread "pool-2-thread-4" [_thread_blocked, id=11416, stack(0x0000000019120000,0x0000000019220000)]
  0x0000000017ced000 JavaThread "pool-2-thread-3" [_thread_in_Java, id=3308, stack(0x0000000019020000,0x0000000019120000)]
  0x0000000018705000 JavaThread "pool-2-thread-2" [_thread_blocked, id=6420, stack(0x0000000018f20000,0x0000000019020000)]
  0x0000000018704000 JavaThread "pool-3-thread-1" [_thread_blocked, id=11528, stack(0x0000000018e20000,0x0000000018f20000)]
  0x0000000018708000 JavaThread "pool-2-thread-1" [_thread_in_Java, id=5156, stack(0x0000000018d20000,0x0000000018e20000)]
  0x00000000179d7800 JavaThread "Service Thread" daemon [_thread_blocked, id=8788, stack(0x0000000018320000,0x0000000018420000)]
  0x0000000017970800 JavaThread "C1 CompilerThread3" daemon [_thread_blocked, id=10548, stack(0x0000000018220000,0x0000000018320000)]
=>0x0000000017957800 JavaThread "C2 CompilerThread2" daemon [_thread_in_native, id=5644, stack(0x0000000018120000,0x0000000018220000)]
  0x000000001794a800 JavaThread "C2 CompilerThread1" daemon [_thread_in_native, id=8468, stack(0x0000000018020000,0x0000000018120000)]
  0x0000000017948000 JavaThread "C2 CompilerThread0" daemon [_thread_in_native, id=6808, stack(0x0000000017f20000,0x0000000018020000)]
  0x0000000017945800 JavaThread "Attach Listener" daemon [_thread_blocked, id=4556, stack(0x0000000017e20000,0x0000000017f20000)]
  0x0000000017945000 JavaThread "Signal Dispatcher" daemon [_thread_blocked, id=9436, stack(0x0000000017d20000,0x0000000017e20000)]
  0x0000000002e11800 JavaThread "Finalizer" daemon [_thread_blocked, id=7396, stack(0x0000000017820000,0x0000000017920000)]
  0x000000001593c000 JavaThread "Reference Handler" daemon [_thread_blocked, id=8772, stack(0x0000000017720000,0x0000000017820000)]
  0x0000000002d1d800 JavaThread "main" [_thread_in_Java, id=900, stack(0x0000000002c00000,0x0000000002d00000)]

Other Threads:
  0x0000000015938000 VMThread [stack: 0x0000000017620000,0x0000000017720000] [id=11508]
  0x00000000179d9800 WatcherThread [stack: 0x0000000018420000,0x0000000018520000] [id=3356]

VM state:not at safepoint (normal execution)

VM Mutex/Monitor currently owned by a thread: None

Heap:
 PSYoungGen      total 24064K, used 9367K [0x00000000eab00000, 0x00000000ed380000, 0x0000000100000000)
  eden space 19968K, 29% used [0x00000000eab00000,0x00000000eb0adf08,0x00000000ebe80000)
  from space 4096K, 86% used [0x00000000ebe80000,0x00000000ec1f8010,0x00000000ec280000)
  to   space 4608K, 0% used [0x00000000ecf00000,0x00000000ecf00000,0x00000000ed380000)
 ParOldGen       total 129536K, used 8947K [0x00000000c0000000, 0x00000000c7e80000, 0x00000000eab00000)
  object space 129536K, 6% used [0x00000000c0000000,0x00000000c08bcea0,0x00000000c7e80000)
 Metaspace       used 5879K, capacity 6896K, committed 7040K, reserved 1056768K
  class space    used 592K, capacity 616K, committed 640K, reserved 1048576K

Card table byte_map: [0x00000000121e0000,0x00000000123f0000] byte_map_base: 0x0000000011be0000

Marking Bits: (ParMarkBitMap*) 0x0000000059b113b0
 Begin Bits: [0x0000000012d50000, 0x0000000013d50000)
 End Bits:   [0x0000000013d50000, 0x0000000014d50000)

Polling page: 0x0000000002b40000

CodeCache: size=245760Kb used=5315Kb max_used=5315Kb free=240444Kb
 bounds [0x0000000002e20000, 0x0000000003360000, 0x0000000011e20000]
 total_blobs=1691 nmethods=1427 adapters=178
 compilation: enabled

Compilation events (10 events):
Event: 1.152 Thread 0x0000000017970800 nmethod 1447 0x000000000334bad0 code [0x000000000334bea0, 0x000000000334d058]
Event: 1.152 Thread 0x0000000017970800 1448       2       com.android.dx.cf.code.OneLocalsArray::set (10 bytes)
Event: 1.152 Thread 0x0000000017970800 nmethod 1448 0x000000000334f0d0 code [0x000000000334f240, 0x000000000334f3c8]
Event: 1.152 Thread 0x0000000017970800 1449       2       com.android.dx.rop.code.RegisterSpec::getFrameType (10 bytes)
Event: 1.152 Thread 0x0000000017970800 nmethod 1449 0x000000000334f490 code [0x000000000334f600, 0x000000000334f788]
Event: 1.153 Thread 0x0000000017970800 1450   !   2       com.android.dx.cf.code.Merger::mergeStack (192 bytes)
Event: 1.154 Thread 0x0000000017970800 nmethod 1450 0x000000000334f810 code [0x000000000334faa0, 0x0000000003350458]
Event: 1.154 Thread 0x0000000017970800 1451       2       com.android.dx.cf.code.Frame::mergeSubroutineLists (90 bytes)
Event: 1.155 Thread 0x0000000017970800 nmethod 1451 0x0000000003350f10 code [0x00000000033510c0, 0x0000000003351428]
Event: 1.155 Thread 0x0000000017970800 1452       2       com.android.dx.rop.code.ThrowingInsn::<init> (49 bytes)

GC Heap History (10 events):
Event: 0.481 GC heap before
{Heap before GC invocations=9 (full 0):
 PSYoungGen      total 9216K, used 8224K [0x00000000eab00000, 0x00000000eb500000, 0x0000000100000000)
  eden space 8192K, 100% used [0x00000000eab00000,0x00000000eb300000,0x00000000eb300000)
  from space 1024K, 3% used [0x00000000eb400000,0x00000000eb408000,0x00000000eb500000)
  to   space 1024K, 0% used [0x00000000eb300000,0x00000000eb300000,0x00000000eb400000)
 ParOldGen       total 129536K, used 1032K [0x00000000c0000000, 0x00000000c7e80000, 0x00000000eab00000)
  object space 129536K, 0% used [0x00000000c0000000,0x00000000c0102258,0x00000000c7e80000)
 Metaspace       used 5291K, capacity 6384K, committed 6528K, reserved 1056768K
  class space    used 580K, capacity 616K, committed 640K, reserved 1048576K
Event: 0.489 GC heap after
Heap after GC invocations=9 (full 0):
 PSYoungGen      total 9216K, used 999K [0x00000000eab00000, 0x00000000ebc00000, 0x0000000100000000)
  eden space 8192K, 0% used [0x00000000eab00000,0x00000000eab00000,0x00000000eb300000)
  from space 1024K, 97% used [0x00000000eb300000,0x00000000eb3f9c68,0x00000000eb400000)
  to   space 2048K, 0% used [0x00000000eba00000,0x00000000eba00000,0x00000000ebc00000)
 ParOldGen       total 129536K, used 2385K [0x00000000c0000000, 0x00000000c7e80000, 0x00000000eab00000)
  object space 129536K, 1% used [0x00000000c0000000,0x00000000c02545d8,0x00000000c7e80000)
 Metaspace       used 5291K, capacity 6384K, committed 6528K, reserved 1056768K
  class space    used 580K, capacity 616K, committed 640K, reserved 1048576K
}
Event: 0.653 GC heap before
{Heap before GC invocations=10 (full 0):
 PSYoungGen      total 9216K, used 9191K [0x00000000eab00000, 0x00000000ebc00000, 0x0000000100000000)
  eden space 8192K, 100% used [0x00000000eab00000,0x00000000eb300000,0x00000000eb300000)
  from space 1024K, 97% used [0x00000000eb300000,0x00000000eb3f9c68,0x00000000eb400000)
  to   space 2048K, 0% used [0x00000000eba00000,0x00000000eba00000,0x00000000ebc00000)
 ParOldGen       total 129536K, used 2385K [0x00000000c0000000, 0x00000000c7e80000, 0x00000000eab00000)
  object space 129536K, 1% used [0x00000000c0000000,0x00000000c02545d8,0x00000000c7e80000)
 Metaspace       used 5650K, capacity 6704K, committed 6784K, reserved 1056768K
  class space    used 590K, capacity 616K, committed 640K, reserved 1048576K
Event: 0.660 GC heap after
Heap after GC invocations=10 (full 0):
 PSYoungGen      total 14848K, used 2042K [0x00000000eab00000, 0x00000000ebd00000, 0x0000000100000000)
  eden space 12800K, 0% used [0x00000000eab00000,0x00000000eab00000,0x00000000eb780000)
  from space 2048K, 99% used [0x00000000eba00000,0x00000000ebbfea30,0x00000000ebc00000)
  to   space 2560K, 0% used [0x00000000eb780000,0x00000000eb780000,0x00000000eba00000)
 ParOldGen       total 129536K, used 2915K [0x00000000c0000000, 0x00000000c7e80000, 0x00000000eab00000)
  object space 129536K, 2% used [0x00000000c0000000,0x00000000c02d8cc8,0x00000000c7e80000)
 Metaspace       used 5650K, capacity 6704K, committed 6784K, reserved 1056768K
  class space    used 590K, capacity 616K, committed 640K, reserved 1048576K
}
Event: 0.833 GC heap before
{Heap before GC invocations=11 (full 0):
 PSYoungGen      total 14848K, used 14842K [0x00000000eab00000, 0x00000000ebd00000, 0x0000000100000000)
  eden space 12800K, 100% used [0x00000000eab00000,0x00000000eb780000,0x00000000eb780000)
  from space 2048K, 99% used [0x00000000eba00000,0x00000000ebbfea30,0x00000000ebc00000)
  to   space 2560K, 0% used [0x00000000eb780000,0x00000000eb780000,0x00000000eba00000)
 ParOldGen       total 129536K, used 2915K [0x00000000c0000000, 0x00000000c7e80000, 0x00000000eab00000)
  object space 129536K, 2% used [0x00000000c0000000,0x00000000c02d8cc8,0x00000000c7e80000)
 Metaspace       used 5759K, capacity 6768K, committed 7040K, reserved 1056768K
  class space    used 592K, capacity 616K, committed 640K, reserved 1048576K
Event: 0.875 GC heap after
Heap after GC invocations=11 (full 0):
 PSYoungGen      total 15360K, used 2550K [0x00000000eab00000, 0x00000000ec600000, 0x0000000100000000)
  eden space 12800K, 0% used [0x00000000eab00000,0x00000000eab00000,0x00000000eb780000)
  from space 2560K, 99% used [0x00000000eb780000,0x00000000eb9fd868,0x00000000eba00000)
  to   space 3584K, 0% used [0x00000000ec280000,0x00000000ec280000,0x00000000ec600000)
 ParOldGen       total 129536K, used 4920K [0x00000000c0000000, 0x00000000c7e80000, 0x00000000eab00000)
  object space 129536K, 3% used [0x00000000c0000000,0x00000000c04ce018,0x00000000c7e80000)
 Metaspace       used 5759K, capacity 6768K, committed 7040K, reserved 1056768K
  class space    used 592K, capacity 616K, committed 640K, reserved 1048576K
}
Event: 0.945 GC heap before
{Heap before GC invocations=12 (full 0):
 PSYoungGen      total 15360K, used 15350K [0x00000000eab00000, 0x00000000ec600000, 0x0000000100000000)
  eden space 12800K, 100% used [0x00000000eab00000,0x00000000eb780000,0x00000000eb780000)
  from space 2560K, 99% used [0x00000000eb780000,0x00000000eb9fd868,0x00000000eba00000)
  to   space 3584K, 0% used [0x00000000ec280000,0x00000000ec280000,0x00000000ec600000)
 ParOldGen       total 129536K, used 4920K [0x00000000c0000000, 0x00000000c7e80000, 0x00000000eab00000)
  object space 129536K, 3% used [0x00000000c0000000,0x00000000c04ce018,0x00000000c7e80000)
 Metaspace       used 5808K, capacity 6832K, committed 7040K, reserved 1056768K
  class space    used 592K, capacity 616K, committed 640K, reserved 1048576K
Event: 0.956 GC heap after
Heap after GC invocations=12 (full 0):
 PSYoungGen      total 23552K, used 2540K [0x00000000eab00000, 0x00000000ec700000, 0x0000000100000000)
  eden space 19968K, 0% used [0x00000000eab00000,0x00000000eab00000,0x00000000ebe80000)
  from space 3584K, 70% used [0x00000000ec280000,0x00000000ec4fb178,0x00000000ec600000)
  to   space 4096K, 0% used [0x00000000ebe80000,0x00000000ebe80000,0x00000000ec280000)
 ParOldGen       total 129536K, used 7062K [0x00000000c0000000, 0x00000000c7e80000, 0x00000000eab00000)
  object space 129536K, 5% used [0x00000000c0000000,0x00000000c06e5818,0x00000000c7e80000)
 Metaspace       used 5808K, capacity 6832K, committed 7040K, reserved 1056768K
  class space    used 592K, capacity 616K, committed 640K, reserved 1048576K
}
Event: 1.102 GC heap before
{Heap before GC invocations=13 (full 0):
 PSYoungGen      total 23552K, used 22508K [0x00000000eab00000, 0x00000000ec700000, 0x0000000100000000)
  eden space 19968K, 100% used [0x00000000eab00000,0x00000000ebe80000,0x00000000ebe80000)
  from space 3584K, 70% used [0x00000000ec280000,0x00000000ec4fb178,0x00000000ec600000)
  to   space 4096K, 0% used [0x00000000ebe80000,0x00000000ebe80000,0x00000000ec280000)
 ParOldGen       total 129536K, used 7062K [0x00000000c0000000, 0x00000000c7e80000, 0x00000000eab00000)
  object space 129536K, 5% used [0x00000000c0000000,0x00000000c06e5818,0x00000000c7e80000)
 Metaspace       used 5865K, capacity 6896K, committed 7040K, reserved 1056768K
  class space    used 592K, capacity 616K, committed 640K, reserved 1048576K
Event: 1.123 GC heap after
Heap after GC invocations=13 (full 0):
 PSYoungGen      total 24064K, used 3552K [0x00000000eab00000, 0x00000000ed380000, 0x0000000100000000)
  eden space 19968K, 0% used [0x00000000eab00000,0x00000000eab00000,0x00000000ebe80000)
  from space 4096K, 86% used [0x00000000ebe80000,0x00000000ec1f8010,0x00000000ec280000)
  to   space 4608K, 0% used [0x00000000ecf00000,0x00000000ecf00000,0x00000000ed380000)
 ParOldGen       total 129536K, used 8947K [0x00000000c0000000, 0x00000000c7e80000, 0x00000000eab00000)
  object space 129536K, 6% used [0x00000000c0000000,0x00000000c08bcea0,0x00000000c7e80000)
 Metaspace       used 5865K, capacity 6896K, committed 7040K, reserved 1056768K
  class space    used 592K, capacity 616K, committed 640K, reserved 1048576K
}

Deoptimization events (3 events):
Event: 0.746 Thread 0x0000000018708000 Uncommon trap: reason=class_check action=maybe_recompile pc=0x000000000311e964 method=com.android.dx.rop.type.Type.equals(Ljava/lang/Object;)Z @ 8
Event: 0.749 Thread 0x0000000018708000 Uncommon trap: reason=null_check action=make_not_entrant pc=0x000000000311e974 method=com.android.dx.rop.type.Type.equals(Ljava/lang/Object;)Z @ 8
Event: 0.914 Thread 0x0000000002d1d800 Uncommon trap: reason=unreached action=reinterpret pc=0x000000000313031c method=com.android.dx.rop.cst.Constant.compareTo(Lcom/android/dx/rop/cst/Constant;)I @ 12

Internal exceptions (10 events):
Event: 0.530 Thread 0x0000000018708000 Exception <a 'java/security/PrivilegedActionException'> (0x00000000eac23228) thrown at [D:\re\workspace\8-2-build-windows-amd64-cygwin\jdk8\2238\hotspot\src\share\vm\prims\jvm.cpp, line 1248]
Event: 0.530 Thread 0x0000000018708000 Exception <a 'java/security/PrivilegedActionException'> (0x00000000eac28c58) thrown at [D:\re\workspace\8-2-build-windows-amd64-cygwin\jdk8\2238\hotspot\src\share\vm\prims\jvm.cpp, line 1248]
Event: 0.530 Thread 0x0000000018708000 Exception <a 'java/security/PrivilegedActionException'> (0x00000000eac2e398) thrown at [D:\re\workspace\8-2-build-windows-amd64-cygwin\jdk8\2238\hotspot\src\share\vm\prims\jvm.cpp, line 1248]
Event: 0.533 Thread 0x0000000002d1d800 Exception <a 'java/security/PrivilegedActionException'> (0x00000000eac61568) thrown at [D:\re\workspace\8-2-build-windows-amd64-cygwin\jdk8\2238\hotspot\src\share\vm\prims\jvm.cpp, line 1248]
Event: 0.533 Thread 0x0000000017ced000 Exception <a 'java/security/PrivilegedActionException'> (0x00000000eab78c90) thrown at [D:\re\workspace\8-2-build-windows-amd64-cygwin\jdk8\2238\hotspot\src\share\vm\prims\jvm.cpp, line 1248]
Event: 0.536 Thread 0x0000000002d1d800 Exception <a 'java/security/PrivilegedActionException'> (0x00000000eac63c50) thrown at [D:\re\workspace\8-2-build-windows-amd64-cygwin\jdk8\2238\hotspot\src\share\vm\prims\jvm.cpp, line 1248]
Event: 0.557 Thread 0x0000000018705000 Exception <a 'java/security/PrivilegedActionException'> (0x00000000eae0b7a0) thrown at [D:\re\workspace\8-2-build-windows-amd64-cygwin\jdk8\2238\hotspot\src\share\vm\prims\jvm.cpp, line 1248]
Event: 0.648 Thread 0x0000000018705000 Exception <a 'java/security/PrivilegedActionException'> (0x00000000eb2be858) thrown at [D:\re\workspace\8-2-build-windows-amd64-cygwin\jdk8\2238\hotspot\src\share\vm\prims\jvm.cpp, line 1248]
Event: 0.749 Thread 0x0000000018708000 Implicit null exception at 0x000000000311e862 to 0x000000000311e965
Event: 0.804 Thread 0x0000000017ced000 Exception <a 'java/security/PrivilegedActionException'> (0x00000000eb332988) thrown at [D:\re\workspace\8-2-build-windows-amd64-cygwin\jdk8\2238\hotspot\src\share\vm\prims\jvm.cpp, line 1248]

Events (10 events):
Event: 0.914 Thread 0x0000000002d1d800 DEOPT PACKING pc=0x000000000313031c sp=0x0000000002cfe1c0
Event: 0.914 Thread 0x0000000002d1d800 DEOPT UNPACKING pc=0x0000000002e655af sp=0x0000000002cfe160 mode 2
Event: 0.945 Executing VM operation: ParallelGCFailedAllocation
Event: 0.956 Executing VM operation: ParallelGCFailedAllocation done
Event: 1.019 Thread 0x0000000018708000 DEOPT PACKING pc=0x0000000003117045 sp=0x0000000018e1eb90
Event: 1.019 Thread 0x0000000018708000 DEOPT UNPACKING pc=0x0000000002e67604 sp=0x0000000018e1e928 mode 0
Event: 1.032 Thread 0x0000000002d1d800 DEOPT PACKING pc=0x0000000003117045 sp=0x0000000002cfe260
Event: 1.032 Thread 0x0000000002d1d800 DEOPT UNPACKING pc=0x0000000002e67604 sp=0x0000000002cfdff8 mode 0
Event: 1.082 Executing VM operation: ParallelGCFailedAllocation
Event: 1.123 Executing VM operation: ParallelGCFailedAllocation done


Dynamic libraries:
0x00007ff627de0000 - 0x00007ff627e14000 	C:\Program Files\Java\jdk1.8.0\bin\java.exe
0x00007ffb0c200000 - 0x00007ffb0c3c1000 	C:\WINDOWS\SYSTEM32\ntdll.dll
0x00007ffb0b830000 - 0x00007ffb0b8dd000 	C:\WINDOWS\system32\KERNEL32.DLL
0x00007ffb08b00000 - 0x00007ffb08ce8000 	C:\WINDOWS\system32\KERNELBASE.dll
0x00007ffb0b770000 - 0x00007ffb0b817000 	C:\WINDOWS\system32\ADVAPI32.dll
0x00007ffb0bf10000 - 0x00007ffb0bfad000 	C:\WINDOWS\system32\msvcrt.dll
0x00007ffb0b8e0000 - 0x00007ffb0b93b000 	C:\WINDOWS\system32\sechost.dll
0x00007ffb097b0000 - 0x00007ffb098cc000 	C:\WINDOWS\system32\RPCRT4.dll
0x00007ffb0b060000 - 0x00007ffb0b1b6000 	C:\WINDOWS\system32\USER32.dll
0x00007ffb0bd80000 - 0x00007ffb0bf06000 	C:\WINDOWS\system32\GDI32.dll
0x00007ffb05130000 - 0x00007ffb053a4000 	C:\WINDOWS\WinSxS\amd64_microsoft.windows.common-controls_6595b64144ccf1df_6.0.10586.494_none_a2d8b04ea53e3145\COMCTL32.dll
0x00007ffb0baf0000 - 0x00007ffb0bd6d000 	C:\WINDOWS\system32\combase.dll
0x00007ffb089d0000 - 0x00007ffb08a3a000 	C:\WINDOWS\system32\bcryptPrimitives.dll
0x00007ffb0b020000 - 0x00007ffb0b05b000 	C:\WINDOWS\system32\IMM32.DLL
0x000000005a830000 - 0x000000005a902000 	C:\Program Files\Java\jdk1.8.0\jre\bin\msvcr100.dll
0x0000000059360000 - 0x0000000059b8a000 	C:\Program Files\Java\jdk1.8.0\jre\bin\server\jvm.dll
0x00007ffb0bd70000 - 0x00007ffb0bd78000 	C:\WINDOWS\system32\PSAPI.DLL
0x00007ffafde90000 - 0x00007ffafde99000 	C:\WINDOWS\SYSTEM32\WSOCK32.dll
0x00007ffb098d0000 - 0x00007ffb0993b000 	C:\WINDOWS\system32\WS2_32.dll
0x00007ffb06e60000 - 0x00007ffb06e83000 	C:\WINDOWS\SYSTEM32\WINMM.dll
0x00007ffb06e00000 - 0x00007ffb06e2c000 	C:\WINDOWS\SYSTEM32\WINMMBASE.dll
0x00007ffb08f20000 - 0x00007ffb08f63000 	C:\WINDOWS\system32\cfgmgr32.dll
0x000000005bae0000 - 0x000000005baef000 	C:\Program Files\Java\jdk1.8.0\jre\bin\verify.dll
0x000000005b990000 - 0x000000005b9b8000 	C:\Program Files\Java\jdk1.8.0\jre\bin\java.dll
0x000000005ad90000 - 0x000000005ada6000 	C:\Program Files\Java\jdk1.8.0\jre\bin\zip.dll
0x00007ffb09ac0000 - 0x00007ffb0b01c000 	C:\WINDOWS\system32\SHELL32.dll
0x00007ffb08f90000 - 0x00007ffb095d5000 	C:\WINDOWS\system32\windows.storage.dll
0x00007ffb0bfb0000 - 0x00007ffb0c002000 	C:\WINDOWS\system32\shlwapi.dll
0x00007ffb08880000 - 0x00007ffb0888f000 	C:\WINDOWS\system32\kernel.appcore.dll
0x00007ffb08a40000 - 0x00007ffb08af5000 	C:\WINDOWS\system32\shcore.dll
0x00007ffb08810000 - 0x00007ffb0885b000 	C:\WINDOWS\system32\powrprof.dll
0x00007ffb08860000 - 0x00007ffb08874000 	C:\WINDOWS\system32\profapi.dll
0x00007ffb04b00000 - 0x00007ffb04c8c000 	C:\WINDOWS\SYSTEM32\dbghelp.dll

VM Arguments:
jvm_args: -Djava.awt.headless=true -Xmx1024M -Dfile.encoding=windows-1250 -Duser.country=PL -Duser.language=pl -Duser.variant 
java_command: com.android.dx.command.Main --dex --force-jumbo --num-threads=4 --multi-dex --output D:\Projects\AndroidStudioProjects\Nyndro\app\build\intermediates\transforms\dex\debug\folders\1000\10\com.android.support-support-v4-24.0.0_4b89a2b18a69b1f2244b85a5b823b2b4fe6a5bcb D:\Projects\AndroidStudioProjects\Nyndro\app\build\intermediates\exploded-aar\com.android.support\support-v4\24.0.0\jars\classes.jar
java_class_path (initial): C:\Users\Marek\AppData\Local\Android\sdk\build-tools\23.0.3\lib\dx.jar
Launcher Type: SUN_STANDARD

Environment Variables:
JAVA_HOME=C:\Program Files\Java\jdk1.8.0
PATH=D:\oracledb\app\oracle\product\11.2.0\server\bin;;C:\ProgramData\Oracle\Java\javapath;C:\Program Files (x86)\Intel\iCLS Client\;C:\Program Files\Intel\iCLS Client\;C:\Windows\system32;C:\Windows;C:\Windows\System32\Wbem;C:\Windows\System32\WindowsPowerShell\v1.0\;C:\Program Files\Intel\WiFi\bin\;C:\Program Files\Common Files\Intel\WirelessCommon\;C:\Program Files\Intel\Intel(R) Management Engine Components\DAL;C:\Program Files\Intel\Intel(R) Management Engine Components\IPT;C:\Program Files (x86)\Intel\Intel(R) Management Engine Components\DAL;C:\Program Files (x86)\Intel\Intel(R) Management Engine Components\IPT;c:\Program Files (x86)\Microsoft SQL Server\100\Tools\Binn\;c:\Program Files\Microsoft SQL Server\100\Tools\Binn\;c:\Program Files\Microsoft SQL Server\100\DTS\Binn\;C:\Program Files (x86)\NVIDIA Corporation\PhysX\Common;C:\Program Files (x86)\IVI Foundation\VISA\WinNT\Bin;C:\WINDOWS\system32;C:\WINDOWS;C:\WINDOWS\System32\Wbem;C:\WINDOWS\System32\WindowsPowerShell\v1.0\;C:\Program Files (x86)\Skype\Phone\;C:\Program Files (x86)\Common Files\Seagate\SnapAPI\;C:\Program Files\Intel\WiFi\bin\;C:\Program Files\Common Files\Intel\WirelessCommon\;C:\Program Files (x86)\Common Files\Acronis\TibMounter64
USERNAME=Marek
OS=Windows_NT
PROCESSOR_IDENTIFIER=Intel64 Family 6 Model 60 Stepping 3, GenuineIntel



---------------  S Y S T E M  ---------------

OS: Windows 8.1 , 64 bit Build 9600 

CPU:total 8 (4 cores per cpu, 2 threads per core) family 6 model 60 stepping 3, cmov, cx8, fxsr, mmx, sse, sse2, sse3, ssse3, sse4.1, sse4.2, popcnt, avx, avx2, aes, clmul, erms, ht, tsc, tscinvbit

Memory: 4k page, physical 8337772k(826160k free), swap 10434924k(5136k free)

vm_info: Java HotSpot(TM) 64-Bit Server VM (25.0-b70) for windows-amd64 JRE (1.8.0-b132), built on Mar  4 2014 03:46:18 by "java_re" with MS VC++ 10.0 (VS2010)

time: Fri Jul 22 09:38:49 2016
elapsed time: 1 seconds

