#
# There is insufficient memory for the Java Runtime Environment to continue.
# Native memory allocation (malloc) failed to allocate 32744 bytes for ChunkPool::allocate
# Possible reasons:
#   The system is out of physical RAM or swap space
#   In 32 bit mode, the process size limit was hit
# Possible solutions:
#   Reduce memory load on the system
#   Increase physical memory or swap space
#   Check if swap backing store is full
#   Use 64 bit Java on a 64 bit OS
#   Decrease Java heap size (-Xmx/-Xms)
#   Decrease number of Java threads
#   Decrease Java thread stack sizes (-Xss)
#   Set larger code cache with -XX:ReservedCodeCacheSize=
# This output file may be truncated or incomplete.
#
#  Out of Memory Error (allocation.cpp:271), pid=11124, tid=11692
#
# JRE version: Java(TM) SE Runtime Environment (8.0-b132) (build 1.8.0-b132)
# Java VM: Java HotSpot(TM) 64-Bit Server VM (25.0-b70 mixed mode windows-amd64 compressed oops)
# Failed to write core dump. Minidumps are not enabled by default on client versions of Windows
#

---------------  T H R E A D  ---------------

Current thread (0x0000000016f1b800):  JavaThread "C2 CompilerThread0" daemon [_thread_in_native, id=11692, stack(0x00000000174f0000,0x00000000175f0000)]

Stack: [0x00000000174f0000,0x00000000175f0000]
Native frames: (J=compiled Java code, j=interpreted, Vv=VM code, C=native code)
V  [jvm.dll+0x308e0a]


Current CompileTask:
C2:    458  544       4       java.util.ArrayList::add (29 bytes)


---------------  P R O C E S S  ---------------

Java Threads: ( => current thread )
  0x00000000170f8800 JavaThread "pool-2-thread-4" [_thread_in_Java, id=8060, stack(0x00000000182f0000,0x00000000183f0000)]
  0x00000000170f7800 JavaThread "pool-2-thread-3" [_thread_in_Java, id=10868, stack(0x00000000181f0000,0x00000000182f0000)]
  0x00000000170dc800 JavaThread "pool-2-thread-2" [_thread_in_Java, id=9456, stack(0x0000000017ef0000,0x0000000017ff0000)]
  0x00000000170d7800 JavaThread "pool-3-thread-1" [_thread_blocked, id=10416, stack(0x0000000017df0000,0x0000000017ef0000)]
  0x00000000170d7000 JavaThread "pool-2-thread-1" [_thread_in_Java, id=9416, stack(0x0000000017bf0000,0x0000000017cf0000)]
  0x0000000016fa7000 JavaThread "Service Thread" daemon [_thread_blocked, id=7928, stack(0x00000000178f0000,0x00000000179f0000)]
  0x0000000016f29800 JavaThread "C1 CompilerThread3" daemon [_thread_in_native, id=9176, stack(0x00000000177f0000,0x00000000178f0000)]
  0x0000000016f28800 JavaThread "C2 CompilerThread2" daemon [_thread_blocked, id=3608, stack(0x00000000176f0000,0x00000000177f0000)]
  0x0000000016f1d000 JavaThread "C2 CompilerThread1" daemon [_thread_blocked, id=1252, stack(0x00000000175f0000,0x00000000176f0000)]
=>0x0000000016f1b800 JavaThread "C2 CompilerThread0" daemon [_thread_in_native, id=11692, stack(0x00000000174f0000,0x00000000175f0000)]
  0x0000000016f15000 JavaThread "Attach Listener" daemon [_thread_blocked, id=11720, stack(0x00000000173f0000,0x00000000174f0000)]
  0x0000000016f14800 JavaThread "Signal Dispatcher" daemon [_thread_blocked, id=11680, stack(0x00000000172f0000,0x00000000173f0000)]
  0x0000000002348000 JavaThread "Finalizer" daemon [_thread_blocked, id=8012, stack(0x0000000016df0000,0x0000000016ef0000)]
  0x0000000014f0c000 JavaThread "Reference Handler" daemon [_thread_blocked, id=11016, stack(0x0000000016cf0000,0x0000000016df0000)]
  0x00000000023ed800 JavaThread "main" [_thread_in_Java, id=12100, stack(0x0000000002120000,0x0000000002220000)]

Other Threads:
  0x0000000014f08000 VMThread [stack: 0x0000000016bf0000,0x0000000016cf0000] [id=8748]
  0x0000000016fcb000 WatcherThread [stack: 0x00000000179f0000,0x0000000017af0000] [id=9296]

VM state:not at safepoint (normal execution)

VM Mutex/Monitor currently owned by a thread: None

Heap:
 PSYoungGen      total 5632K, used 2658K [0x00000000eab00000, 0x00000000eb200000, 0x0000000100000000)
  eden space 4096K, 29% used [0x00000000eab00000,0x00000000eac2dad8,0x00000000eaf00000)
  from space 1536K, 94% used [0x00000000eb080000,0x00000000eb1eb0a8,0x00000000eb200000)
  to   space 1536K, 0% used [0x00000000eaf00000,0x00000000eaf00000,0x00000000eb080000)
 ParOldGen       total 129536K, used 1491K [0x00000000c0000000, 0x00000000c7e80000, 0x00000000eab00000)
  object space 129536K, 1% used [0x00000000c0000000,0x00000000c0174fa8,0x00000000c7e80000)
 Metaspace       used 5344K, capacity 6512K, committed 6784K, reserved 1058816K
  class space    used 586K, capacity 616K, committed 640K, reserved 1048576K

Card table byte_map: [0x00000000117b0000,0x00000000119c0000] byte_map_base: 0x00000000111b0000

Marking Bits: (ParMarkBitMap*) 0x0000000059b113b0
 Begin Bits: [0x0000000012320000, 0x0000000013320000)
 End Bits:   [0x0000000013320000, 0x0000000014320000)

Polling page: 0x0000000002220000

CodeCache: size=245760Kb used=2058Kb max_used=2069Kb free=243701Kb
 bounds [0x00000000023f0000, 0x0000000002660000, 0x00000000113f0000]
 total_blobs=784 nmethods=520 adapters=178
 compilation: enabled

Compilation events (10 events):
Event: 0.448 Thread 0x0000000016f29800 nmethod 510 0x00000000025f2d90 code [0x00000000025f2ee0, 0x00000000025f2ff0]
Event: 0.448 Thread 0x0000000016f29800  519       3       com.android.dx.rop.code.Rop::canThrow (18 bytes)
Event: 0.448 Thread 0x0000000016f29800 nmethod 519 0x00000000025f3050 code [0x00000000025f31c0, 0x00000000025f3428]
Event: 0.448 Thread 0x0000000016f29800  521   !   3       com.android.dx.cf.code.BytecodeArray::parseInstruction (2764 bytes)
Event: 0.449 Thread 0x0000000016f1d000 nmethod 517 0x00000000025f61d0 code [0x00000000025f6320, 0x00000000025f6418]
Event: 0.450 Thread 0x0000000016f28800  538       4       com.android.dx.util.Bits::set (19 bytes)
Event: 0.450 Thread 0x0000000016f28800 nmethod 538 0x00000000025f6550 code [0x00000000025f6680, 0x00000000025f6718]
Event: 0.453 Thread 0x0000000016f1b800  544       4       java.util.ArrayList::add (29 bytes)
Event: 0.454 Thread 0x0000000016f1d000  548       4       java.util.BitSet::nextSetBit (102 bytes)
Event: 0.454 Thread 0x0000000016f28800  549   !   4       com.android.dx.util.IntList::get (36 bytes)

GC Heap History (10 events):
Event: 0.249 GC heap before
{Heap before GC invocations=4 (full 0):
 PSYoungGen      total 1536K, used 1507K [0x00000000eab00000, 0x00000000ead00000, 0x0000000100000000)
  eden space 1024K, 100% used [0x00000000eab00000,0x00000000eac00000,0x00000000eac00000)
  from space 512K, 94% used [0x00000000eac00000,0x00000000eac78e40,0x00000000eac80000)
  to   space 512K, 0% used [0x00000000eac80000,0x00000000eac80000,0x00000000ead00000)
 ParOldGen       total 129536K, used 437K [0x00000000c0000000, 0x00000000c7e80000, 0x00000000eab00000)
  object space 129536K, 0% used [0x00000000c0000000,0x00000000c006d720,0x00000000c7e80000)
 Metaspace       used 3773K, capacity 5040K, committed 5120K, reserved 1056768K
  class space    used 431K, capacity 488K, committed 512K, reserved 1048576K
Event: 0.259 GC heap after
Heap after GC invocations=4 (full 0):
 PSYoungGen      total 1536K, used 480K [0x00000000eab00000, 0x00000000ead00000, 0x0000000100000000)
  eden space 1024K, 0% used [0x00000000eab00000,0x00000000eab00000,0x00000000eac00000)
  from space 512K, 93% used [0x00000000eac80000,0x00000000eacf8020,0x00000000ead00000)
  to   space 512K, 0% used [0x00000000eac00000,0x00000000eac00000,0x00000000eac80000)
 ParOldGen       total 129536K, used 783K [0x00000000c0000000, 0x00000000c7e80000, 0x00000000eab00000)
  object space 129536K, 0% used [0x00000000c0000000,0x00000000c00c3f18,0x00000000c7e80000)
 Metaspace       used 3773K, capacity 5040K, committed 5120K, reserved 1056768K
  class space    used 431K, capacity 488K, committed 512K, reserved 1048576K
}
Event: 0.280 GC heap before
{Heap before GC invocations=5 (full 0):
 PSYoungGen      total 1536K, used 1498K [0x00000000eab00000, 0x00000000ead00000, 0x0000000100000000)
  eden space 1024K, 99% used [0x00000000eab00000,0x00000000eabfeab0,0x00000000eac00000)
  from space 512K, 93% used [0x00000000eac80000,0x00000000eacf8020,0x00000000ead00000)
  to   space 512K, 0% used [0x00000000eac00000,0x00000000eac00000,0x00000000eac80000)
 ParOldGen       total 129536K, used 783K [0x00000000c0000000, 0x00000000c7e80000, 0x00000000eab00000)
  object space 129536K, 0% used [0x00000000c0000000,0x00000000c00c3f18,0x00000000c7e80000)
 Metaspace       used 3991K, capacity 5232K, committed 5376K, reserved 1058816K
  class space    used 453K, capacity 488K, committed 512K, reserved 1048576K
Event: 0.284 GC heap after
Heap after GC invocations=5 (full 0):
 PSYoungGen      total 1536K, used 512K [0x00000000eab00000, 0x00000000eb000000, 0x0000000100000000)
  eden space 1024K, 0% used [0x00000000eab00000,0x00000000eab00000,0x00000000eac00000)
  from space 512K, 100% used [0x00000000eac00000,0x00000000eac80000,0x00000000eac80000)
  to   space 1536K, 0% used [0x00000000eae80000,0x00000000eae80000,0x00000000eb000000)
 ParOldGen       total 129536K, used 1131K [0x00000000c0000000, 0x00000000c7e80000, 0x00000000eab00000)
  object space 129536K, 0% used [0x00000000c0000000,0x00000000c011af48,0x00000000c7e80000)
 Metaspace       used 3991K, capacity 5232K, committed 5376K, reserved 1058816K
  class space    used 453K, capacity 488K, committed 512K, reserved 1048576K
}
Event: 0.301 GC heap before
{Heap before GC invocations=6 (full 0):
 PSYoungGen      total 1536K, used 1536K [0x00000000eab00000, 0x00000000eb000000, 0x0000000100000000)
  eden space 1024K, 100% used [0x00000000eab00000,0x00000000eac00000,0x00000000eac00000)
  from space 512K, 100% used [0x00000000eac00000,0x00000000eac80000,0x00000000eac80000)
  to   space 1536K, 0% used [0x00000000eae80000,0x00000000eae80000,0x00000000eb000000)
 ParOldGen       total 129536K, used 1131K [0x00000000c0000000, 0x00000000c7e80000, 0x00000000eab00000)
  object space 129536K, 0% used [0x00000000c0000000,0x00000000c011af48,0x00000000c7e80000)
 Metaspace       used 4219K, capacity 5456K, committed 5760K, reserved 1058816K
  class space    used 479K, capacity 520K, committed 640K, reserved 1048576K
Event: 0.307 GC heap after
Heap after GC invocations=6 (full 0):
 PSYoungGen      total 3584K, used 919K [0x00000000eab00000, 0x00000000eb000000, 0x0000000100000000)
  eden space 2048K, 0% used [0x00000000eab00000,0x00000000eab00000,0x00000000ead00000)
  from space 1536K, 59% used [0x00000000eae80000,0x00000000eaf65d08,0x00000000eb000000)
  to   space 1536K, 0% used [0x00000000ead00000,0x00000000ead00000,0x00000000eae80000)
 ParOldGen       total 129536K, used 1131K [0x00000000c0000000, 0x00000000c7e80000, 0x00000000eab00000)
  object space 129536K, 0% used [0x00000000c0000000,0x00000000c011af48,0x00000000c7e80000)
 Metaspace       used 4219K, capacity 5456K, committed 5760K, reserved 1058816K
  class space    used 479K, capacity 520K, committed 640K, reserved 1048576K
}
Event: 0.369 GC heap before
{Heap before GC invocations=7 (full 0):
 PSYoungGen      total 3584K, used 2967K [0x00000000eab00000, 0x00000000eb000000, 0x0000000100000000)
  eden space 2048K, 99% used [0x00000000eab00000,0x00000000eacfff58,0x00000000ead00000)
  from space 1536K, 59% used [0x00000000eae80000,0x00000000eaf65d08,0x00000000eb000000)
  to   space 1536K, 0% used [0x00000000ead00000,0x00000000ead00000,0x00000000eae80000)
 ParOldGen       total 129536K, used 1131K [0x00000000c0000000, 0x00000000c7e80000, 0x00000000eab00000)
  object space 129536K, 0% used [0x00000000c0000000,0x00000000c011af48,0x00000000c7e80000)
 Metaspace       used 4742K, capacity 5936K, committed 6272K, reserved 1058816K
  class space    used 530K, capacity 552K, committed 640K, reserved 1048576K
Event: 0.384 GC heap after
Heap after GC invocations=7 (full 0):
 PSYoungGen      total 3584K, used 1246K [0x00000000eab00000, 0x00000000eb200000, 0x0000000100000000)
  eden space 2048K, 0% used [0x00000000eab00000,0x00000000eab00000,0x00000000ead00000)
  from space 1536K, 81% used [0x00000000ead00000,0x00000000eae37b70,0x00000000eae80000)
  to   space 1536K, 0% used [0x00000000eb080000,0x00000000eb080000,0x00000000eb200000)
 ParOldGen       total 129536K, used 1347K [0x00000000c0000000, 0x00000000c7e80000, 0x00000000eab00000)
  object space 129536K, 1% used [0x00000000c0000000,0x00000000c0150f88,0x00000000c7e80000)
 Metaspace       used 4742K, capacity 5936K, committed 6272K, reserved 1058816K
  class space    used 530K, capacity 552K, committed 640K, reserved 1048576K
}
Event: 0.433 GC heap before
{Heap before GC invocations=8 (full 0):
 PSYoungGen      total 3584K, used 3294K [0x00000000eab00000, 0x00000000eb200000, 0x0000000100000000)
  eden space 2048K, 100% used [0x00000000eab00000,0x00000000ead00000,0x00000000ead00000)
  from space 1536K, 81% used [0x00000000ead00000,0x00000000eae37b70,0x00000000eae80000)
  to   space 1536K, 0% used [0x00000000eb080000,0x00000000eb080000,0x00000000eb200000)
 ParOldGen       total 129536K, used 1347K [0x00000000c0000000, 0x00000000c7e80000, 0x00000000eab00000)
  object space 129536K, 1% used [0x00000000c0000000,0x00000000c0150f88,0x00000000c7e80000)
 Metaspace       used 5257K, capacity 6384K, committed 6528K, reserved 1058816K
  class space    used 583K, capacity 616K, committed 640K, reserved 1048576K
Event: 0.436 GC heap after
Heap after GC invocations=8 (full 0):
 PSYoungGen      total 5632K, used 1452K [0x00000000eab00000, 0x00000000eb200000, 0x0000000100000000)
  eden space 4096K, 0% used [0x00000000eab00000,0x00000000eab00000,0x00000000eaf00000)
  from space 1536K, 94% used [0x00000000eb080000,0x00000000eb1eb0a8,0x00000000eb200000)
  to   space 1536K, 0% used [0x00000000eaf00000,0x00000000eaf00000,0x00000000eb080000)
 ParOldGen       total 129536K, used 1491K [0x00000000c0000000, 0x00000000c7e80000, 0x00000000eab00000)
  object space 129536K, 1% used [0x00000000c0000000,0x00000000c0174fa8,0x00000000c7e80000)
 Metaspace       used 5257K, capacity 6384K, committed 6528K, reserved 1058816K
  class space    used 583K, capacity 616K, committed 640K, reserved 1048576K
}

Deoptimization events (0 events):
No events

Internal exceptions (10 events):
Event: 0.428 Thread 0x00000000170f7800 Exception <a 'java/security/PrivilegedActionException'> (0x00000000eacd66c8) thrown at [D:\re\workspace\8-2-build-windows-amd64-cygwin\jdk8\2238\hotspot\src\share\vm\prims\jvm.cpp, line 1248]
Event: 0.429 Thread 0x00000000170d7000 Exception <a 'java/security/PrivilegedActionException'> (0x00000000eaca8048) thrown at [D:\re\workspace\8-2-build-windows-amd64-cygwin\jdk8\2238\hotspot\src\share\vm\prims\jvm.cpp, line 1248]
Event: 0.430 Thread 0x00000000170f7800 Exception <a 'java/security/PrivilegedActionException'> (0x00000000eacdcb08) thrown at [D:\re\workspace\8-2-build-windows-amd64-cygwin\jdk8\2238\hotspot\src\share\vm\prims\jvm.cpp, line 1248]
Event: 0.430 Thread 0x00000000170f7800 Exception <a 'java/security/PrivilegedActionException'> (0x00000000eace6188) thrown at [D:\re\workspace\8-2-build-windows-amd64-cygwin\jdk8\2238\hotspot\src\share\vm\prims\jvm.cpp, line 1248]
Event: 0.431 Thread 0x00000000170f7800 Exception <a 'java/security/PrivilegedActionException'> (0x00000000eaceeed0) thrown at [D:\re\workspace\8-2-build-windows-amd64-cygwin\jdk8\2238\hotspot\src\share\vm\prims\jvm.cpp, line 1248]
Event: 0.432 Thread 0x00000000170f7800 Exception <a 'java/security/PrivilegedActionException'> (0x00000000eacf42f0) thrown at [D:\re\workspace\8-2-build-windows-amd64-cygwin\jdk8\2238\hotspot\src\share\vm\prims\jvm.cpp, line 1248]
Event: 0.433 Thread 0x00000000170f7800 Exception <a 'java/security/PrivilegedActionException'> (0x00000000eacf7a20) thrown at [D:\re\workspace\8-2-build-windows-amd64-cygwin\jdk8\2238\hotspot\src\share\vm\prims\jvm.cpp, line 1248]
Event: 0.439 Thread 0x00000000170dc800 Exception <a 'java/security/PrivilegedActionException'> (0x00000000eab3ecb0) thrown at [D:\re\workspace\8-2-build-windows-amd64-cygwin\jdk8\2238\hotspot\src\share\vm\prims\jvm.cpp, line 1248]
Event: 0.445 Thread 0x00000000170dc800 Exception <a 'java/security/PrivilegedActionException'> (0x00000000eab62f60) thrown at [D:\re\workspace\8-2-build-windows-amd64-cygwin\jdk8\2238\hotspot\src\share\vm\prims\jvm.cpp, line 1248]
Event: 0.451 Thread 0x00000000170f7800 Exception <a 'java/security/PrivilegedActionException'> (0x00000000eaba5c78) thrown at [D:\re\workspace\8-2-build-windows-amd64-cygwin\jdk8\2238\hotspot\src\share\vm\prims\jvm.cpp, line 1248]

Events (10 events):
Event: 0.439 loading class com/android/dx/ssa/PhiInsn$Operand
Event: 0.439 loading class com/android/dx/ssa/PhiInsn$Operand done
Event: 0.445 loading class com/android/dx/ssa/back/FirstFitLocalCombiningAllocator$Multiset
Event: 0.445 loading class com/android/dx/ssa/back/FirstFitLocalCombiningAllocator$Multiset done
Event: 0.451 loading class com/android/dx/cf/code/Ropper$ExceptionHandlerSetup
Event: 0.451 loading class com/android/dx/cf/code/Ropper$ExceptionHandlerSetup done
Event: 0.452 loading class java/util/HashMap$Values
Event: 0.452 loading class java/util/HashMap$Values done
Event: 0.452 loading class java/util/HashMap$ValueIterator
Event: 0.452 loading class java/util/HashMap$ValueIterator done


Dynamic libraries:
0x00007ff627de0000 - 0x00007ff627e14000 	C:\Program Files\Java\jdk1.8.0\bin\java.exe
0x00007ffb0c200000 - 0x00007ffb0c3c1000 	C:\WINDOWS\SYSTEM32\ntdll.dll
0x00007ffb0b830000 - 0x00007ffb0b8dd000 	C:\WINDOWS\system32\KERNEL32.DLL
0x00007ffb08b00000 - 0x00007ffb08ce8000 	C:\WINDOWS\system32\KERNELBASE.dll
0x00007ffb0b770000 - 0x00007ffb0b817000 	C:\WINDOWS\system32\ADVAPI32.dll
0x00007ffb0bf10000 - 0x00007ffb0bfad000 	C:\WINDOWS\system32\msvcrt.dll
0x00007ffb0b8e0000 - 0x00007ffb0b93b000 	C:\WINDOWS\system32\sechost.dll
0x00007ffb097b0000 - 0x00007ffb098cc000 	C:\WINDOWS\system32\RPCRT4.dll
0x00007ffb0b060000 - 0x00007ffb0b1b6000 	C:\WINDOWS\system32\USER32.dll
0x00007ffb0bd80000 - 0x00007ffb0bf06000 	C:\WINDOWS\system32\GDI32.dll
0x00007ffb05130000 - 0x00007ffb053a4000 	C:\WINDOWS\WinSxS\amd64_microsoft.windows.common-controls_6595b64144ccf1df_6.0.10586.494_none_a2d8b04ea53e3145\COMCTL32.dll
0x00007ffb0baf0000 - 0x00007ffb0bd6d000 	C:\WINDOWS\system32\combase.dll
0x00007ffb089d0000 - 0x00007ffb08a3a000 	C:\WINDOWS\system32\bcryptPrimitives.dll
0x00007ffb0b020000 - 0x00007ffb0b05b000 	C:\WINDOWS\system32\IMM32.DLL
0x000000005a830000 - 0x000000005a902000 	C:\Program Files\Java\jdk1.8.0\jre\bin\msvcr100.dll
0x0000000059360000 - 0x0000000059b8a000 	C:\Program Files\Java\jdk1.8.0\jre\bin\server\jvm.dll
0x00007ffb0bd70000 - 0x00007ffb0bd78000 	C:\WINDOWS\system32\PSAPI.DLL
0x00007ffb06e60000 - 0x00007ffb06e83000 	C:\WINDOWS\SYSTEM32\WINMM.dll
0x00007ffafde90000 - 0x00007ffafde99000 	C:\WINDOWS\SYSTEM32\WSOCK32.dll
0x00007ffb098d0000 - 0x00007ffb0993b000 	C:\WINDOWS\system32\WS2_32.dll
0x00007ffb06e00000 - 0x00007ffb06e2c000 	C:\WINDOWS\SYSTEM32\WINMMBASE.dll
0x00007ffb08f20000 - 0x00007ffb08f63000 	C:\WINDOWS\system32\cfgmgr32.dll
0x000000005bae0000 - 0x000000005baef000 	C:\Program Files\Java\jdk1.8.0\jre\bin\verify.dll
0x000000005b990000 - 0x000000005b9b8000 	C:\Program Files\Java\jdk1.8.0\jre\bin\java.dll
0x000000005ad90000 - 0x000000005ada6000 	C:\Program Files\Java\jdk1.8.0\jre\bin\zip.dll
0x00007ffb09ac0000 - 0x00007ffb0b01c000 	C:\WINDOWS\system32\SHELL32.dll
0x00007ffb08f90000 - 0x00007ffb095d5000 	C:\WINDOWS\system32\windows.storage.dll
0x00007ffb0bfb0000 - 0x00007ffb0c002000 	C:\WINDOWS\system32\shlwapi.dll
0x00007ffb08880000 - 0x00007ffb0888f000 	C:\WINDOWS\system32\kernel.appcore.dll
0x00007ffb08a40000 - 0x00007ffb08af5000 	C:\WINDOWS\system32\shcore.dll
0x00007ffb08810000 - 0x00007ffb0885b000 	C:\WINDOWS\system32\powrprof.dll
0x00007ffb08860000 - 0x00007ffb08874000 	C:\WINDOWS\system32\profapi.dll

VM Arguments:
jvm_args: -Djava.awt.headless=true -Xmx1024M -Dfile.encoding=windows-1250 -Duser.country=PL -Duser.language=pl -Duser.variant 
java_command: com.android.dx.command.Main --dex --force-jumbo --num-threads=4 --multi-dex --output D:\Projects\AndroidStudioProjects\Nyndro\app\build\intermediates\transforms\dex\debug\folders\1000\10\com.android.support-support-vector-drawable-24.0.0_dea0c9accd67418577d62f0369a13fa666c64279 D:\Projects\AndroidStudioProjects\Nyndro\app\build\intermediates\exploded-aar\com.android.support\support-vector-drawable\24.0.0\jars\classes.jar
java_class_path (initial): C:\Users\Marek\AppData\Local\Android\sdk\build-tools\23.0.3\lib\dx.jar
Launcher Type: SUN_STANDARD

Environment Variables:
JAVA_HOME=C:\Program Files\Java\jdk1.8.0
PATH=D:\oracledb\app\oracle\product\11.2.0\server\bin;;C:\ProgramData\Oracle\Java\javapath;C:\Program Files (x86)\Intel\iCLS Client\;C:\Program Files\Intel\iCLS Client\;C:\Windows\system32;C:\Windows;C:\Windows\System32\Wbem;C:\Windows\System32\WindowsPowerShell\v1.0\;C:\Program Files\Intel\WiFi\bin\;C:\Program Files\Common Files\Intel\WirelessCommon\;C:\Program Files\Intel\Intel(R) Management Engine Components\DAL;C:\Program Files\Intel\Intel(R) Management Engine Components\IPT;C:\Program Files (x86)\Intel\Intel(R) Management Engine Components\DAL;C:\Program Files (x86)\Intel\Intel(R) Management Engine Components\IPT;c:\Program Files (x86)\Microsoft SQL Server\100\Tools\Binn\;c:\Program Files\Microsoft SQL Server\100\Tools\Binn\;c:\Program Files\Microsoft SQL Server\100\DTS\Binn\;C:\Program Files (x86)\NVIDIA Corporation\PhysX\Common;C:\Program Files (x86)\IVI Foundation\VISA\WinNT\Bin;C:\WINDOWS\system32;C:\WINDOWS;C:\WINDOWS\System32\Wbem;C:\WINDOWS\System32\WindowsPowerShell\v1.0\;C:\Program Files (x86)\Skype\Phone\;C:\Program Files (x86)\Common Files\Seagate\SnapAPI\;C:\Program Files\Intel\WiFi\bin\;C:\Program Files\Common Files\Intel\WirelessCommon\;C:\Program Files (x86)\Common Files\Acronis\TibMounter64
USERNAME=Marek
OS=Windows_NT
PROCESSOR_IDENTIFIER=Intel64 Family 6 Model 60 Stepping 3, GenuineIntel



---------------  S Y S T E M  ---------------

OS: Windows 8.1 , 64 bit Build 9600 

CPU:total 8 (4 cores per cpu, 2 threads per core) family 6 model 60 stepping 3, cmov, cx8, fxsr, mmx, sse, sse2, sse3, ssse3, sse4.1, sse4.2, popcnt, avx, avx2, aes, clmul, erms, ht, tsc, tscinvbit

Memory: 4k page, physical 8337772k(889540k free), swap 10434924k(3284k free)

vm_info: Java HotSpot(TM) 64-Bit Server VM (25.0-b70) for windows-amd64 JRE (1.8.0-b132), built on Mar  4 2014 03:46:18 by "java_re" with MS VC++ 10.0 (VS2010)

time: Fri Jul 22 09:38:48 2016
elapsed time: 0 seconds

