#
# There is insufficient memory for the Java Runtime Environment to continue.
# Native memory allocation (malloc) failed to allocate 82736 bytes for Chunk::new
# Possible reasons:
#   The system is out of physical RAM or swap space
#   In 32 bit mode, the process size limit was hit
# Possible solutions:
#   Reduce memory load on the system
#   Increase physical memory or swap space
#   Check if swap backing store is full
#   Use 64 bit Java on a 64 bit OS
#   Decrease Java heap size (-Xmx/-Xms)
#   Decrease number of Java threads
#   Decrease Java thread stack sizes (-Xss)
#   Set larger code cache with -XX:ReservedCodeCacheSize=
# This output file may be truncated or incomplete.
#
#  Out of Memory Error (allocation.cpp:388), pid=7320, tid=11800
#
# JRE version: Java(TM) SE Runtime Environment (8.0-b132) (build 1.8.0-b132)
# Java VM: Java HotSpot(TM) 64-Bit Server VM (25.0-b70 mixed mode windows-amd64 compressed oops)
# Failed to write core dump. Minidumps are not enabled by default on client versions of Windows
#

---------------  T H R E A D  ---------------

Current thread (0x00000000171b7000):  JavaThread "C2 CompilerThread0" daemon [_thread_in_native, id=11800, stack(0x0000000017790000,0x0000000017890000)]

Stack: [0x0000000017790000,0x0000000017890000]
Native frames: (J=compiled Java code, j=interpreted, Vv=VM code, C=native code)
V  [jvm.dll+0x308e0a]


Current CompileTask:
C2:    334  681       4       com.android.dx.rop.cst.CstString::utf8BytesToString (391 bytes)


---------------  P R O C E S S  ---------------

Java Threads: ( => current thread )
  0x0000000017e13800 JavaThread "pool-2-thread-4" [_thread_in_Java, id=2620, stack(0x0000000018990000,0x0000000018a90000)]
  0x0000000017e13000 JavaThread "pool-2-thread-3" [_thread_in_Java, id=1956, stack(0x0000000018890000,0x0000000018990000)]
  0x0000000017e12000 JavaThread "pool-2-thread-2" [_thread_in_Java, id=7584, stack(0x0000000018790000,0x0000000018890000)]
  0x0000000017ddb800 JavaThread "pool-3-thread-1" [_thread_blocked, id=9908, stack(0x0000000018690000,0x0000000018790000)]
  0x0000000017ddb000 JavaThread "pool-2-thread-1" [_thread_in_Java, id=11640, stack(0x0000000018590000,0x0000000018690000)]
  0x0000000017239000 JavaThread "Service Thread" daemon [_thread_blocked, id=10672, stack(0x0000000017b90000,0x0000000017c90000)]
  0x00000000171c4000 JavaThread "C1 CompilerThread3" daemon [_thread_in_native, id=9788, stack(0x0000000017a90000,0x0000000017b90000)]
  0x00000000171c3000 JavaThread "C2 CompilerThread2" daemon [_thread_in_vm, id=8828, stack(0x0000000017990000,0x0000000017a90000)]
  0x00000000171bd800 JavaThread "C2 CompilerThread1" daemon [_thread_in_native, id=1080, stack(0x0000000017890000,0x0000000017990000)]
=>0x00000000171b7000 JavaThread "C2 CompilerThread0" daemon [_thread_in_native, id=11800, stack(0x0000000017790000,0x0000000017890000)]
  0x00000000171b5000 JavaThread "Attach Listener" daemon [_thread_blocked, id=11116, stack(0x0000000017690000,0x0000000017790000)]
  0x00000000171b4800 JavaThread "Signal Dispatcher" daemon [_thread_blocked, id=9464, stack(0x0000000017590000,0x0000000017690000)]
  0x00000000026a8000 JavaThread "Finalizer" daemon [_thread_blocked, id=7700, stack(0x0000000017090000,0x0000000017190000)]
  0x00000000151cc800 JavaThread "Reference Handler" daemon [_thread_blocked, id=1292, stack(0x0000000016f90000,0x0000000017090000)]
  0x00000000025ad800 JavaThread "main" [_thread_in_Java, id=4636, stack(0x0000000002410000,0x0000000002510000)]

Other Threads:
  0x00000000151c8800 VMThread [stack: 0x0000000016e90000,0x0000000016f90000] [id=4976]
  0x0000000017253000 WatcherThread [stack: 0x0000000017c90000,0x0000000017d90000] [id=1556]

VM state:not at safepoint (normal execution)

VM Mutex/Monitor currently owned by a thread: None

Heap:
 PSYoungGen      total 9216K, used 5250K [0x00000000eab00000, 0x00000000eb700000, 0x0000000100000000)
  eden space 7680K, 48% used [0x00000000eab00000,0x00000000eaea0e48,0x00000000eb280000)
  from space 1536K, 99% used [0x00000000eb480000,0x00000000eb5ffa78,0x00000000eb600000)
  to   space 2048K, 0% used [0x00000000eb280000,0x00000000eb280000,0x00000000eb480000)
 ParOldGen       total 129536K, used 1492K [0x00000000c0000000, 0x00000000c7e80000, 0x00000000eab00000)
  object space 129536K, 1% used [0x00000000c0000000,0x00000000c0175080,0x00000000c7e80000)
 Metaspace       used 5475K, capacity 6576K, committed 6784K, reserved 1056768K
  class space    used 584K, capacity 616K, committed 640K, reserved 1048576K

Card table byte_map: [0x0000000011a70000,0x0000000011c80000] byte_map_base: 0x0000000011470000

Marking Bits: (ParMarkBitMap*) 0x0000000059b113b0
 Begin Bits: [0x00000000125e0000, 0x00000000135e0000)
 End Bits:   [0x00000000135e0000, 0x00000000145e0000)

Polling page: 0x0000000000dc0000

CodeCache: size=245760Kb used=2422Kb max_used=2422Kb free=243337Kb
 bounds [0x00000000026b0000, 0x0000000002920000, 0x00000000116b0000]
 total_blobs=908 nmethods=644 adapters=178
 compilation: enabled

Compilation events (10 events):
Event: 0.326 Thread 0x00000000171c3000  669       4       java.util.BitSet::<init> (56 bytes)
Event: 0.326 Thread 0x00000000171b7000 nmethod 668 0x00000000028ed1d0 code [0x00000000028ed320, 0x00000000028ed3f8]
Event: 0.327 Thread 0x00000000171bd800  673       4       java.util.AbstractList::<init> (10 bytes)
Event: 0.327 Thread 0x00000000171bd800 nmethod 673 0x00000000028e7f50 code [0x00000000028e8080, 0x00000000028e80d8]
Event: 0.327 Thread 0x00000000171c3000 nmethod 669 0x00000000028eaed0 code [0x00000000028eb020, 0x00000000028eb178]
Event: 0.328 Thread 0x00000000171c3000  678   !   4       com.android.dx.util.IntList::<init> (37 bytes)
Event: 0.329 Thread 0x00000000171c3000 nmethod 678 0x00000000028eb250 code [0x00000000028eb3a0, 0x00000000028eb4d8]
Event: 0.329 Thread 0x00000000171b7000  681       4       com.android.dx.rop.cst.CstString::utf8BytesToString (391 bytes)
Event: 0.330 Thread 0x00000000171bd800  683       4       com.android.dx.rop.code.RegisterSpec::hashCodeOf (30 bytes)
Event: 0.331 Thread 0x00000000171c3000  686       4       com.android.dx.util.ByteArray::getUnsignedShort (25 bytes)

GC Heap History (10 events):
Event: 0.111 GC heap before
{Heap before GC invocations=4 (full 0):
 PSYoungGen      total 1536K, used 1504K [0x00000000eab00000, 0x00000000eae00000, 0x0000000100000000)
  eden space 1024K, 100% used [0x00000000eab00000,0x00000000eac00000,0x00000000eac00000)
  from space 512K, 93% used [0x00000000eac00000,0x00000000eac78020,0x00000000eac80000)
  to   space 512K, 0% used [0x00000000ead80000,0x00000000ead80000,0x00000000eae00000)
 ParOldGen       total 129536K, used 475K [0x00000000c0000000, 0x00000000c7e80000, 0x00000000eab00000)
  object space 129536K, 0% used [0x00000000c0000000,0x00000000c0076fb0,0x00000000c7e80000)
 Metaspace       used 3420K, capacity 4720K, committed 4864K, reserved 1056768K
  class space    used 374K, capacity 424K, committed 512K, reserved 1048576K
Event: 0.112 GC heap after
Heap after GC invocations=4 (full 0):
 PSYoungGen      total 2560K, used 480K [0x00000000eab00000, 0x00000000eae00000, 0x0000000100000000)
  eden space 2048K, 0% used [0x00000000eab00000,0x00000000eab00000,0x00000000ead00000)
  from space 512K, 93% used [0x00000000ead80000,0x00000000eadf8020,0x00000000eae00000)
  to   space 512K, 0% used [0x00000000ead00000,0x00000000ead00000,0x00000000ead80000)
 ParOldGen       total 129536K, used 483K [0x00000000c0000000, 0x00000000c7e80000, 0x00000000eab00000)
  object space 129536K, 0% used [0x00000000c0000000,0x00000000c0078fb0,0x00000000c7e80000)
 Metaspace       used 3420K, capacity 4720K, committed 4864K, reserved 1056768K
  class space    used 374K, capacity 424K, committed 512K, reserved 1048576K
}
Event: 0.117 GC heap before
{Heap before GC invocations=5 (full 0):
 PSYoungGen      total 2560K, used 2528K [0x00000000eab00000, 0x00000000eae00000, 0x0000000100000000)
  eden space 2048K, 100% used [0x00000000eab00000,0x00000000ead00000,0x00000000ead00000)
  from space 512K, 93% used [0x00000000ead80000,0x00000000eadf8020,0x00000000eae00000)
  to   space 512K, 0% used [0x00000000ead00000,0x00000000ead00000,0x00000000ead80000)
 ParOldGen       total 129536K, used 483K [0x00000000c0000000, 0x00000000c7e80000, 0x00000000eab00000)
  object space 129536K, 0% used [0x00000000c0000000,0x00000000c0078fb0,0x00000000c7e80000)
 Metaspace       used 3426K, capacity 4720K, committed 4864K, reserved 1056768K
  class space    used 374K, capacity 424K, committed 512K, reserved 1048576K
Event: 0.118 GC heap after
Heap after GC invocations=5 (full 0):
 PSYoungGen      total 2560K, used 448K [0x00000000eab00000, 0x00000000eb100000, 0x0000000100000000)
  eden space 2048K, 0% used [0x00000000eab00000,0x00000000eab00000,0x00000000ead00000)
  from space 512K, 87% used [0x00000000ead00000,0x00000000ead70020,0x00000000ead80000)
  to   space 1024K, 0% used [0x00000000eb000000,0x00000000eb000000,0x00000000eb100000)
 ParOldGen       total 129536K, used 491K [0x00000000c0000000, 0x00000000c7e80000, 0x00000000eab00000)
  object space 129536K, 0% used [0x00000000c0000000,0x00000000c007afb0,0x00000000c7e80000)
 Metaspace       used 3426K, capacity 4720K, committed 4864K, reserved 1056768K
  class space    used 374K, capacity 424K, committed 512K, reserved 1048576K
}
Event: 0.123 GC heap before
{Heap before GC invocations=6 (full 0):
 PSYoungGen      total 2560K, used 2496K [0x00000000eab00000, 0x00000000eb100000, 0x0000000100000000)
  eden space 2048K, 100% used [0x00000000eab00000,0x00000000ead00000,0x00000000ead00000)
  from space 512K, 87% used [0x00000000ead00000,0x00000000ead70020,0x00000000ead80000)
  to   space 1024K, 0% used [0x00000000eb000000,0x00000000eb000000,0x00000000eb100000)
 ParOldGen       total 129536K, used 491K [0x00000000c0000000, 0x00000000c7e80000, 0x00000000eab00000)
  object space 129536K, 0% used [0x00000000c0000000,0x00000000c007afb0,0x00000000c7e80000)
 Metaspace       used 3426K, capacity 4720K, committed 4864K, reserved 1056768K
  class space    used 374K, capacity 424K, committed 512K, reserved 1048576K
Event: 0.123 GC heap after
Heap after GC invocations=6 (full 0):
 PSYoungGen      total 5120K, used 544K [0x00000000eab00000, 0x00000000eb100000, 0x0000000100000000)
  eden space 4096K, 0% used [0x00000000eab00000,0x00000000eab00000,0x00000000eaf00000)
  from space 1024K, 53% used [0x00000000eb000000,0x00000000eb088020,0x00000000eb100000)
  to   space 1024K, 0% used [0x00000000eaf00000,0x00000000eaf00000,0x00000000eb000000)
 ParOldGen       total 129536K, used 499K [0x00000000c0000000, 0x00000000c7e80000, 0x00000000eab00000)
  object space 129536K, 0% used [0x00000000c0000000,0x00000000c007cfb0,0x00000000c7e80000)
 Metaspace       used 3426K, capacity 4720K, committed 4864K, reserved 1056768K
  class space    used 374K, capacity 424K, committed 512K, reserved 1048576K
}
Event: 0.186 GC heap before
{Heap before GC invocations=7 (full 0):
 PSYoungGen      total 5120K, used 4640K [0x00000000eab00000, 0x00000000eb100000, 0x0000000100000000)
  eden space 4096K, 100% used [0x00000000eab00000,0x00000000eaf00000,0x00000000eaf00000)
  from space 1024K, 53% used [0x00000000eb000000,0x00000000eb088020,0x00000000eb100000)
  to   space 1024K, 0% used [0x00000000eaf00000,0x00000000eaf00000,0x00000000eb000000)
 ParOldGen       total 129536K, used 499K [0x00000000c0000000, 0x00000000c7e80000, 0x00000000eab00000)
  object space 129536K, 0% used [0x00000000c0000000,0x00000000c007cfb0,0x00000000c7e80000)
 Metaspace       used 4191K, capacity 5392K, committed 5760K, reserved 1056768K
  class space    used 472K, capacity 520K, committed 640K, reserved 1048576K
Event: 0.187 GC heap after
Heap after GC invocations=7 (full 0):
 PSYoungGen      total 5120K, used 999K [0x00000000eab00000, 0x00000000eb600000, 0x0000000100000000)
  eden space 4096K, 0% used [0x00000000eab00000,0x00000000eab00000,0x00000000eaf00000)
  from space 1024K, 97% used [0x00000000eaf00000,0x00000000eaff9c50,0x00000000eb000000)
  to   space 1536K, 0% used [0x00000000eb480000,0x00000000eb480000,0x00000000eb600000)
 ParOldGen       total 129536K, used 1068K [0x00000000c0000000, 0x00000000c7e80000, 0x00000000eab00000)
  object space 129536K, 0% used [0x00000000c0000000,0x00000000c010b210,0x00000000c7e80000)
 Metaspace       used 4191K, capacity 5392K, committed 5760K, reserved 1056768K
  class space    used 472K, capacity 520K, committed 640K, reserved 1048576K
}
Event: 0.282 GC heap before
{Heap before GC invocations=8 (full 0):
 PSYoungGen      total 5120K, used 5095K [0x00000000eab00000, 0x00000000eb600000, 0x0000000100000000)
  eden space 4096K, 100% used [0x00000000eab00000,0x00000000eaf00000,0x00000000eaf00000)
  from space 1024K, 97% used [0x00000000eaf00000,0x00000000eaff9c50,0x00000000eb000000)
  to   space 1536K, 0% used [0x00000000eb480000,0x00000000eb480000,0x00000000eb600000)
 ParOldGen       total 129536K, used 1068K [0x00000000c0000000, 0x00000000c7e80000, 0x00000000eab00000)
  object space 129536K, 0% used [0x00000000c0000000,0x00000000c010b210,0x00000000c7e80000)
 Metaspace       used 5287K, capacity 6384K, committed 6528K, reserved 1056768K
  class space    used 580K, capacity 616K, committed 640K, reserved 1048576K
Event: 0.285 GC heap after
Heap after GC invocations=8 (full 0):
 PSYoungGen      total 9216K, used 1534K [0x00000000eab00000, 0x00000000eb700000, 0x0000000100000000)
  eden space 7680K, 0% used [0x00000000eab00000,0x00000000eab00000,0x00000000eb280000)
  from space 1536K, 99% used [0x00000000eb480000,0x00000000eb5ffa78,0x00000000eb600000)
  to   space 2048K, 0% used [0x00000000eb280000,0x00000000eb280000,0x00000000eb480000)
 ParOldGen       total 129536K, used 1492K [0x00000000c0000000, 0x00000000c7e80000, 0x00000000eab00000)
  object space 129536K, 1% used [0x00000000c0000000,0x00000000c0175080,0x00000000c7e80000)
 Metaspace       used 5287K, capacity 6384K, committed 6528K, reserved 1056768K
  class space    used 580K, capacity 616K, committed 640K, reserved 1048576K
}

Deoptimization events (2 events):
Event: 0.318 Thread 0x0000000017e12000 Uncommon trap: reason=class_check action=maybe_recompile pc=0x00000000028dadf0 method=com.android.dx.ssa.NormalSsaInsn.accept(Lcom/android/dx/ssa/SsaInsn$Visitor;)V @ 9
Event: 0.324 Thread 0x00000000025ad800 Uncommon trap: reason=class_check action=maybe_recompile pc=0x00000000028e8f14 method=com.android.dx.ssa.NormalSsaInsn.accept(Lcom/android/dx/ssa/SsaInsn$Visitor;)V @ 9

Internal exceptions (10 events):
Event: 0.270 Thread 0x0000000017ddb000 Exception <a 'java/security/PrivilegedActionException'> (0x00000000eae1b028) thrown at [D:\re\workspace\8-2-build-windows-amd64-cygwin\jdk8\2238\hotspot\src\share\vm\prims\jvm.cpp, line 1248]
Event: 0.273 Thread 0x0000000017e12000 Exception <a 'java/security/PrivilegedActionException'> (0x00000000eae69af0) thrown at [D:\re\workspace\8-2-build-windows-amd64-cygwin\jdk8\2238\hotspot\src\share\vm\prims\jvm.cpp, line 1248]
Event: 0.273 Thread 0x0000000017e12000 Exception <a 'java/security/PrivilegedActionException'> (0x00000000eaeb1f08) thrown at [D:\re\workspace\8-2-build-windows-amd64-cygwin\jdk8\2238\hotspot\src\share\vm\prims\jvm.cpp, line 1248]
Event: 0.274 Thread 0x0000000017e12000 Exception <a 'java/security/PrivilegedActionException'> (0x00000000eaeb67e8) thrown at [D:\re\workspace\8-2-build-windows-amd64-cygwin\jdk8\2238\hotspot\src\share\vm\prims\jvm.cpp, line 1248]
Event: 0.279 Thread 0x0000000017e13800 Exception <a 'java/security/PrivilegedActionException'> (0x00000000eaed0f40) thrown at [D:\re\workspace\8-2-build-windows-amd64-cygwin\jdk8\2238\hotspot\src\share\vm\prims\jvm.cpp, line 1248]
Event: 0.281 Thread 0x0000000017e13800 Exception <a 'java/security/PrivilegedActionException'> (0x00000000eaee46b8) thrown at [D:\re\workspace\8-2-build-windows-amd64-cygwin\jdk8\2238\hotspot\src\share\vm\prims\jvm.cpp, line 1248]
Event: 0.289 Thread 0x0000000017e13000 Exception <a 'java/security/PrivilegedActionException'> (0x00000000eab51b48) thrown at [D:\re\workspace\8-2-build-windows-amd64-cygwin\jdk8\2238\hotspot\src\share\vm\prims\jvm.cpp, line 1248]
Event: 0.295 Thread 0x00000000025ad800 Exception <a 'java/security/PrivilegedActionException'> (0x00000000eabaaf20) thrown at [D:\re\workspace\8-2-build-windows-amd64-cygwin\jdk8\2238\hotspot\src\share\vm\prims\jvm.cpp, line 1248]
Event: 0.309 Thread 0x0000000017e12000 Exception <a 'java/security/PrivilegedActionException'> (0x00000000eac8e8f8) thrown at [D:\re\workspace\8-2-build-windows-amd64-cygwin\jdk8\2238\hotspot\src\share\vm\prims\jvm.cpp, line 1248]
Event: 0.330 Thread 0x00000000025ad800 Exception <a 'java/security/PrivilegedActionException'> (0x00000000eae46860) thrown at [D:\re\workspace\8-2-build-windows-amd64-cygwin\jdk8\2238\hotspot\src\share\vm\prims\jvm.cpp, line 1248]

Events (10 events):
Event: 0.317 loading class java/util/ArrayList$1
Event: 0.318 loading class java/util/ArrayList$1 done
Event: 0.318 Thread 0x0000000017e12000 Uncommon trap: trap_request=0xffffffde fr.pc=0x00000000028dadf0
Event: 0.318 Thread 0x0000000017e12000 DEOPT PACKING pc=0x00000000028dadf0 sp=0x000000001888e540
Event: 0.318 Thread 0x0000000017e12000 DEOPT UNPACKING pc=0x00000000026f55af sp=0x000000001888e4d0 mode 2
Event: 0.324 Thread 0x00000000025ad800 Uncommon trap: trap_request=0xffffffde fr.pc=0x00000000028e8f14
Event: 0.324 Thread 0x00000000025ad800 DEOPT PACKING pc=0x00000000028e8f14 sp=0x000000000250dfb0
Event: 0.325 Thread 0x00000000025ad800 DEOPT UNPACKING pc=0x00000000026f55af sp=0x000000000250df00 mode 2
Event: 0.330 loading class com/android/dx/cf/attrib/AttExceptions
Event: 0.330 loading class com/android/dx/cf/attrib/AttExceptions done


Dynamic libraries:
0x00007ff627de0000 - 0x00007ff627e14000 	C:\Program Files\Java\jdk1.8.0\bin\java.exe
0x00007ffb0c200000 - 0x00007ffb0c3c1000 	C:\WINDOWS\SYSTEM32\ntdll.dll
0x00007ffb0b830000 - 0x00007ffb0b8dd000 	C:\WINDOWS\system32\KERNEL32.DLL
0x00007ffb08b00000 - 0x00007ffb08ce8000 	C:\WINDOWS\system32\KERNELBASE.dll
0x00007ffb0b770000 - 0x00007ffb0b817000 	C:\WINDOWS\system32\ADVAPI32.dll
0x00007ffb0bf10000 - 0x00007ffb0bfad000 	C:\WINDOWS\system32\msvcrt.dll
0x00007ffb0b8e0000 - 0x00007ffb0b93b000 	C:\WINDOWS\system32\sechost.dll
0x00007ffb097b0000 - 0x00007ffb098cc000 	C:\WINDOWS\system32\RPCRT4.dll
0x00007ffb0b060000 - 0x00007ffb0b1b6000 	C:\WINDOWS\system32\USER32.dll
0x00007ffb0bd80000 - 0x00007ffb0bf06000 	C:\WINDOWS\system32\GDI32.dll
0x00007ffb05130000 - 0x00007ffb053a4000 	C:\WINDOWS\WinSxS\amd64_microsoft.windows.common-controls_6595b64144ccf1df_6.0.10586.494_none_a2d8b04ea53e3145\COMCTL32.dll
0x00007ffb0baf0000 - 0x00007ffb0bd6d000 	C:\WINDOWS\system32\combase.dll
0x00007ffb089d0000 - 0x00007ffb08a3a000 	C:\WINDOWS\system32\bcryptPrimitives.dll
0x00007ffb0b020000 - 0x00007ffb0b05b000 	C:\WINDOWS\system32\IMM32.DLL
0x000000005a830000 - 0x000000005a902000 	C:\Program Files\Java\jdk1.8.0\jre\bin\msvcr100.dll
0x0000000059360000 - 0x0000000059b8a000 	C:\Program Files\Java\jdk1.8.0\jre\bin\server\jvm.dll
0x00007ffb0bd70000 - 0x00007ffb0bd78000 	C:\WINDOWS\system32\PSAPI.DLL
0x00007ffafde90000 - 0x00007ffafde99000 	C:\WINDOWS\SYSTEM32\WSOCK32.dll
0x00007ffb06e60000 - 0x00007ffb06e83000 	C:\WINDOWS\SYSTEM32\WINMM.dll
0x00007ffb098d0000 - 0x00007ffb0993b000 	C:\WINDOWS\system32\WS2_32.dll
0x00007ffb06e00000 - 0x00007ffb06e2c000 	C:\WINDOWS\SYSTEM32\WINMMBASE.dll
0x00007ffb08f20000 - 0x00007ffb08f63000 	C:\WINDOWS\system32\cfgmgr32.dll
0x000000005bae0000 - 0x000000005baef000 	C:\Program Files\Java\jdk1.8.0\jre\bin\verify.dll
0x000000005b990000 - 0x000000005b9b8000 	C:\Program Files\Java\jdk1.8.0\jre\bin\java.dll
0x000000005ad90000 - 0x000000005ada6000 	C:\Program Files\Java\jdk1.8.0\jre\bin\zip.dll
0x00007ffb09ac0000 - 0x00007ffb0b01c000 	C:\WINDOWS\system32\SHELL32.dll
0x00007ffb08f90000 - 0x00007ffb095d5000 	C:\WINDOWS\system32\windows.storage.dll
0x00007ffb0bfb0000 - 0x00007ffb0c002000 	C:\WINDOWS\system32\shlwapi.dll
0x00007ffb08880000 - 0x00007ffb0888f000 	C:\WINDOWS\system32\kernel.appcore.dll
0x00007ffb08a40000 - 0x00007ffb08af5000 	C:\WINDOWS\system32\shcore.dll
0x00007ffb08810000 - 0x00007ffb0885b000 	C:\WINDOWS\system32\powrprof.dll
0x00007ffb08860000 - 0x00007ffb08874000 	C:\WINDOWS\system32\profapi.dll

VM Arguments:
jvm_args: -Djava.awt.headless=true -Xmx1024M -Dfile.encoding=windows-1250 -Duser.country=PL -Duser.language=pl -Duser.variant 
java_command: com.android.dx.command.Main --dex --force-jumbo --num-threads=4 --multi-dex --output D:\Projects\AndroidStudioProjects\Nyndro\app\build\intermediates\transforms\dex\debug\folders\1000\10\internal_impl-24.0.0_53d3ba26e5bec830541048c12c4d3700c6077a38 D:\Projects\AndroidStudioProjects\Nyndro\app\build\intermediates\exploded-aar\com.android.support\support-v4\24.0.0\jars\libs\internal_impl-24.0.0.jar
java_class_path (initial): C:\Users\Marek\AppData\Local\Android\sdk\build-tools\23.0.3\lib\dx.jar
Launcher Type: SUN_STANDARD

Environment Variables:
JAVA_HOME=C:\Program Files\Java\jdk1.8.0
PATH=D:\oracledb\app\oracle\product\11.2.0\server\bin;;C:\ProgramData\Oracle\Java\javapath;C:\Program Files (x86)\Intel\iCLS Client\;C:\Program Files\Intel\iCLS Client\;C:\Windows\system32;C:\Windows;C:\Windows\System32\Wbem;C:\Windows\System32\WindowsPowerShell\v1.0\;C:\Program Files\Intel\WiFi\bin\;C:\Program Files\Common Files\Intel\WirelessCommon\;C:\Program Files\Intel\Intel(R) Management Engine Components\DAL;C:\Program Files\Intel\Intel(R) Management Engine Components\IPT;C:\Program Files (x86)\Intel\Intel(R) Management Engine Components\DAL;C:\Program Files (x86)\Intel\Intel(R) Management Engine Components\IPT;c:\Program Files (x86)\Microsoft SQL Server\100\Tools\Binn\;c:\Program Files\Microsoft SQL Server\100\Tools\Binn\;c:\Program Files\Microsoft SQL Server\100\DTS\Binn\;C:\Program Files (x86)\NVIDIA Corporation\PhysX\Common;C:\Program Files (x86)\IVI Foundation\VISA\WinNT\Bin;C:\WINDOWS\system32;C:\WINDOWS;C:\WINDOWS\System32\Wbem;C:\WINDOWS\System32\WindowsPowerShell\v1.0\;C:\Program Files (x86)\Skype\Phone\;C:\Program Files (x86)\Common Files\Seagate\SnapAPI\;C:\Program Files\Intel\WiFi\bin\;C:\Program Files\Common Files\Intel\WirelessCommon\;C:\Program Files (x86)\Common Files\Acronis\TibMounter64
USERNAME=Marek
OS=Windows_NT
PROCESSOR_IDENTIFIER=Intel64 Family 6 Model 60 Stepping 3, GenuineIntel



---------------  S Y S T E M  ---------------

OS: Windows 8.1 , 64 bit Build 9600 

CPU:total 8 (4 cores per cpu, 2 threads per core) family 6 model 60 stepping 3, cmov, cx8, fxsr, mmx, sse, sse2, sse3, ssse3, sse4.1, sse4.2, popcnt, avx, avx2, aes, clmul, erms, ht, tsc, tscinvbit

Memory: 4k page, physical 8337772k(877444k free), swap 10434924k(5092k free)

vm_info: Java HotSpot(TM) 64-Bit Server VM (25.0-b70) for windows-amd64 JRE (1.8.0-b132), built on Mar  4 2014 03:46:18 by "java_re" with MS VC++ 10.0 (VS2010)

time: Fri Jul 22 09:38:26 2016
elapsed time: 0 seconds

