#
# There is insufficient memory for the Java Runtime Environment to continue.
# Native memory allocation (malloc) failed to allocate 1574416 bytes for Chunk::new
# Possible reasons:
#   The system is out of physical RAM or swap space
#   In 32 bit mode, the process size limit was hit
# Possible solutions:
#   Reduce memory load on the system
#   Increase physical memory or swap space
#   Check if swap backing store is full
#   Use 64 bit Java on a 64 bit OS
#   Decrease Java heap size (-Xmx/-Xms)
#   Decrease number of Java threads
#   Decrease Java thread stack sizes (-Xss)
#   Set larger code cache with -XX:ReservedCodeCacheSize=
# This output file may be truncated or incomplete.
#
#  Out of Memory Error (allocation.cpp:388), pid=2960, tid=12072
#
# JRE version: Java(TM) SE Runtime Environment (8.0-b132) (build 1.8.0-b132)
# Java VM: Java HotSpot(TM) 64-Bit Server VM (25.0-b70 mixed mode windows-amd64 compressed oops)
# Failed to write core dump. Minidumps are not enabled by default on client versions of Windows
#

---------------  T H R E A D  ---------------

Current thread (0x00000000178d8000):  JavaThread "C2 CompilerThread0" daemon [_thread_in_native, id=12072, stack(0x0000000017eb0000,0x0000000017fb0000)]

Stack: [0x0000000017eb0000,0x0000000017fb0000]
Native frames: (J=compiled Java code, j=interpreted, Vv=VM code, C=native code)
V  [jvm.dll+0x308e0a]
V  [jvm.dll+0x25df11]
V  [jvm.dll+0x25eb2f]
V  [jvm.dll+0x256505]
V  [jvm.dll+0xbcff5]
V  [jvm.dll+0xbd48c]
V  [jvm.dll+0x43ade2]
V  [jvm.dll+0x4af6c5]
V  [jvm.dll+0x4b02ff]
V  [jvm.dll+0x440f51]
V  [jvm.dll+0x4436c9]
V  [jvm.dll+0x427552]
V  [jvm.dll+0x96732]
V  [jvm.dll+0x96f23]
V  [jvm.dll+0x2232e4]
V  [jvm.dll+0x27baea]
C  [msvcr100.dll+0x21d9f]
C  [msvcr100.dll+0x21e3b]
C  [KERNEL32.DLL+0x18102]
C  [ntdll.dll+0x5c5b4]


Current CompileTask:
C2:   8182 2431 %     4       com.android.dx.dex.code.OutputFinisher::getAllConstants @ 18 (47 bytes)


---------------  P R O C E S S  ---------------

Java Threads: ( => current thread )
  0x0000000017ba2000 JavaThread "pool-1-thread-1" [_thread_in_Java, id=4368, stack(0x000000001b150000,0x000000001b250000)]
  0x0000000017968000 JavaThread "Service Thread" daemon [_thread_blocked, id=12208, stack(0x00000000182b0000,0x00000000183b0000)]
  0x00000000178e8800 JavaThread "C1 CompilerThread3" daemon [_thread_blocked, id=10120, stack(0x00000000181b0000,0x00000000182b0000)]
  0x00000000178e4000 JavaThread "C2 CompilerThread2" daemon [_thread_in_native, id=12120, stack(0x00000000180b0000,0x00000000181b0000)]
  0x00000000178da000 JavaThread "C2 CompilerThread1" daemon [_thread_in_native, id=11344, stack(0x0000000017fb0000,0x00000000180b0000)]
=>0x00000000178d8000 JavaThread "C2 CompilerThread0" daemon [_thread_in_native, id=12072, stack(0x0000000017eb0000,0x0000000017fb0000)]
  0x00000000178d5800 JavaThread "Attach Listener" daemon [_thread_blocked, id=10016, stack(0x0000000017db0000,0x0000000017eb0000)]
  0x00000000178d5000 JavaThread "Signal Dispatcher" daemon [_thread_blocked, id=10880, stack(0x0000000017cb0000,0x0000000017db0000)]
  0x0000000002db1800 JavaThread "Finalizer" daemon [_thread_blocked, id=436, stack(0x00000000177b0000,0x00000000178b0000)]
  0x00000000158dc000 JavaThread "Reference Handler" daemon [_thread_blocked, id=9388, stack(0x00000000176b0000,0x00000000177b0000)]
  0x0000000002c7d800 JavaThread "main" [_thread_blocked, id=5312, stack(0x0000000002af0000,0x0000000002bf0000)]

Other Threads:
  0x00000000158d8000 VMThread [stack: 0x00000000175b0000,0x00000000176b0000] [id=10212]
  0x000000001796a000 WatcherThread [stack: 0x00000000183b0000,0x00000000184b0000] [id=10480]

VM state:not at safepoint (normal execution)

VM Mutex/Monitor currently owned by a thread: None

Heap:
 PSYoungGen      total 112640K, used 52648K [0x00000000eab00000, 0x00000000f5b00000, 0x0000000100000000)
  eden space 97280K, 38% used [0x00000000eab00000,0x00000000ecf6cbd0,0x00000000f0a00000)
  from space 15360K, 99% used [0x00000000f0a00000,0x00000000f18fd640,0x00000000f1900000)
  to   space 22016K, 0% used [0x00000000f4580000,0x00000000f4580000,0x00000000f5b00000)
 ParOldGen       total 129536K, used 62299K [0x00000000c0000000, 0x00000000c7e80000, 0x00000000eab00000)
  object space 129536K, 48% used [0x00000000c0000000,0x00000000c3cd6e48,0x00000000c7e80000)
 Metaspace       used 6456K, capacity 7352K, committed 7680K, reserved 1056768K
  class space    used 633K, capacity 688K, committed 768K, reserved 1048576K

Card table byte_map: [0x0000000012180000,0x0000000012390000] byte_map_base: 0x0000000011b80000

Marking Bits: (ParMarkBitMap*) 0x0000000059b113b0
 Begin Bits: [0x0000000012cf0000, 0x0000000013cf0000)
 End Bits:   [0x0000000013cf0000, 0x0000000014cf0000)

Polling page: 0x0000000001350000

CodeCache: size=245760Kb used=10735Kb max_used=12325Kb free=235024Kb
 bounds [0x0000000002dc0000, 0x00000000039e0000, 0x0000000011dc0000]
 total_blobs=2578 nmethods=2313 adapters=178
 compilation: enabled

Compilation events (10 events):
Event: 8.052 Thread 0x00000000178e8800 nmethod 2553 0x0000000003940310 code [0x00000000039404e0, 0x00000000039409d8]
Event: 8.052 Thread 0x00000000178e8800 2554       2       com.android.dx.dex.code.OutputFinisher::massageInstructions (89 bytes)
Event: 8.053 Thread 0x00000000178e4000 nmethod 2447 0x000000000393cd10 code [0x000000000393ce80, 0x000000000393d118]
Event: 8.053 Thread 0x00000000178e4000 2477       4       com.android.dx.rop.cst.CstString::stringToUtf8Bytes (175 bytes)
Event: 8.053 Thread 0x00000000178e8800 nmethod 2554 0x000000000393f550 code [0x000000000393f720, 0x000000000393fc58]
Event: 8.053 Thread 0x00000000178e8800 2555       2       com.android.dx.dex.file.MethodIdsSection::get (49 bytes)
Event: 8.053 Thread 0x00000000178e8800 nmethod 2555 0x000000000393edd0 code [0x000000000393ef80, 0x000000000393f338]
Event: 8.053 Thread 0x00000000178e8800 2557       2       com.android.dx.dex.code.PositionList::make (224 bytes)
Event: 8.054 Thread 0x00000000178e8800 nmethod 2557 0x000000000393d550 code [0x000000000393d780, 0x000000000393e268]
Event: 8.054 Thread 0x00000000178e8800 2558       2       com.android.dx.dex.code.LocalList$MakeState::startLocal (266 bytes)

GC Heap History (10 events):
Event: 6.380 GC heap before
{Heap before GC invocations=17 (full 0):
 PSYoungGen      total 57856K, used 56704K [0x00000000eab00000, 0x00000000eeb80000, 0x0000000100000000)
  eden space 51200K, 100% used [0x00000000eab00000,0x00000000edd00000,0x00000000edd00000)
  from space 6656K, 82% used [0x00000000ee400000,0x00000000ee960000,0x00000000eea80000)
  to   space 7168K, 0% used [0x00000000edd00000,0x00000000edd00000,0x00000000ee400000)
 ParOldGen       total 129536K, used 19210K [0x00000000c0000000, 0x00000000c7e80000, 0x00000000eab00000)
  object space 129536K, 14% used [0x00000000c0000000,0x00000000c12c2ab8,0x00000000c7e80000)
 Metaspace       used 6046K, capacity 7024K, committed 7296K, reserved 1056768K
  class space    used 594K, capacity 616K, committed 640K, reserved 1048576K
Event: 6.460 GC heap after
Heap after GC invocations=17 (full 0):
 PSYoungGen      total 58368K, used 7136K [0x00000000eab00000, 0x00000000f0600000, 0x0000000100000000)
  eden space 51200K, 0% used [0x00000000eab00000,0x00000000eab00000,0x00000000edd00000)
  from space 7168K, 99% used [0x00000000edd00000,0x00000000ee3f8020,0x00000000ee400000)
  to   space 10752K, 0% used [0x00000000efb80000,0x00000000efb80000,0x00000000f0600000)
 ParOldGen       total 129536K, used 25489K [0x00000000c0000000, 0x00000000c7e80000, 0x00000000eab00000)
  object space 129536K, 19% used [0x00000000c0000000,0x00000000c18e4790,0x00000000c7e80000)
 Metaspace       used 6046K, capacity 7024K, committed 7296K, reserved 1056768K
  class space    used 594K, capacity 616K, committed 640K, reserved 1048576K
}
Event: 6.641 GC heap before
{Heap before GC invocations=18 (full 0):
 PSYoungGen      total 58368K, used 58336K [0x00000000eab00000, 0x00000000f0600000, 0x0000000100000000)
  eden space 51200K, 100% used [0x00000000eab00000,0x00000000edd00000,0x00000000edd00000)
  from space 7168K, 99% used [0x00000000edd00000,0x00000000ee3f8020,0x00000000ee400000)
  to   space 10752K, 0% used [0x00000000efb80000,0x00000000efb80000,0x00000000f0600000)
 ParOldGen       total 129536K, used 25489K [0x00000000c0000000, 0x00000000c7e80000, 0x00000000eab00000)
  object space 129536K, 19% used [0x00000000c0000000,0x00000000c18e4790,0x00000000c7e80000)
 Metaspace       used 6052K, capacity 7024K, committed 7296K, reserved 1056768K
  class space    used 594K, capacity 616K, committed 640K, reserved 1048576K
Event: 6.655 GC heap after
Heap after GC invocations=18 (full 0):
 PSYoungGen      total 80896K, used 8909K [0x00000000eab00000, 0x00000000f0900000, 0x0000000100000000)
  eden space 70144K, 0% used [0x00000000eab00000,0x00000000eab00000,0x00000000eef80000)
  from space 10752K, 82% used [0x00000000efb80000,0x00000000f0433760,0x00000000f0600000)
  to   space 12288K, 0% used [0x00000000eef80000,0x00000000eef80000,0x00000000efb80000)
 ParOldGen       total 129536K, used 32627K [0x00000000c0000000, 0x00000000c7e80000, 0x00000000eab00000)
  object space 129536K, 25% used [0x00000000c0000000,0x00000000c1fdcfb0,0x00000000c7e80000)
 Metaspace       used 6052K, capacity 7024K, committed 7296K, reserved 1056768K
  class space    used 594K, capacity 616K, committed 640K, reserved 1048576K
}
Event: 6.888 GC heap before
{Heap before GC invocations=19 (full 0):
 PSYoungGen      total 80896K, used 79053K [0x00000000eab00000, 0x00000000f0900000, 0x0000000100000000)
  eden space 70144K, 100% used [0x00000000eab00000,0x00000000eef80000,0x00000000eef80000)
  from space 10752K, 82% used [0x00000000efb80000,0x00000000f0433760,0x00000000f0600000)
  to   space 12288K, 0% used [0x00000000eef80000,0x00000000eef80000,0x00000000efb80000)
 ParOldGen       total 129536K, used 32627K [0x00000000c0000000, 0x00000000c7e80000, 0x00000000eab00000)
  object space 129536K, 25% used [0x00000000c0000000,0x00000000c1fdcfb0,0x00000000c7e80000)
 Metaspace       used 6166K, capacity 7064K, committed 7424K, reserved 1056768K
  class space    used 614K, capacity 656K, committed 768K, reserved 1048576K
Event: 6.926 GC heap after
Heap after GC invocations=19 (full 0):
 PSYoungGen      total 82432K, used 11488K [0x00000000eab00000, 0x00000000f2700000, 0x0000000100000000)
  eden space 70144K, 0% used [0x00000000eab00000,0x00000000eab00000,0x00000000eef80000)
  from space 12288K, 93% used [0x00000000eef80000,0x00000000efab8000,0x00000000efb80000)
  to   space 14336K, 0% used [0x00000000f1900000,0x00000000f1900000,0x00000000f2700000)
 ParOldGen       total 129536K, used 40829K [0x00000000c0000000, 0x00000000c7e80000, 0x00000000eab00000)
  object space 129536K, 31% used [0x00000000c0000000,0x00000000c27df488,0x00000000c7e80000)
 Metaspace       used 6166K, capacity 7064K, committed 7424K, reserved 1056768K
  class space    used 614K, capacity 656K, committed 768K, reserved 1048576K
}
Event: 7.215 GC heap before
{Heap before GC invocations=20 (full 0):
 PSYoungGen      total 82432K, used 81632K [0x00000000eab00000, 0x00000000f2700000, 0x0000000100000000)
  eden space 70144K, 100% used [0x00000000eab00000,0x00000000eef80000,0x00000000eef80000)
  from space 12288K, 93% used [0x00000000eef80000,0x00000000efab8000,0x00000000efb80000)
  to   space 14336K, 0% used [0x00000000f1900000,0x00000000f1900000,0x00000000f2700000)
 ParOldGen       total 129536K, used 40829K [0x00000000c0000000, 0x00000000c7e80000, 0x00000000eab00000)
  object space 129536K, 31% used [0x00000000c0000000,0x00000000c27df488,0x00000000c7e80000)
 Metaspace       used 6171K, capacity 7064K, committed 7424K, reserved 1056768K
  class space    used 614K, capacity 656K, committed 768K, reserved 1048576K
Event: 7.249 GC heap after
Heap after GC invocations=20 (full 0):
 PSYoungGen      total 111616K, used 11071K [0x00000000eab00000, 0x00000000f2900000, 0x0000000100000000)
  eden space 97280K, 0% used [0x00000000eab00000,0x00000000eab00000,0x00000000f0a00000)
  from space 14336K, 77% used [0x00000000f1900000,0x00000000f23cff98,0x00000000f2700000)
  to   space 15360K, 0% used [0x00000000f0a00000,0x00000000f0a00000,0x00000000f1900000)
 ParOldGen       total 129536K, used 51766K [0x00000000c0000000, 0x00000000c7e80000, 0x00000000eab00000)
  object space 129536K, 39% used [0x00000000c0000000,0x00000000c328d8b8,0x00000000c7e80000)
 Metaspace       used 6171K, capacity 7064K, committed 7424K, reserved 1056768K
  class space    used 614K, capacity 656K, committed 768K, reserved 1048576K
}
Event: 7.523 GC heap before
{Heap before GC invocations=21 (full 0):
 PSYoungGen      total 111616K, used 108351K [0x00000000eab00000, 0x00000000f2900000, 0x0000000100000000)
  eden space 97280K, 100% used [0x00000000eab00000,0x00000000f0a00000,0x00000000f0a00000)
  from space 14336K, 77% used [0x00000000f1900000,0x00000000f23cff98,0x00000000f2700000)
  to   space 15360K, 0% used [0x00000000f0a00000,0x00000000f0a00000,0x00000000f1900000)
 ParOldGen       total 129536K, used 51766K [0x00000000c0000000, 0x00000000c7e80000, 0x00000000eab00000)
  object space 129536K, 39% used [0x00000000c0000000,0x00000000c328d8b8,0x00000000c7e80000)
 Metaspace       used 6175K, capacity 7064K, committed 7424K, reserved 1056768K
  class space    used 614K, capacity 656K, committed 768K, reserved 1048576K
Event: 7.561 GC heap after
Heap after GC invocations=21 (full 0):
 PSYoungGen      total 112640K, used 15349K [0x00000000eab00000, 0x00000000f5b00000, 0x0000000100000000)
  eden space 97280K, 0% used [0x00000000eab00000,0x00000000eab00000,0x00000000f0a00000)
  from space 15360K, 99% used [0x00000000f0a00000,0x00000000f18fd640,0x00000000f1900000)
  to   space 22016K, 0% used [0x00000000f4580000,0x00000000f4580000,0x00000000f5b00000)
 ParOldGen       total 129536K, used 62299K [0x00000000c0000000, 0x00000000c7e80000, 0x00000000eab00000)
  object space 129536K, 48% used [0x00000000c0000000,0x00000000c3cd6e48,0x00000000c7e80000)
 Metaspace       used 6175K, capacity 7064K, committed 7424K, reserved 1056768K
  class space    used 614K, capacity 656K, committed 768K, reserved 1048576K
}

Deoptimization events (10 events):
Event: 7.674 Thread 0x0000000017ba2000 Uncommon trap: reason=class_check action=maybe_recompile pc=0x0000000003298660 method=java.util.Arrays.hashCode([Ljava/lang/Object;)I @ 43
Event: 7.674 Thread 0x0000000017ba2000 Uncommon trap: reason=class_check action=maybe_recompile pc=0x0000000003283ec0 method=java.util.Arrays.hashCode([Ljava/lang/Object;)I @ 43
Event: 8.041 Thread 0x0000000017ba2000 Uncommon trap: reason=class_check action=maybe_recompile pc=0x0000000003173bd8 method=com.android.dx.util.FixedSizeList.equals(Ljava/lang/Object;)Z @ 25
Event: 8.041 Thread 0x0000000017ba2000 Uncommon trap: reason=class_check action=maybe_recompile pc=0x0000000003176fe4 method=java.util.Arrays.equals([Ljava/lang/Object;[Ljava/lang/Object;)Z @ 62
Event: 8.041 Thread 0x0000000017ba2000 Uncommon trap: reason=class_check action=maybe_recompile pc=0x0000000003173bd8 method=com.android.dx.util.FixedSizeList.equals(Ljava/lang/Object;)Z @ 25
Event: 8.041 Thread 0x0000000017ba2000 Uncommon trap: reason=class_check action=maybe_recompile pc=0x0000000003176fe4 method=java.util.Arrays.equals([Ljava/lang/Object;[Ljava/lang/Object;)Z @ 62
Event: 8.041 Thread 0x0000000017ba2000 Uncommon trap: reason=class_check action=maybe_recompile pc=0x0000000003173bd8 method=com.android.dx.util.FixedSizeList.equals(Ljava/lang/Object;)Z @ 25
Event: 8.041 Thread 0x0000000017ba2000 Uncommon trap: reason=class_check action=maybe_recompile pc=0x0000000003173bd8 method=com.android.dx.util.FixedSizeList.equals(Ljava/lang/Object;)Z @ 25
Event: 8.041 Thread 0x0000000017ba2000 Uncommon trap: reason=class_check action=maybe_recompile pc=0x0000000003176fe4 method=java.util.Arrays.equals([Ljava/lang/Object;[Ljava/lang/Object;)Z @ 62
Event: 8.041 Thread 0x0000000017ba2000 Uncommon trap: reason=class_check action=maybe_recompile pc=0x0000000003176fe4 method=java.util.Arrays.equals([Ljava/lang/Object;[Ljava/lang/Object;)Z @ 62

Internal exceptions (10 events):
Event: 8.014 Thread 0x0000000017ba2000 Exception <a 'java/security/PrivilegedActionException'> (0x00000000ec9e0fb8) thrown at [D:\re\workspace\8-2-build-windows-amd64-cygwin\jdk8\2238\hotspot\src\share\vm\prims\jvm.cpp, line 1248]
Event: 8.015 Thread 0x0000000017ba2000 Exception <a 'java/security/PrivilegedActionException'> (0x00000000ec9e3a60) thrown at [D:\re\workspace\8-2-build-windows-amd64-cygwin\jdk8\2238\hotspot\src\share\vm\prims\jvm.cpp, line 1248]
Event: 8.016 Thread 0x0000000017ba2000 Exception <a 'java/security/PrivilegedActionException'> (0x00000000ec9e8d00) thrown at [D:\re\workspace\8-2-build-windows-amd64-cygwin\jdk8\2238\hotspot\src\share\vm\prims\jvm.cpp, line 1248]
Event: 8.017 Thread 0x0000000017ba2000 Exception <a 'java/security/PrivilegedActionException'> (0x00000000ec9ef338) thrown at [D:\re\workspace\8-2-build-windows-amd64-cygwin\jdk8\2238\hotspot\src\share\vm\prims\jvm.cpp, line 1248]
Event: 8.017 Thread 0x0000000017ba2000 Exception <a 'java/security/PrivilegedActionException'> (0x00000000ec9f2320) thrown at [D:\re\workspace\8-2-build-windows-amd64-cygwin\jdk8\2238\hotspot\src\share\vm\prims\jvm.cpp, line 1248]
Event: 8.018 Thread 0x0000000017ba2000 Exception <a 'java/security/PrivilegedActionException'> (0x00000000ec9f7200) thrown at [D:\re\workspace\8-2-build-windows-amd64-cygwin\jdk8\2238\hotspot\src\share\vm\prims\jvm.cpp, line 1248]
Event: 8.018 Thread 0x0000000017ba2000 Exception <a 'java/security/PrivilegedActionException'> (0x00000000ec9fb960) thrown at [D:\re\workspace\8-2-build-windows-amd64-cygwin\jdk8\2238\hotspot\src\share\vm\prims\jvm.cpp, line 1248]
Event: 8.040 Thread 0x0000000017ba2000 Exception <a 'java/security/PrivilegedActionException'> (0x00000000eca1c570) thrown at [D:\re\workspace\8-2-build-windows-amd64-cygwin\jdk8\2238\hotspot\src\share\vm\prims\jvm.cpp, line 1248]
Event: 8.041 Thread 0x0000000017ba2000 Exception <a 'java/security/PrivilegedActionException'> (0x00000000eca1f6a0) thrown at [D:\re\workspace\8-2-build-windows-amd64-cygwin\jdk8\2238\hotspot\src\share\vm\prims\jvm.cpp, line 1248]
Event: 8.041 Thread 0x0000000017ba2000 Exception <a 'java/security/PrivilegedActionException'> (0x00000000eca22c58) thrown at [D:\re\workspace\8-2-build-windows-amd64-cygwin\jdk8\2238\hotspot\src\share\vm\prims\jvm.cpp, line 1248]

Events (10 events):
Event: 8.041 Thread 0x0000000017ba2000 DEOPT PACKING pc=0x0000000003173bd8 sp=0x000000001b24ed00
Event: 8.041 Thread 0x0000000017ba2000 DEOPT UNPACKING pc=0x0000000002e055af sp=0x000000001b24ecc0 mode 2
Event: 8.041 Thread 0x0000000017ba2000 Uncommon trap: trap_request=0xffffffde fr.pc=0x0000000003176fe4
Event: 8.041 Thread 0x0000000017ba2000 DEOPT PACKING pc=0x0000000003176fe4 sp=0x000000001b24ec90
Event: 8.041 Thread 0x0000000017ba2000 DEOPT UNPACKING pc=0x0000000002e055af sp=0x000000001b24ec30 mode 2
Event: 8.041 Thread 0x0000000017ba2000 Uncommon trap: trap_request=0xffffffde fr.pc=0x0000000003176fe4
Event: 8.041 Thread 0x0000000017ba2000 DEOPT PACKING pc=0x0000000003176fe4 sp=0x000000001b24ec90
Event: 8.041 Thread 0x0000000017ba2000 DEOPT UNPACKING pc=0x0000000002e055af sp=0x000000001b24ec30 mode 2
Event: 8.041 loading class com/android/dx/util/ByteArrayAnnotatedOutput
Event: 8.041 loading class com/android/dx/util/ByteArrayAnnotatedOutput done


Dynamic libraries:
0x00007ff627de0000 - 0x00007ff627e14000 	C:\Program Files\Java\jdk1.8.0\bin\java.exe
0x00007ffb0c200000 - 0x00007ffb0c3c1000 	C:\WINDOWS\SYSTEM32\ntdll.dll
0x00007ffb0b830000 - 0x00007ffb0b8dd000 	C:\WINDOWS\system32\KERNEL32.DLL
0x00007ffb08b00000 - 0x00007ffb08ce8000 	C:\WINDOWS\system32\KERNELBASE.dll
0x00007ffb0b770000 - 0x00007ffb0b817000 	C:\WINDOWS\system32\ADVAPI32.dll
0x00007ffb0bf10000 - 0x00007ffb0bfad000 	C:\WINDOWS\system32\msvcrt.dll
0x00007ffb0b8e0000 - 0x00007ffb0b93b000 	C:\WINDOWS\system32\sechost.dll
0x00007ffb097b0000 - 0x00007ffb098cc000 	C:\WINDOWS\system32\RPCRT4.dll
0x00007ffb0b060000 - 0x00007ffb0b1b6000 	C:\WINDOWS\system32\USER32.dll
0x00007ffb0bd80000 - 0x00007ffb0bf06000 	C:\WINDOWS\system32\GDI32.dll
0x00007ffb05130000 - 0x00007ffb053a4000 	C:\WINDOWS\WinSxS\amd64_microsoft.windows.common-controls_6595b64144ccf1df_6.0.10586.494_none_a2d8b04ea53e3145\COMCTL32.dll
0x00007ffb0baf0000 - 0x00007ffb0bd6d000 	C:\WINDOWS\system32\combase.dll
0x00007ffb089d0000 - 0x00007ffb08a3a000 	C:\WINDOWS\system32\bcryptPrimitives.dll
0x00007ffb0b020000 - 0x00007ffb0b05b000 	C:\WINDOWS\system32\IMM32.DLL
0x000000005a830000 - 0x000000005a902000 	C:\Program Files\Java\jdk1.8.0\jre\bin\msvcr100.dll
0x0000000059360000 - 0x0000000059b8a000 	C:\Program Files\Java\jdk1.8.0\jre\bin\server\jvm.dll
0x00007ffb0bd70000 - 0x00007ffb0bd78000 	C:\WINDOWS\system32\PSAPI.DLL
0x00007ffafde90000 - 0x00007ffafde99000 	C:\WINDOWS\SYSTEM32\WSOCK32.dll
0x00007ffb06e60000 - 0x00007ffb06e83000 	C:\WINDOWS\SYSTEM32\WINMM.dll
0x00007ffb098d0000 - 0x00007ffb0993b000 	C:\WINDOWS\system32\WS2_32.dll
0x00007ffb06e00000 - 0x00007ffb06e2c000 	C:\WINDOWS\SYSTEM32\WINMMBASE.dll
0x00007ffb08f20000 - 0x00007ffb08f63000 	C:\WINDOWS\system32\cfgmgr32.dll
0x000000005bae0000 - 0x000000005baef000 	C:\Program Files\Java\jdk1.8.0\jre\bin\verify.dll
0x000000005b990000 - 0x000000005b9b8000 	C:\Program Files\Java\jdk1.8.0\jre\bin\java.dll
0x000000005ad90000 - 0x000000005ada6000 	C:\Program Files\Java\jdk1.8.0\jre\bin\zip.dll
0x00007ffb09ac0000 - 0x00007ffb0b01c000 	C:\WINDOWS\system32\SHELL32.dll
0x00007ffb08f90000 - 0x00007ffb095d5000 	C:\WINDOWS\system32\windows.storage.dll
0x00007ffb0bfb0000 - 0x00007ffb0c002000 	C:\WINDOWS\system32\shlwapi.dll
0x00007ffb08880000 - 0x00007ffb0888f000 	C:\WINDOWS\system32\kernel.appcore.dll
0x00007ffb08a40000 - 0x00007ffb08af5000 	C:\WINDOWS\system32\shcore.dll
0x00007ffb08810000 - 0x00007ffb0885b000 	C:\WINDOWS\system32\powrprof.dll
0x00007ffb08860000 - 0x00007ffb08874000 	C:\WINDOWS\system32\profapi.dll
0x00007ffb04b00000 - 0x00007ffb04c8c000 	C:\WINDOWS\SYSTEM32\dbghelp.dll

VM Arguments:
jvm_args: -Djava.awt.headless=true -Xmx1024M -Dfile.encoding=windows-1250 -Duser.country=PL -Duser.language=pl -Duser.variant 
java_command: com.android.dx.command.Main --dex --force-jumbo --num-threads=4 --multi-dex --output D:\Projects\AndroidStudioProjects\Nyndro\app\build\intermediates\transforms\dex\debug\folders\1000\10\com.android.support-support-v4-24.0.0_4b89a2b18a69b1f2244b85a5b823b2b4fe6a5bcb D:\Projects\AndroidStudioProjects\Nyndro\app\build\intermediates\exploded-aar\com.android.support\support-v4\24.0.0\jars\classes.jar
java_class_path (initial): C:\Users\Marek\AppData\Local\Android\sdk\build-tools\23.0.3\lib\dx.jar
Launcher Type: SUN_STANDARD

Environment Variables:
JAVA_HOME=C:\Program Files\Java\jdk1.8.0
PATH=D:\oracledb\app\oracle\product\11.2.0\server\bin;;C:\ProgramData\Oracle\Java\javapath;C:\Program Files (x86)\Intel\iCLS Client\;C:\Program Files\Intel\iCLS Client\;C:\Windows\system32;C:\Windows;C:\Windows\System32\Wbem;C:\Windows\System32\WindowsPowerShell\v1.0\;C:\Program Files\Intel\WiFi\bin\;C:\Program Files\Common Files\Intel\WirelessCommon\;C:\Program Files\Intel\Intel(R) Management Engine Components\DAL;C:\Program Files\Intel\Intel(R) Management Engine Components\IPT;C:\Program Files (x86)\Intel\Intel(R) Management Engine Components\DAL;C:\Program Files (x86)\Intel\Intel(R) Management Engine Components\IPT;c:\Program Files (x86)\Microsoft SQL Server\100\Tools\Binn\;c:\Program Files\Microsoft SQL Server\100\Tools\Binn\;c:\Program Files\Microsoft SQL Server\100\DTS\Binn\;C:\Program Files (x86)\NVIDIA Corporation\PhysX\Common;C:\Program Files (x86)\IVI Foundation\VISA\WinNT\Bin;C:\WINDOWS\system32;C:\WINDOWS;C:\WINDOWS\System32\Wbem;C:\WINDOWS\System32\WindowsPowerShell\v1.0\;C:\Program Files (x86)\Skype\Phone\;C:\Program Files (x86)\Common Files\Seagate\SnapAPI\;C:\Program Files\Intel\WiFi\bin\;C:\Program Files\Common Files\Intel\WirelessCommon\;C:\Program Files (x86)\Common Files\Acronis\TibMounter64
USERNAME=Marek
OS=Windows_NT
PROCESSOR_IDENTIFIER=Intel64 Family 6 Model 60 Stepping 3, GenuineIntel



---------------  S Y S T E M  ---------------

OS: Windows 8.1 , 64 bit Build 9600 

CPU:total 8 (4 cores per cpu, 2 threads per core) family 6 model 60 stepping 3, cmov, cx8, fxsr, mmx, sse, sse2, sse3, ssse3, sse4.1, sse4.2, popcnt, avx, avx2, aes, clmul, erms, ht, tsc, tscinvbit

Memory: 4k page, physical 8337772k(1026544k free), swap 10434924k(426784k free)

vm_info: Java HotSpot(TM) 64-Bit Server VM (25.0-b70) for windows-amd64 JRE (1.8.0-b132), built on Mar  4 2014 03:46:18 by "java_re" with MS VC++ 10.0 (VS2010)

time: Thu Jul 21 17:07:24 2016
elapsed time: 8 seconds

