#
# There is insufficient memory for the Java Runtime Environment to continue.
# Native memory allocation (malloc) failed to allocate 32744 bytes for ChunkPool::allocate
# Possible reasons:
#   The system is out of physical RAM or swap space
#   In 32 bit mode, the process size limit was hit
# Possible solutions:
#   Reduce memory load on the system
#   Increase physical memory or swap space
#   Check if swap backing store is full
#   Use 64 bit Java on a 64 bit OS
#   Decrease Java heap size (-Xmx/-Xms)
#   Decrease number of Java threads
#   Decrease Java thread stack sizes (-Xss)
#   Set larger code cache with -XX:ReservedCodeCacheSize=
# This output file may be truncated or incomplete.
#
#  Out of Memory Error (allocation.cpp:271), pid=11900, tid=10940
#
# JRE version: Java(TM) SE Runtime Environment (8.0-b132) (build 1.8.0-b132)
# Java VM: Java HotSpot(TM) 64-Bit Server VM (25.0-b70 mixed mode windows-amd64 compressed oops)
# Failed to write core dump. Minidumps are not enabled by default on client versions of Windows
#

---------------  T H R E A D  ---------------

Current thread (0x0000000017b0b000):  JavaThread "C2 CompilerThread0" daemon [_thread_in_vm, id=10940, stack(0x00000000180e0000,0x00000000181e0000)]

Stack: [0x00000000180e0000,0x00000000181e0000]
Native frames: (J=compiled Java code, j=interpreted, Vv=VM code, C=native code)
V  [jvm.dll+0x308e0a]


---------------  P R O C E S S  ---------------

Java Threads: ( => current thread )
  0x0000000017b88000 JavaThread "Service Thread" daemon [_thread_blocked, id=7272, stack(0x00000000184e0000,0x00000000185e0000)]
  0x0000000015b0c800 JavaThread "C1 CompilerThread3" daemon [_thread_blocked, id=6612, stack(0x00000000183e0000,0x00000000184e0000)]
  0x0000000015b0b800 JavaThread "C2 CompilerThread2" daemon [_thread_blocked, id=11980, stack(0x00000000182e0000,0x00000000183e0000)]
  0x0000000017b0f000 JavaThread "C2 CompilerThread1" daemon [_thread_blocked, id=3884, stack(0x00000000181e0000,0x00000000182e0000)]
=>0x0000000017b0b000 JavaThread "C2 CompilerThread0" daemon [_thread_in_vm, id=10940, stack(0x00000000180e0000,0x00000000181e0000)]
  0x0000000017b08800 JavaThread "Attach Listener" daemon [_thread_blocked, id=12028, stack(0x0000000017fe0000,0x00000000180e0000)]
  0x0000000017b07000 JavaThread "Signal Dispatcher" daemon [_thread_blocked, id=11216, stack(0x0000000017ee0000,0x0000000017fe0000)]
  0x0000000002fd8000 JavaThread "Finalizer" daemon [_thread_blocked, id=5732, stack(0x00000000179e0000,0x0000000017ae0000)]
  0x0000000015afc000 JavaThread "Reference Handler" daemon [_thread_blocked, id=5760, stack(0x00000000178e0000,0x00000000179e0000)]
  0x0000000002edd800 JavaThread "main" [_thread_blocked, id=10192, stack(0x0000000002d20000,0x0000000002e20000)]

Other Threads:
  0x0000000015af8000 VMThread [stack: 0x00000000177e0000,0x00000000178e0000] [id=7460]
  0x0000000017b9a000 WatcherThread [stack: 0x00000000185e0000,0x00000000186e0000] [id=6012]

VM state:synchronizing (normal execution)

VM Mutex/Monitor currently owned by a thread:  ([mutex/lock_event])
[0x0000000002edc6b0] Threads_lock - owner thread: 0x0000000015af8000
[0x0000000002edce30] Heap_lock - owner thread: 0x0000000002edd800

Heap:
 PSYoungGen      total 1024K, used 512K [0x00000000eab00000, 0x00000000eac80000, 0x0000000100000000)
  eden space 512K, 100% used [0x00000000eab00000,0x00000000eab80000,0x00000000eab80000)
  from space 512K, 0% used [0x00000000eac00000,0x00000000eac00000,0x00000000eac80000)
  to   space 512K, 0% used [0x00000000eab80000,0x00000000eab80000,0x00000000eac00000)
 ParOldGen       total 129536K, used 0K [0x00000000c0000000, 0x00000000c7e80000, 0x00000000eab00000)
  object space 129536K, 0% used [0x00000000c0000000,0x00000000c0000000,0x00000000c7e80000)
 Metaspace       used 2524K, capacity 4480K, committed 4480K, reserved 1056768K
  class space    used 274K, capacity 384K, committed 384K, reserved 1048576K

Card table byte_map: [0x00000000123a0000,0x00000000125b0000] byte_map_base: 0x0000000011da0000

Marking Bits: (ParMarkBitMap*) 0x0000000059b113b0
 Begin Bits: [0x0000000012f10000, 0x0000000013f10000)
 End Bits:   [0x0000000013f10000, 0x0000000014f10000)

Polling page: 0x0000000002ce0000

CodeCache: size=245760Kb used=1094Kb max_used=1094Kb free=244665Kb
 bounds [0x0000000002fe0000, 0x0000000003250000, 0x0000000011fe0000]
 total_blobs=250 nmethods=23 adapters=146
 compilation: enabled

Compilation events (10 events):
Event: 0.061 Thread 0x0000000015b0c800 nmethod 15 0x00000000030ee910 code [0x00000000030eeac0, 0x00000000030eeed8]
Event: 0.071 Thread 0x0000000015b0c800   20       3       java.lang.String::getChars (62 bytes)
Event: 0.071 Thread 0x0000000015b0c800 nmethod 20 0x00000000030ef110 code [0x00000000030ef2c0, 0x00000000030ef6f8]
Event: 0.071 Thread 0x0000000015b0c800   21       3       java.lang.String::indexOf (70 bytes)
Event: 0.071 Thread 0x0000000015b0c800 nmethod 21 0x00000000030ef910 code [0x00000000030efaa0, 0x00000000030efe28]
Event: 0.072 Thread 0x0000000015b0c800   22       3       java.lang.Math::min (11 bytes)
Event: 0.073 Thread 0x0000000015b0c800 nmethod 22 0x00000000030eff90 code [0x00000000030f00e0, 0x00000000030f0270]
Event: 0.076 Thread 0x0000000015b0c800   23       3       java.io.BufferedInputStream::getBufIfOpen (21 bytes)
Event: 0.076 Thread 0x0000000015b0c800 nmethod 23 0x00000000030f1910 code [0x00000000030f1a80, 0x00000000030f1c88]
Event: 0.076 Thread 0x0000000015b0c800   25       3       java.io.DataInputStream::readUTF (501 bytes)

GC Heap History (0 events):
No events

Deoptimization events (0 events):
No events

Internal exceptions (3 events):
Event: 0.030 Thread 0x0000000002edd800 Exception <a 'java/lang/NoSuchMethodError': Method sun.misc.Unsafe.defineClass(Ljava/lang/String;[BII)Ljava/lang/Class; name or signature does not match> (0x00000000eab14bc8) thrown at [D:\re\workspace\8-2-build-windows-amd64-cygwin\jdk8\2238\hotspot\src\sË¥~0çû?
Event: 0.030 Thread 0x0000000002edd800 Exception <a 'java/lang/NoSuchMethodError': Method sun.misc.Unsafe.prefetchRead(Ljava/lang/Object;J)V name or signature does not match> (0x00000000eab14e58) thrown at [D:\re\workspace\8-2-build-windows-amd64-cygwin\jdk8\2238\hotspot\src\share\vm\prims\jni.ÈóÁÅ_I≤?
Event: 0.071 Thread 0x0000000002edd800 Exception <a 'java/security/PrivilegedActionException'> (0x00000000eab648d0) thrown at [D:\re\workspace\8-2-build-windows-amd64-cygwin\jdk8\2238\hotspot\src\share\vm\prims\jvm.cpp, line 1248]

Events (10 events):
Event: 0.076 loading class sun/util/calendar/ZoneInfo done
Event: 0.076 loading class sun/util/calendar/ZoneInfoFile
Event: 0.076 loading class sun/util/calendar/ZoneInfoFile done
Event: 0.076 loading class sun/util/calendar/ZoneInfoFile$1
Event: 0.076 loading class sun/util/calendar/ZoneInfoFile$1 done
Event: 0.076 loading class java/io/DataInputStream
Event: 0.076 loading class java/io/DataInput
Event: 0.076 loading class java/io/DataInput done
Event: 0.076 loading class java/io/DataInputStream done
Event: 0.077 Executing VM operation: ParallelGCFailedAllocation


Dynamic libraries:
0x00007ff627de0000 - 0x00007ff627e14000 	C:\Program Files\Java\jdk1.8.0\bin\java.exe
0x00007ffb0c200000 - 0x00007ffb0c3c1000 	C:\WINDOWS\SYSTEM32\ntdll.dll
0x00007ffb0b830000 - 0x00007ffb0b8dd000 	C:\WINDOWS\system32\KERNEL32.DLL
0x00007ffb08b00000 - 0x00007ffb08ce8000 	C:\WINDOWS\system32\KERNELBASE.dll
0x00007ffb0b770000 - 0x00007ffb0b817000 	C:\WINDOWS\system32\ADVAPI32.dll
0x00007ffb0bf10000 - 0x00007ffb0bfad000 	C:\WINDOWS\system32\msvcrt.dll
0x00007ffb0b8e0000 - 0x00007ffb0b93b000 	C:\WINDOWS\system32\sechost.dll
0x00007ffb097b0000 - 0x00007ffb098cc000 	C:\WINDOWS\system32\RPCRT4.dll
0x00007ffb0b060000 - 0x00007ffb0b1b6000 	C:\WINDOWS\system32\USER32.dll
0x00007ffb0bd80000 - 0x00007ffb0bf06000 	C:\WINDOWS\system32\GDI32.dll
0x00007ffb05130000 - 0x00007ffb053a4000 	C:\WINDOWS\WinSxS\amd64_microsoft.windows.common-controls_6595b64144ccf1df_6.0.10586.494_none_a2d8b04ea53e3145\COMCTL32.dll
0x00007ffb0baf0000 - 0x00007ffb0bd6d000 	C:\WINDOWS\system32\combase.dll
0x00007ffb089d0000 - 0x00007ffb08a3a000 	C:\WINDOWS\system32\bcryptPrimitives.dll
0x00007ffb0b020000 - 0x00007ffb0b05b000 	C:\WINDOWS\system32\IMM32.DLL
0x000000005a830000 - 0x000000005a902000 	C:\Program Files\Java\jdk1.8.0\jre\bin\msvcr100.dll
0x0000000059360000 - 0x0000000059b8a000 	C:\Program Files\Java\jdk1.8.0\jre\bin\server\jvm.dll
0x00007ffb0bd70000 - 0x00007ffb0bd78000 	C:\WINDOWS\system32\PSAPI.DLL
0x00007ffafde90000 - 0x00007ffafde99000 	C:\WINDOWS\SYSTEM32\WSOCK32.dll
0x00007ffb06e60000 - 0x00007ffb06e83000 	C:\WINDOWS\SYSTEM32\WINMM.dll
0x00007ffb098d0000 - 0x00007ffb0993b000 	C:\WINDOWS\system32\WS2_32.dll
0x0000000002c70000 - 0x0000000002c9c000 	C:\WINDOWS\SYSTEM32\WINMMBASE.dll
0x00007ffb08f20000 - 0x00007ffb08f63000 	C:\WINDOWS\system32\cfgmgr32.dll
0x000000005bae0000 - 0x000000005baef000 	C:\Program Files\Java\jdk1.8.0\jre\bin\verify.dll
0x000000005b990000 - 0x000000005b9b8000 	C:\Program Files\Java\jdk1.8.0\jre\bin\java.dll
0x000000005ad90000 - 0x000000005ada6000 	C:\Program Files\Java\jdk1.8.0\jre\bin\zip.dll
0x00007ffb09ac0000 - 0x00007ffb0b01c000 	C:\WINDOWS\system32\SHELL32.dll
0x00007ffb08f90000 - 0x00007ffb095d5000 	C:\WINDOWS\system32\windows.storage.dll
0x00007ffb0bfb0000 - 0x00007ffb0c002000 	C:\WINDOWS\system32\shlwapi.dll
0x00007ffb08880000 - 0x00007ffb0888f000 	C:\WINDOWS\system32\kernel.appcore.dll
0x00007ffb08a40000 - 0x00007ffb08af5000 	C:\WINDOWS\system32\shcore.dll
0x00007ffb08810000 - 0x00007ffb0885b000 	C:\WINDOWS\system32\powrprof.dll
0x00007ffb08860000 - 0x00007ffb08874000 	C:\WINDOWS\system32\profapi.dll

VM Arguments:
jvm_args: -Djava.awt.headless=true -Xmx1024M -Dfile.encoding=windows-1250 -Duser.country=PL -Duser.language=pl -Duser.variant 
java_command: com.android.dx.command.Main --dex --force-jumbo --num-threads=4 --multi-dex --output D:\Projects\AndroidStudioProjects\Nyndro\app\build\intermediates\transforms\dex\debug\folders\1000\10\com.android.support-cardview-v7-24.0.0_e482ed191ae8900ecb928a6467b4d4f0875d1ab1 D:\Projects\AndroidStudioProjects\Nyndro\app\build\intermediates\exploded-aar\com.android.support\cardview-v7\24.0.0\jars\classes.jar
java_class_path (initial): C:\Users\Marek\AppData\Local\Android\sdk\build-tools\23.0.3\lib\dx.jar
Launcher Type: SUN_STANDARD

Environment Variables:
JAVA_HOME=C:\Program Files\Java\jdk1.8.0
PATH=D:\oracledb\app\oracle\product\11.2.0\server\bin;;C:\ProgramData\Oracle\Java\javapath;C:\Program Files (x86)\Intel\iCLS Client\;C:\Program Files\Intel\iCLS Client\;C:\Windows\system32;C:\Windows;C:\Windows\System32\Wbem;C:\Windows\System32\WindowsPowerShell\v1.0\;C:\Program Files\Intel\WiFi\bin\;C:\Program Files\Common Files\Intel\WirelessCommon\;C:\Program Files\Intel\Intel(R) Management Engine Components\DAL;C:\Program Files\Intel\Intel(R) Management Engine Components\IPT;C:\Program Files (x86)\Intel\Intel(R) Management Engine Components\DAL;C:\Program Files (x86)\Intel\Intel(R) Management Engine Components\IPT;c:\Program Files (x86)\Microsoft SQL Server\100\Tools\Binn\;c:\Program Files\Microsoft SQL Server\100\Tools\Binn\;c:\Program Files\Microsoft SQL Server\100\DTS\Binn\;C:\Program Files (x86)\NVIDIA Corporation\PhysX\Common;C:\Program Files (x86)\IVI Foundation\VISA\WinNT\Bin;C:\WINDOWS\system32;C:\WINDOWS;C:\WINDOWS\System32\Wbem;C:\WINDOWS\System32\WindowsPowerShell\v1.0\;C:\Program Files (x86)\Skype\Phone\;C:\Program Files (x86)\Common Files\Seagate\SnapAPI\;C:\Program Files\Intel\WiFi\bin\;C:\Program Files\Common Files\Intel\WirelessCommon\;C:\Program Files (x86)\Common Files\Acronis\TibMounter64
USERNAME=Marek
OS=Windows_NT
PROCESSOR_IDENTIFIER=Intel64 Family 6 Model 60 Stepping 3, GenuineIntel



---------------  S Y S T E M  ---------------

OS: Windows 8.1 , 64 bit Build 9600 

CPU:total 8 (4 cores per cpu, 2 threads per core) family 6 model 60 stepping 3, cmov, cx8, fxsr, mmx, sse, sse2, sse3, ssse3, sse4.1, sse4.2, popcnt, avx, avx2, aes, clmul, erms, ht, tsc, tscinvbit

Memory: 4k page, physical 8337772k(892236k free), swap 10434924k(1192k free)

vm_info: Java HotSpot(TM) 64-Bit Server VM (25.0-b70) for windows-amd64 JRE (1.8.0-b132), built on Mar  4 2014 03:46:18 by "java_re" with MS VC++ 10.0 (VS2010)

time: Fri Jul 22 09:38:25 2016
elapsed time: 0 seconds

