#
# There is insufficient memory for the Java Runtime Environment to continue.
# Native memory allocation (malloc) failed to allocate 824720 bytes for Chunk::new
# Possible reasons:
#   The system is out of physical RAM or swap space
#   In 32 bit mode, the process size limit was hit
# Possible solutions:
#   Reduce memory load on the system
#   Increase physical memory or swap space
#   Check if swap backing store is full
#   Use 64 bit Java on a 64 bit OS
#   Decrease Java heap size (-Xmx/-Xms)
#   Decrease number of Java threads
#   Decrease Java thread stack sizes (-Xss)
#   Set larger code cache with -XX:ReservedCodeCacheSize=
# This output file may be truncated or incomplete.
#
#  Out of Memory Error (allocation.cpp:388), pid=5596, tid=204
#
# JRE version: Java(TM) SE Runtime Environment (8.0-b132) (build 1.8.0-b132)
# Java VM: Java HotSpot(TM) 64-Bit Server VM (25.0-b70 mixed mode windows-amd64 compressed oops)
# Failed to write core dump. Minidumps are not enabled by default on client versions of Windows
#

---------------  T H R E A D  ---------------

Current thread (0x00000000171c7000):  JavaThread "C2 CompilerThread0" daemon [_thread_in_native, id=204, stack(0x00000000177a0000,0x00000000178a0000)]

Stack: [0x00000000177a0000,0x00000000178a0000]
Native frames: (J=compiled Java code, j=interpreted, Vv=VM code, C=native code)
V  [jvm.dll+0x308e0a]
V  [jvm.dll+0x25df11]
V  [jvm.dll+0x25eb2f]
V  [jvm.dll+0x256505]
V  [jvm.dll+0xbcff5]
V  [jvm.dll+0xbd48c]
V  [jvm.dll+0x43ade2]
V  [jvm.dll+0x4af6c5]
V  [jvm.dll+0x4b02ff]
V  [jvm.dll+0x440f51]
V  [jvm.dll+0x4436c9]
V  [jvm.dll+0x427552]
V  [jvm.dll+0x96732]
V  [jvm.dll+0x96f23]
V  [jvm.dll+0x2232e4]
V  [jvm.dll+0x27baea]
C  [msvcr100.dll+0x21d9f]
C  [msvcr100.dll+0x21e3b]
C  [KERNEL32.DLL+0x18102]
C  [ntdll.dll+0x5c5b4]


Current CompileTask:
C2:   1162 1140       4       com.android.dx.ssa.SCCP::simulateStmt (481 bytes)


---------------  P R O C E S S  ---------------

Java Threads: ( => current thread )
  0x0000000017577000 JavaThread "pool-2-thread-4" [_thread_blocked, id=9128, stack(0x0000000019170000,0x0000000019270000)]
  0x0000000017e56000 JavaThread "pool-2-thread-3" [_thread_blocked, id=8992, stack(0x0000000019070000,0x0000000019170000)]
  0x0000000017e55800 JavaThread "pool-2-thread-2" [_thread_blocked, id=10376, stack(0x0000000018f70000,0x0000000019070000)]
  0x0000000017e6f000 JavaThread "pool-3-thread-1" [_thread_blocked, id=2436, stack(0x0000000018e70000,0x0000000018f70000)]
  0x000000001748e800 JavaThread "pool-2-thread-1" [_thread_blocked, id=8980, stack(0x0000000018d70000,0x0000000018e70000)]
  0x000000001725d800 JavaThread "Service Thread" daemon [_thread_blocked, id=11724, stack(0x0000000017ba0000,0x0000000017ca0000)]
  0x00000000171d4000 JavaThread "C1 CompilerThread3" daemon [_thread_blocked, id=4376, stack(0x0000000017aa0000,0x0000000017ba0000)]
  0x00000000171d1000 JavaThread "C2 CompilerThread2" daemon [_thread_in_native, id=9460, stack(0x00000000179a0000,0x0000000017aa0000)]
  0x00000000171c9000 JavaThread "C2 CompilerThread1" daemon [_thread_in_native, id=5860, stack(0x00000000178a0000,0x00000000179a0000)]
=>0x00000000171c7000 JavaThread "C2 CompilerThread0" daemon [_thread_in_native, id=204, stack(0x00000000177a0000,0x00000000178a0000)]
  0x00000000171c4800 JavaThread "Attach Listener" daemon [_thread_blocked, id=9924, stack(0x00000000176a0000,0x00000000177a0000)]
  0x00000000171c4000 JavaThread "Signal Dispatcher" daemon [_thread_blocked, id=12140, stack(0x00000000175a0000,0x00000000176a0000)]
  0x0000000002687000 JavaThread "Finalizer" daemon [_thread_blocked, id=4908, stack(0x0000000017090000,0x0000000017190000)]
  0x00000000151ac000 JavaThread "Reference Handler" daemon [_thread_blocked, id=10428, stack(0x0000000016f90000,0x0000000017090000)]
  0x000000000238d800 JavaThread "main" [_thread_in_Java, id=11392, stack(0x0000000002490000,0x0000000002590000)]

Other Threads:
  0x00000000151a8000 VMThread [stack: 0x0000000016e90000,0x0000000016f90000] [id=10532]
  0x000000001726f000 WatcherThread [stack: 0x0000000017ca0000,0x0000000017da0000] [id=11084]

VM state:not at safepoint (normal execution)

VM Mutex/Monitor currently owned by a thread: None

Heap:
 PSYoungGen      total 14336K, used 3211K [0x00000000eab00000, 0x00000000ebb00000, 0x0000000100000000)
  eden space 12288K, 26% used [0x00000000eab00000,0x00000000eae22e98,0x00000000eb700000)
  from space 2048K, 0% used [0x00000000eb900000,0x00000000eb900000,0x00000000ebb00000)
  to   space 2048K, 0% used [0x00000000eb700000,0x00000000eb700000,0x00000000eb900000)
 ParOldGen       total 9216K, used 5975K [0x00000000c0000000, 0x00000000c0900000, 0x00000000eab00000)
  object space 9216K, 64% used [0x00000000c0000000,0x00000000c05d5c98,0x00000000c0900000)
 Metaspace       used 5763K, capacity 6832K, committed 7040K, reserved 1056768K
  class space    used 592K, capacity 616K, committed 640K, reserved 1048576K

Card table byte_map: [0x0000000011a50000,0x0000000011c60000] byte_map_base: 0x0000000011450000

Marking Bits: (ParMarkBitMap*) 0x0000000059b113b0
 Begin Bits: [0x00000000125c0000, 0x00000000135c0000)
 End Bits:   [0x00000000135c0000, 0x00000000145c0000)

Polling page: 0x0000000000780000

CodeCache: size=245760Kb used=4585Kb max_used=4585Kb free=241174Kb
 bounds [0x0000000002690000, 0x0000000002b10000, 0x0000000011690000]
 total_blobs=1486 nmethods=1222 adapters=178
 compilation: enabled

Compilation events (10 events):
Event: 1.142 Thread 0x00000000171d4000 1247       3       java.util.TreeMap$Values::iterator (19 bytes)
Event: 1.142 Thread 0x00000000171d4000 nmethod 1247 0x0000000002b0c490 code [0x0000000002b0c620, 0x0000000002b0caf0]
Event: 1.142 Thread 0x00000000171d4000 1248       3       java.util.TreeMap$ValueIterator::<init> (12 bytes)
Event: 1.143 Thread 0x00000000171d4000 nmethod 1248 0x0000000002b0cd50 code [0x0000000002b0cec0, 0x0000000002b0d130]
Event: 1.143 Thread 0x00000000171d4000 1254       3       com.android.dx.ssa.LocalVariableInfo::addAssignment (43 bytes)
Event: 1.143 Thread 0x00000000171d4000 nmethod 1254 0x0000000002b0d250 code [0x0000000002b0d420, 0x0000000002b0db48]
Event: 1.143 Thread 0x00000000171d4000 1256       3       com.android.dx.dex.file.IdItem::<init> (24 bytes)
Event: 1.143 Thread 0x00000000171d4000 nmethod 1256 0x0000000002b0de90 code [0x0000000002b0e020, 0x0000000002b0e368]
Event: 1.143 Thread 0x00000000171d4000 1205       3       java.lang.Character::forDigit (42 bytes)
Event: 1.143 Thread 0x00000000171d4000 nmethod 1205 0x0000000002b0e4d0 code [0x0000000002b0e640, 0x0000000002b0e8d0]

GC Heap History (10 events):
Event: 0.559 GC heap before
{Heap before GC invocations=12 (full 1):
 PSYoungGen      total 7168K, used 7139K [0x00000000eab00000, 0x00000000eb500000, 0x0000000100000000)
  eden space 5632K, 100% used [0x00000000eab00000,0x00000000eb080000,0x00000000eb080000)
  from space 1536K, 98% used [0x00000000eb280000,0x00000000eb3f8e98,0x00000000eb400000)
  to   space 2048K, 0% used [0x00000000eb080000,0x00000000eb080000,0x00000000eb280000)
 ParOldGen       total 6656K, used 1782K [0x00000000c0000000, 0x00000000c0680000, 0x00000000eab00000)
  object space 6656K, 26% used [0x00000000c0000000,0x00000000c01bd950,0x00000000c0680000)
 Metaspace       used 5581K, capacity 6640K, committed 6784K, reserved 1056768K
  class space    used 591K, capacity 616K, committed 640K, reserved 1048576K
Event: 0.572 GC heap after
Heap after GC invocations=12 (full 1):
 PSYoungGen      total 7680K, used 1088K [0x00000000eab00000, 0x00000000eb700000, 0x0000000100000000)
  eden space 5632K, 0% used [0x00000000eab00000,0x00000000eab00000,0x00000000eb080000)
  from space 2048K, 53% used [0x00000000eb080000,0x00000000eb190000,0x00000000eb280000)
  to   space 2048K, 0% used [0x00000000eb500000,0x00000000eb500000,0x00000000eb700000)
 ParOldGen       total 6656K, used 2844K [0x00000000c0000000, 0x00000000c0680000, 0x00000000eab00000)
  object space 6656K, 42% used [0x00000000c0000000,0x00000000c02c7240,0x00000000c0680000)
 Metaspace       used 5581K, capacity 6640K, committed 6784K, reserved 1056768K
  class space    used 591K, capacity 616K, committed 640K, reserved 1048576K
}
Event: 0.666 GC heap before
{Heap before GC invocations=13 (full 1):
 PSYoungGen      total 7680K, used 6720K [0x00000000eab00000, 0x00000000eb700000, 0x0000000100000000)
  eden space 5632K, 100% used [0x00000000eab00000,0x00000000eb080000,0x00000000eb080000)
  from space 2048K, 53% used [0x00000000eb080000,0x00000000eb190000,0x00000000eb280000)
  to   space 2048K, 0% used [0x00000000eb500000,0x00000000eb500000,0x00000000eb700000)
 ParOldGen       total 6656K, used 2844K [0x00000000c0000000, 0x00000000c0680000, 0x00000000eab00000)
  object space 6656K, 42% used [0x00000000c0000000,0x00000000c02c7240,0x00000000c0680000)
 Metaspace       used 5623K, capacity 6704K, committed 6784K, reserved 1056768K
  class space    used 591K, capacity 616K, committed 640K, reserved 1048576K
Event: 0.672 GC heap after
Heap after GC invocations=13 (full 1):
 PSYoungGen      total 10240K, used 1184K [0x00000000eab00000, 0x00000000eb700000, 0x0000000100000000)
  eden space 8192K, 0% used [0x00000000eab00000,0x00000000eab00000,0x00000000eb300000)
  from space 2048K, 57% used [0x00000000eb500000,0x00000000eb628000,0x00000000eb700000)
  to   space 2048K, 0% used [0x00000000eb300000,0x00000000eb300000,0x00000000eb500000)
 ParOldGen       total 6656K, used 3763K [0x00000000c0000000, 0x00000000c0680000, 0x00000000eab00000)
  object space 6656K, 56% used [0x00000000c0000000,0x00000000c03acef8,0x00000000c0680000)
 Metaspace       used 5623K, capacity 6704K, committed 6784K, reserved 1056768K
  class space    used 591K, capacity 616K, committed 640K, reserved 1048576K
}
Event: 0.785 GC heap before
{Heap before GC invocations=14 (full 1):
 PSYoungGen      total 10240K, used 9376K [0x00000000eab00000, 0x00000000eb700000, 0x0000000100000000)
  eden space 8192K, 100% used [0x00000000eab00000,0x00000000eb300000,0x00000000eb300000)
  from space 2048K, 57% used [0x00000000eb500000,0x00000000eb628000,0x00000000eb700000)
  to   space 2048K, 0% used [0x00000000eb300000,0x00000000eb300000,0x00000000eb500000)
 ParOldGen       total 6656K, used 3763K [0x00000000c0000000, 0x00000000c0680000, 0x00000000eab00000)
  object space 6656K, 56% used [0x00000000c0000000,0x00000000c03acef8,0x00000000c0680000)
 Metaspace       used 5703K, capacity 6768K, committed 7040K, reserved 1056768K
  class space    used 592K, capacity 616K, committed 640K, reserved 1048576K
Event: 0.834 GC heap after
Heap after GC invocations=14 (full 1):
 PSYoungGen      total 10240K, used 1629K [0x00000000eab00000, 0x00000000ebb00000, 0x0000000100000000)
  eden space 8192K, 0% used [0x00000000eab00000,0x00000000eab00000,0x00000000eb300000)
  from space 2048K, 79% used [0x00000000eb300000,0x00000000eb4974d0,0x00000000eb500000)
  to   space 2048K, 0% used [0x00000000eb900000,0x00000000eb900000,0x00000000ebb00000)
 ParOldGen       total 6656K, used 4765K [0x00000000c0000000, 0x00000000c0680000, 0x00000000eab00000)
  object space 6656K, 71% used [0x00000000c0000000,0x00000000c04a7628,0x00000000c0680000)
 Metaspace       used 5703K, capacity 6768K, committed 7040K, reserved 1056768K
  class space    used 592K, capacity 616K, committed 640K, reserved 1048576K
}
Event: 0.904 GC heap before
{Heap before GC invocations=15 (full 1):
 PSYoungGen      total 10240K, used 9821K [0x00000000eab00000, 0x00000000ebb00000, 0x0000000100000000)
  eden space 8192K, 100% used [0x00000000eab00000,0x00000000eb300000,0x00000000eb300000)
  from space 2048K, 79% used [0x00000000eb300000,0x00000000eb4974d0,0x00000000eb500000)
  to   space 2048K, 0% used [0x00000000eb900000,0x00000000eb900000,0x00000000ebb00000)
 ParOldGen       total 6656K, used 4765K [0x00000000c0000000, 0x00000000c0680000, 0x00000000eab00000)
  object space 6656K, 71% used [0x00000000c0000000,0x00000000c04a7628,0x00000000c0680000)
 Metaspace       used 5751K, capacity 6768K, committed 7040K, reserved 1056768K
  class space    used 592K, capacity 616K, committed 640K, reserved 1048576K
Event: 0.964 GC heap after
Heap after GC invocations=15 (full 1):
 PSYoungGen      total 14336K, used 1216K [0x00000000eab00000, 0x00000000ebb00000, 0x0000000100000000)
  eden space 12288K, 0% used [0x00000000eab00000,0x00000000eab00000,0x00000000eb700000)
  from space 2048K, 59% used [0x00000000eb900000,0x00000000eba30000,0x00000000ebb00000)
  to   space 2048K, 0% used [0x00000000eb700000,0x00000000eb700000,0x00000000eb900000)
 ParOldGen       total 6656K, used 6165K [0x00000000c0000000, 0x00000000c0680000, 0x00000000eab00000)
  object space 6656K, 92% used [0x00000000c0000000,0x00000000c0605528,0x00000000c0680000)
 Metaspace       used 5751K, capacity 6768K, committed 7040K, reserved 1056768K
  class space    used 592K, capacity 616K, committed 640K, reserved 1048576K
}
Event: 0.964 GC heap before
{Heap before GC invocations=16 (full 2):
 PSYoungGen      total 14336K, used 1216K [0x00000000eab00000, 0x00000000ebb00000, 0x0000000100000000)
  eden space 12288K, 0% used [0x00000000eab00000,0x00000000eab00000,0x00000000eb700000)
  from space 2048K, 59% used [0x00000000eb900000,0x00000000eba30000,0x00000000ebb00000)
  to   space 2048K, 0% used [0x00000000eb700000,0x00000000eb700000,0x00000000eb900000)
 ParOldGen       total 6656K, used 6165K [0x00000000c0000000, 0x00000000c0680000, 0x00000000eab00000)
  object space 6656K, 92% used [0x00000000c0000000,0x00000000c0605528,0x00000000c0680000)
 Metaspace       used 5751K, capacity 6768K, committed 7040K, reserved 1056768K
  class space    used 592K, capacity 616K, committed 640K, reserved 1048576K
Event: 1.082 GC heap after
Heap after GC invocations=16 (full 2):
 PSYoungGen      total 14336K, used 0K [0x00000000eab00000, 0x00000000ebb00000, 0x0000000100000000)
  eden space 12288K, 0% used [0x00000000eab00000,0x00000000eab00000,0x00000000eb700000)
  from space 2048K, 0% used [0x00000000eb900000,0x00000000eb900000,0x00000000ebb00000)
  to   space 2048K, 0% used [0x00000000eb700000,0x00000000eb700000,0x00000000eb900000)
 ParOldGen       total 9216K, used 5975K [0x00000000c0000000, 0x00000000c0900000, 0x00000000eab00000)
  object space 9216K, 64% used [0x00000000c0000000,0x00000000c05d5c98,0x00000000c0900000)
 Metaspace       used 5751K, capacity 6768K, committed 7040K, reserved 1056768K
  class space    used 592K, capacity 616K, committed 640K, reserved 1048576K
}

Deoptimization events (2 events):
Event: 0.450 Thread 0x0000000017577000 Uncommon trap: reason=bimorphic action=maybe_recompile pc=0x00000000028b0c10 method=java.util.HashMap.getNode(ILjava/lang/Object;)Ljava/util/HashMap$Node; @ 126
Event: 1.111 Thread 0x000000000238d800 Uncommon trap: reason=unreached action=reinterpret pc=0x00000000028cc29c method=com.android.dx.rop.cst.Constant.compareTo(Lcom/android/dx/rop/cst/Constant;)I @ 12

Internal exceptions (10 events):
Event: 0.435 Thread 0x000000001748e800 Exception <a 'java/security/PrivilegedActionException'> (0x00000000eada63b0) thrown at [D:\re\workspace\8-2-build-windows-amd64-cygwin\jdk8\2238\hotspot\src\share\vm\prims\jvm.cpp, line 1248]
Event: 0.436 Thread 0x0000000017e56000 Exception <a 'java/security/PrivilegedActionException'> (0x00000000eac468e8) thrown at [D:\re\workspace\8-2-build-windows-amd64-cygwin\jdk8\2238\hotspot\src\share\vm\prims\jvm.cpp, line 1248]
Event: 0.437 Thread 0x0000000017e56000 Exception <a 'java/security/PrivilegedActionException'> (0x00000000eadb9400) thrown at [D:\re\workspace\8-2-build-windows-amd64-cygwin\jdk8\2238\hotspot\src\share\vm\prims\jvm.cpp, line 1248]
Event: 0.437 Thread 0x0000000017e56000 Exception <a 'java/security/PrivilegedActionException'> (0x00000000eadc4e28) thrown at [D:\re\workspace\8-2-build-windows-amd64-cygwin\jdk8\2238\hotspot\src\share\vm\prims\jvm.cpp, line 1248]
Event: 0.438 Thread 0x0000000017577000 Exception <a 'java/security/PrivilegedActionException'> (0x00000000eada8280) thrown at [D:\re\workspace\8-2-build-windows-amd64-cygwin\jdk8\2238\hotspot\src\share\vm\prims\jvm.cpp, line 1248]
Event: 0.441 Thread 0x000000000238d800 Exception <a 'java/security/PrivilegedActionException'> (0x00000000eade3bf8) thrown at [D:\re\workspace\8-2-build-windows-amd64-cygwin\jdk8\2238\hotspot\src\share\vm\prims\jvm.cpp, line 1248]
Event: 0.466 Thread 0x0000000017e56000 Exception <a 'java/security/PrivilegedActionException'> (0x00000000eabd8328) thrown at [D:\re\workspace\8-2-build-windows-amd64-cygwin\jdk8\2238\hotspot\src\share\vm\prims\jvm.cpp, line 1248]
Event: 0.468 Thread 0x0000000017577000 Exception <a 'java/security/PrivilegedActionException'> (0x00000000eac16418) thrown at [D:\re\workspace\8-2-build-windows-amd64-cygwin\jdk8\2238\hotspot\src\share\vm\prims\jvm.cpp, line 1248]
Event: 0.494 Thread 0x0000000017e56000 Exception <a 'java/security/PrivilegedActionException'> (0x00000000eadcdc88) thrown at [D:\re\workspace\8-2-build-windows-amd64-cygwin\jdk8\2238\hotspot\src\share\vm\prims\jvm.cpp, line 1248]
Event: 0.505 Thread 0x000000000238d800 Exception <a 'java/security/PrivilegedActionException'> (0x00000000eae925e8) thrown at [D:\re\workspace\8-2-build-windows-amd64-cygwin\jdk8\2238\hotspot\src\share\vm\prims\jvm.cpp, line 1248]

Events (10 events):
Event: 0.672 Executing VM operation: ParallelGCFailedAllocation done
Event: 0.691 loading class java/util/DualPivotQuicksort
Event: 0.692 loading class java/util/DualPivotQuicksort done
Event: 0.779 Executing VM operation: ParallelGCFailedAllocation
Event: 0.835 Executing VM operation: ParallelGCFailedAllocation done
Event: 0.904 Executing VM operation: ParallelGCFailedAllocation
Event: 1.082 Executing VM operation: ParallelGCFailedAllocation done
Event: 1.111 Thread 0x000000000238d800 Uncommon trap: trap_request=0xffffffad fr.pc=0x00000000028cc29c
Event: 1.111 Thread 0x000000000238d800 DEOPT PACKING pc=0x00000000028cc29c sp=0x000000000258e1b0
Event: 1.111 Thread 0x000000000238d800 DEOPT UNPACKING pc=0x00000000026d55af sp=0x000000000258e150 mode 2


Dynamic libraries:
0x00007ff627de0000 - 0x00007ff627e14000 	C:\Program Files\Java\jdk1.8.0\bin\java.exe
0x00007ffb0c200000 - 0x00007ffb0c3c1000 	C:\WINDOWS\SYSTEM32\ntdll.dll
0x00007ffb0b830000 - 0x00007ffb0b8dd000 	C:\WINDOWS\system32\KERNEL32.DLL
0x00007ffb08b00000 - 0x00007ffb08ce8000 	C:\WINDOWS\system32\KERNELBASE.dll
0x00007ffb0b770000 - 0x00007ffb0b817000 	C:\WINDOWS\system32\ADVAPI32.dll
0x00007ffb0bf10000 - 0x00007ffb0bfad000 	C:\WINDOWS\system32\msvcrt.dll
0x00007ffb0b8e0000 - 0x00007ffb0b93b000 	C:\WINDOWS\system32\sechost.dll
0x00007ffb097b0000 - 0x00007ffb098cc000 	C:\WINDOWS\system32\RPCRT4.dll
0x00007ffb0b060000 - 0x00007ffb0b1b6000 	C:\WINDOWS\system32\USER32.dll
0x00007ffb0bd80000 - 0x00007ffb0bf06000 	C:\WINDOWS\system32\GDI32.dll
0x00007ffb05130000 - 0x00007ffb053a4000 	C:\WINDOWS\WinSxS\amd64_microsoft.windows.common-controls_6595b64144ccf1df_6.0.10586.494_none_a2d8b04ea53e3145\COMCTL32.dll
0x00007ffb0baf0000 - 0x00007ffb0bd6d000 	C:\WINDOWS\system32\combase.dll
0x00007ffb089d0000 - 0x00007ffb08a3a000 	C:\WINDOWS\system32\bcryptPrimitives.dll
0x00007ffb0b020000 - 0x00007ffb0b05b000 	C:\WINDOWS\system32\IMM32.DLL
0x000000005a830000 - 0x000000005a902000 	C:\Program Files\Java\jdk1.8.0\jre\bin\msvcr100.dll
0x0000000059360000 - 0x0000000059b8a000 	C:\Program Files\Java\jdk1.8.0\jre\bin\server\jvm.dll
0x00007ffb0bd70000 - 0x00007ffb0bd78000 	C:\WINDOWS\system32\PSAPI.DLL
0x00007ffafde90000 - 0x00007ffafde99000 	C:\WINDOWS\SYSTEM32\WSOCK32.dll
0x00007ffb098d0000 - 0x00007ffb0993b000 	C:\WINDOWS\system32\WS2_32.dll
0x00007ffb06e60000 - 0x00007ffb06e83000 	C:\WINDOWS\SYSTEM32\WINMM.dll
0x00007ffb06e00000 - 0x00007ffb06e2c000 	C:\WINDOWS\SYSTEM32\WINMMBASE.dll
0x00007ffb08f20000 - 0x00007ffb08f63000 	C:\WINDOWS\system32\cfgmgr32.dll
0x000000005bae0000 - 0x000000005baef000 	C:\Program Files\Java\jdk1.8.0\jre\bin\verify.dll
0x000000005b990000 - 0x000000005b9b8000 	C:\Program Files\Java\jdk1.8.0\jre\bin\java.dll
0x000000005ad90000 - 0x000000005ada6000 	C:\Program Files\Java\jdk1.8.0\jre\bin\zip.dll
0x00007ffb09ac0000 - 0x00007ffb0b01c000 	C:\WINDOWS\system32\SHELL32.dll
0x00007ffb08f90000 - 0x00007ffb095d5000 	C:\WINDOWS\system32\windows.storage.dll
0x00007ffb0bfb0000 - 0x00007ffb0c002000 	C:\WINDOWS\system32\shlwapi.dll
0x00007ffb08880000 - 0x00007ffb0888f000 	C:\WINDOWS\system32\kernel.appcore.dll
0x00007ffb08a40000 - 0x00007ffb08af5000 	C:\WINDOWS\system32\shcore.dll
0x00007ffb08810000 - 0x00007ffb0885b000 	C:\WINDOWS\system32\powrprof.dll
0x00007ffb08860000 - 0x00007ffb08874000 	C:\WINDOWS\system32\profapi.dll
0x00007ffb04b00000 - 0x00007ffb04c8c000 	C:\WINDOWS\SYSTEM32\dbghelp.dll

VM Arguments:
jvm_args: -Djava.awt.headless=true -Xmx1024M -Dfile.encoding=windows-1250 -Duser.country=PL -Duser.language=pl -Duser.variant 
java_command: com.android.dx.command.Main --dex --force-jumbo --num-threads=4 --multi-dex --output D:\Projects\AndroidStudioProjects\Nyndro\app\build\intermediates\transforms\dex\debug\folders\1000\10\com.android.support-appcompat-v7-24.0.0_36fbe5656dd44430978c1b7f49c8f5beec5b4eba D:\Projects\AndroidStudioProjects\Nyndro\app\build\intermediates\exploded-aar\com.android.support\appcompat-v7\24.0.0\jars\classes.jar
java_class_path (initial): C:\Users\Marek\AppData\Local\Android\sdk\build-tools\23.0.3\lib\dx.jar
Launcher Type: SUN_STANDARD

Environment Variables:
JAVA_HOME=C:\Program Files\Java\jdk1.8.0
PATH=D:\oracledb\app\oracle\product\11.2.0\server\bin;;C:\ProgramData\Oracle\Java\javapath;C:\Program Files (x86)\Intel\iCLS Client\;C:\Program Files\Intel\iCLS Client\;C:\Windows\system32;C:\Windows;C:\Windows\System32\Wbem;C:\Windows\System32\WindowsPowerShell\v1.0\;C:\Program Files\Intel\WiFi\bin\;C:\Program Files\Common Files\Intel\WirelessCommon\;C:\Program Files\Intel\Intel(R) Management Engine Components\DAL;C:\Program Files\Intel\Intel(R) Management Engine Components\IPT;C:\Program Files (x86)\Intel\Intel(R) Management Engine Components\DAL;C:\Program Files (x86)\Intel\Intel(R) Management Engine Components\IPT;c:\Program Files (x86)\Microsoft SQL Server\100\Tools\Binn\;c:\Program Files\Microsoft SQL Server\100\Tools\Binn\;c:\Program Files\Microsoft SQL Server\100\DTS\Binn\;C:\Program Files (x86)\NVIDIA Corporation\PhysX\Common;C:\Program Files (x86)\IVI Foundation\VISA\WinNT\Bin;C:\WINDOWS\system32;C:\WINDOWS;C:\WINDOWS\System32\Wbem;C:\WINDOWS\System32\WindowsPowerShell\v1.0\;C:\Program Files (x86)\Skype\Phone\;C:\Program Files (x86)\Common Files\Seagate\SnapAPI\;C:\Program Files\Intel\WiFi\bin\;C:\Program Files\Common Files\Intel\WirelessCommon\;C:\Program Files (x86)\Common Files\Acronis\TibMounter64
USERNAME=Marek
OS=Windows_NT
PROCESSOR_IDENTIFIER=Intel64 Family 6 Model 60 Stepping 3, GenuineIntel



---------------  S Y S T E M  ---------------

OS: Windows 8.1 , 64 bit Build 9600 

CPU:total 8 (4 cores per cpu, 2 threads per core) family 6 model 60 stepping 3, cmov, cx8, fxsr, mmx, sse, sse2, sse3, ssse3, sse4.1, sse4.2, popcnt, avx, avx2, aes, clmul, erms, ht, tsc, tscinvbit

Memory: 4k page, physical 8337772k(825804k free), swap 10434924k(5168k free)

vm_info: Java HotSpot(TM) 64-Bit Server VM (25.0-b70) for windows-amd64 JRE (1.8.0-b132), built on Mar  4 2014 03:46:18 by "java_re" with MS VC++ 10.0 (VS2010)

time: Fri Jul 22 09:38:49 2016
elapsed time: 1 seconds

