#
# There is insufficient memory for the Java Runtime Environment to continue.
# Native memory allocation (malloc) failed to allocate 32744 bytes for ChunkPool::allocate
# Possible reasons:
#   The system is out of physical RAM or swap space
#   In 32 bit mode, the process size limit was hit
# Possible solutions:
#   Reduce memory load on the system
#   Increase physical memory or swap space
#   Check if swap backing store is full
#   Use 64 bit Java on a 64 bit OS
#   Decrease Java heap size (-Xmx/-Xms)
#   Decrease number of Java threads
#   Decrease Java thread stack sizes (-Xss)
#   Set larger code cache with -XX:ReservedCodeCacheSize=
# This output file may be truncated or incomplete.
#
#  Out of Memory Error (allocation.cpp:271), pid=4272, tid=5020
#
# JRE version: Java(TM) SE Runtime Environment (8.0-b132) (build 1.8.0-b132)
# Java VM: Java HotSpot(TM) 64-Bit Server VM (25.0-b70 mixed mode windows-amd64 compressed oops)
# Failed to write core dump. Minidumps are not enabled by default on client versions of Windows
#

---------------  T H R E A D  ---------------

Current thread (0x0000000017ab9000):  JavaThread "C2 CompilerThread1" daemon [_thread_in_vm, id=5020, stack(0x0000000018190000,0x0000000018290000)]

Stack: [0x0000000018190000,0x0000000018290000]
Native frames: (J=compiled Java code, j=interpreted, Vv=VM code, C=native code)
V  [jvm.dll+0x308e0a]


---------------  P R O C E S S  ---------------

Java Threads: ( => current thread )
  0x0000000017b33000 JavaThread "Service Thread" daemon [_thread_blocked, id=5452, stack(0x0000000018490000,0x0000000018590000)]
  0x0000000017ac2000 JavaThread "C1 CompilerThread3" daemon [_thread_in_vm, id=6908, stack(0x0000000018390000,0x0000000018490000)]
  0x0000000017ac1000 JavaThread "C2 CompilerThread2" daemon [_thread_blocked, id=8420, stack(0x0000000018290000,0x0000000018390000)]
=>0x0000000017ab9000 JavaThread "C2 CompilerThread1" daemon [_thread_in_vm, id=5020, stack(0x0000000018190000,0x0000000018290000)]
  0x0000000017ab7000 JavaThread "C2 CompilerThread0" daemon [_thread_blocked, id=2968, stack(0x0000000018090000,0x0000000018190000)]
  0x0000000017ab4800 JavaThread "Attach Listener" daemon [_thread_blocked, id=12088, stack(0x0000000017f90000,0x0000000018090000)]
  0x0000000017ab4000 JavaThread "Signal Dispatcher" daemon [_thread_blocked, id=1696, stack(0x0000000017e90000,0x0000000017f90000)]
  0x0000000002f97000 JavaThread "Finalizer" daemon [_thread_blocked, id=1924, stack(0x0000000017990000,0x0000000017a90000)]
  0x0000000015abc000 JavaThread "Reference Handler" daemon [_thread_blocked, id=7456, stack(0x0000000017890000,0x0000000017990000)]
  0x000000000150d800 JavaThread "main" [_thread_blocked, id=10180, stack(0x0000000002cd0000,0x0000000002dd0000)]

Other Threads:
  0x0000000015ab8000 VMThread [stack: 0x0000000017790000,0x0000000017890000] [id=5912]

VM state:synchronizing (normal execution)

VM Mutex/Monitor currently owned by a thread:  ([mutex/lock_event])
[0x000000000150d0e0] Threads_lock - owner thread: 0x0000000015ab8000
[0x000000000150cb60] Heap_lock - owner thread: 0x000000000150d800

Heap:
 PSYoungGen      total 1024K, used 512K [0x00000000eab00000, 0x00000000eac80000, 0x0000000100000000)
  eden space 512K, 100% used [0x00000000eab00000,0x00000000eab80000,0x00000000eab80000)
  from space 512K, 0% used [0x00000000eac00000,0x00000000eac00000,0x00000000eac80000)
  to   space 512K, 0% used [0x00000000eab80000,0x00000000eab80000,0x00000000eac00000)
 ParOldGen       total 129536K, used 0K [0x00000000c0000000, 0x00000000c7e80000, 0x00000000eab00000)
  object space 129536K, 0% used [0x00000000c0000000,0x00000000c0000000,0x00000000c7e80000)
 Metaspace       used 2520K, capacity 4480K, committed 4480K, reserved 1056768K
  class space    used 274K, capacity 384K, committed 384K, reserved 1048576K

Card table byte_map: [0x0000000012360000,0x0000000012570000] byte_map_base: 0x0000000011d60000

Marking Bits: (ParMarkBitMap*) 0x0000000059b113b0
 Begin Bits: [0x0000000012ed0000, 0x0000000013ed0000)
 End Bits:   [0x0000000013ed0000, 0x0000000014ed0000)

Polling page: 0x00000000014f0000

CodeCache: size=245760Kb used=1042Kb max_used=1042Kb free=244717Kb
 bounds [0x0000000002fa0000, 0x0000000003210000, 0x0000000011fa0000]
 total_blobs=192 nmethods=1 adapters=146
 compilation: enabled

Compilation events (0 events):
No events

GC Heap History (0 events):
No events

Deoptimization events (0 events):
No events

Internal exceptions (3 events):
Event: 0.030 Thread 0x000000000150d800 Exception <a 'java/lang/NoSuchMethodError': Method sun.misc.Unsafe.defineClass(Ljava/lang/String;[BII)Ljava/lang/Class; name or signature does not match> (0x00000000eab14bc8) thrown at [D:\re\workspace\8-2-build-windows-amd64-cygwin\jdk8\2238\hotspot\src\s$wèªS"Ÿ?
Event: 0.030 Thread 0x000000000150d800 Exception <a 'java/lang/NoSuchMethodError': Method sun.misc.Unsafe.prefetchRead(Ljava/lang/Object;J)V name or signature does not match> (0x00000000eab14e58) thrown at [D:\re\workspace\8-2-build-windows-amd64-cygwin\jdk8\2238\hotspot\src\share\vm\prims\jni.	÷·³¼$¯?
Event: 0.061 Thread 0x000000000150d800 Exception <a 'java/security/PrivilegedActionException'> (0x00000000eab62008) thrown at [D:\re\workspace\8-2-build-windows-amd64-cygwin\jdk8\2238\hotspot\src\share\vm\prims\jvm.cpp, line 1248]

Events (10 events):
Event: 0.065 loading class sun/util/calendar/ZoneInfo done
Event: 0.065 loading class sun/util/calendar/ZoneInfoFile
Event: 0.065 loading class sun/util/calendar/ZoneInfoFile done
Event: 0.065 loading class sun/util/calendar/ZoneInfoFile$1
Event: 0.066 loading class sun/util/calendar/ZoneInfoFile$1 done
Event: 0.066 loading class java/io/DataInputStream
Event: 0.066 loading class java/io/DataInput
Event: 0.066 loading class java/io/DataInput done
Event: 0.066 loading class java/io/DataInputStream done
Event: 0.067 Executing VM operation: ParallelGCFailedAllocation


Dynamic libraries:
0x00007ff627de0000 - 0x00007ff627e14000 	C:\Program Files\Java\jdk1.8.0\bin\java.exe
0x00007ffb0c200000 - 0x00007ffb0c3c1000 	C:\WINDOWS\SYSTEM32\ntdll.dll
0x00007ffb0b830000 - 0x00007ffb0b8dd000 	C:\WINDOWS\system32\KERNEL32.DLL
0x00007ffb08b00000 - 0x00007ffb08ce8000 	C:\WINDOWS\system32\KERNELBASE.dll
0x00007ffb0b770000 - 0x00007ffb0b817000 	C:\WINDOWS\system32\ADVAPI32.dll
0x00007ffb0bf10000 - 0x00007ffb0bfad000 	C:\WINDOWS\system32\msvcrt.dll
0x00007ffb0b8e0000 - 0x00007ffb0b93b000 	C:\WINDOWS\system32\sechost.dll
0x00007ffb097b0000 - 0x00007ffb098cc000 	C:\WINDOWS\system32\RPCRT4.dll
0x00007ffb0b060000 - 0x00007ffb0b1b6000 	C:\WINDOWS\system32\USER32.dll
0x00007ffb0bd80000 - 0x00007ffb0bf06000 	C:\WINDOWS\system32\GDI32.dll
0x00007ffb05130000 - 0x00007ffb053a4000 	C:\WINDOWS\WinSxS\amd64_microsoft.windows.common-controls_6595b64144ccf1df_6.0.10586.494_none_a2d8b04ea53e3145\COMCTL32.dll
0x00007ffb0baf0000 - 0x00007ffb0bd6d000 	C:\WINDOWS\system32\combase.dll
0x00007ffb089d0000 - 0x00007ffb08a3a000 	C:\WINDOWS\system32\bcryptPrimitives.dll
0x00007ffb0b020000 - 0x00007ffb0b05b000 	C:\WINDOWS\system32\IMM32.DLL
0x000000005a830000 - 0x000000005a902000 	C:\Program Files\Java\jdk1.8.0\jre\bin\msvcr100.dll
0x0000000059360000 - 0x0000000059b8a000 	C:\Program Files\Java\jdk1.8.0\jre\bin\server\jvm.dll
0x00007ffb0bd70000 - 0x00007ffb0bd78000 	C:\WINDOWS\system32\PSAPI.DLL
0x00007ffb06e60000 - 0x00007ffb06e83000 	C:\WINDOWS\SYSTEM32\WINMM.dll
0x00007ffafde90000 - 0x00007ffafde99000 	C:\WINDOWS\SYSTEM32\WSOCK32.dll
0x00007ffb098d0000 - 0x00007ffb0993b000 	C:\WINDOWS\system32\WS2_32.dll
0x00007ffb06e00000 - 0x00007ffb06e2c000 	C:\WINDOWS\SYSTEM32\WINMMBASE.dll
0x00007ffb08f20000 - 0x00007ffb08f63000 	C:\WINDOWS\system32\cfgmgr32.dll
0x000000005bae0000 - 0x000000005baef000 	C:\Program Files\Java\jdk1.8.0\jre\bin\verify.dll
0x000000005b990000 - 0x000000005b9b8000 	C:\Program Files\Java\jdk1.8.0\jre\bin\java.dll
0x000000005ad90000 - 0x000000005ada6000 	C:\Program Files\Java\jdk1.8.0\jre\bin\zip.dll
0x00007ffb09ac0000 - 0x00007ffb0b01c000 	C:\WINDOWS\system32\SHELL32.dll
0x00007ffb08f90000 - 0x00007ffb095d5000 	C:\WINDOWS\system32\windows.storage.dll
0x00007ffb0bfb0000 - 0x00007ffb0c002000 	C:\WINDOWS\system32\shlwapi.dll
0x00007ffb08880000 - 0x00007ffb0888f000 	C:\WINDOWS\system32\kernel.appcore.dll
0x00007ffb08a40000 - 0x00007ffb08af5000 	C:\WINDOWS\system32\shcore.dll
0x00007ffb08810000 - 0x00007ffb0885b000 	C:\WINDOWS\system32\powrprof.dll
0x00007ffb08860000 - 0x00007ffb08874000 	C:\WINDOWS\system32\profapi.dll

VM Arguments:
jvm_args: -Djava.awt.headless=true -Xmx1024M -Dfile.encoding=windows-1250 -Duser.country=PL -Duser.language=pl -Duser.variant 
java_command: com.android.dx.command.Main --dex --force-jumbo --num-threads=4 --multi-dex --output D:\Projects\AndroidStudioProjects\Nyndro\app\build\intermediates\transforms\dex\debug\folders\1000\10\com.android.support-support-vector-drawable-24.0.0_dea0c9accd67418577d62f0369a13fa666c64279 D:\Projects\AndroidStudioProjects\Nyndro\app\build\intermediates\exploded-aar\com.android.support\support-vector-drawable\24.0.0\jars\classes.jar
java_class_path (initial): C:\Users\Marek\AppData\Local\Android\sdk\build-tools\23.0.3\lib\dx.jar
Launcher Type: SUN_STANDARD

Environment Variables:
JAVA_HOME=C:\Program Files\Java\jdk1.8.0
PATH=D:\oracledb\app\oracle\product\11.2.0\server\bin;;C:\ProgramData\Oracle\Java\javapath;C:\Program Files (x86)\Intel\iCLS Client\;C:\Program Files\Intel\iCLS Client\;C:\Windows\system32;C:\Windows;C:\Windows\System32\Wbem;C:\Windows\System32\WindowsPowerShell\v1.0\;C:\Program Files\Intel\WiFi\bin\;C:\Program Files\Common Files\Intel\WirelessCommon\;C:\Program Files\Intel\Intel(R) Management Engine Components\DAL;C:\Program Files\Intel\Intel(R) Management Engine Components\IPT;C:\Program Files (x86)\Intel\Intel(R) Management Engine Components\DAL;C:\Program Files (x86)\Intel\Intel(R) Management Engine Components\IPT;c:\Program Files (x86)\Microsoft SQL Server\100\Tools\Binn\;c:\Program Files\Microsoft SQL Server\100\Tools\Binn\;c:\Program Files\Microsoft SQL Server\100\DTS\Binn\;C:\Program Files (x86)\NVIDIA Corporation\PhysX\Common;C:\Program Files (x86)\IVI Foundation\VISA\WinNT\Bin;C:\WINDOWS\system32;C:\WINDOWS;C:\WINDOWS\System32\Wbem;C:\WINDOWS\System32\WindowsPowerShell\v1.0\;C:\Program Files (x86)\Skype\Phone\;C:\Program Files (x86)\Common Files\Seagate\SnapAPI\;C:\Program Files\Intel\WiFi\bin\;C:\Program Files\Common Files\Intel\WirelessCommon\;C:\Program Files (x86)\Common Files\Acronis\TibMounter64
USERNAME=Marek
OS=Windows_NT
PROCESSOR_IDENTIFIER=Intel64 Family 6 Model 60 Stepping 3, GenuineIntel



---------------  S Y S T E M  ---------------

OS: Windows 8.1 , 64 bit Build 9600 

CPU:total 8 (4 cores per cpu, 2 threads per core) family 6 model 60 stepping 3, cmov, cx8, fxsr, mmx, sse, sse2, sse3, ssse3, sse4.1, sse4.2, popcnt, avx, avx2, aes, clmul, erms, ht, tsc, tscinvbit

Memory: 4k page, physical 8337772k(892236k free), swap 10434924k(1192k free)

vm_info: Java HotSpot(TM) 64-Bit Server VM (25.0-b70) for windows-amd64 JRE (1.8.0-b132), built on Mar  4 2014 03:46:18 by "java_re" with MS VC++ 10.0 (VS2010)

time: Fri Jul 22 09:38:25 2016
elapsed time: 0 seconds

